{"/Users/yevgenschweden/sololevel/packages/api/src/index.ts": {"path":"/Users/yevgenschweden/sololevel/packages/api/src/index.ts","all":true,"statementMap":{"1":{"start":{"line":2,"column":0},"end":{"line":2,"column":37}},"5":{"start":{"line":6,"column":0},"end":{"line":6,"column":28}},"8":{"start":{"line":9,"column":0},"end":{"line":9,"column":33}},"14":{"start":{"line":15,"column":0},"end":{"line":15,"column":31}},"15":{"start":{"line":16,"column":0},"end":{"line":16,"column":49}},"16":{"start":{"line":17,"column":0},"end":{"line":17,"column":52}}},"s":{"1":0,"5":0,"8":0,"14":0,"15":0,"16":0},"branchMap":{"0":{"type":"branch","line":1,"loc":{"start":{"line":1,"column":492},"end":{"line":17,"column":52}},"locations":[{"start":{"line":1,"column":492},"end":{"line":17,"column":52}}]}},"b":{"0":[1]},"fnMap":{"0":{"name":"(empty-report)","decl":{"start":{"line":1,"column":492},"end":{"line":17,"column":52}},"loc":{"start":{"line":1,"column":492},"end":{"line":17,"column":52}},"line":1}},"f":{"0":1}}
,"/Users/yevgenschweden/sololevel/packages/api/src/supabase-errors.ts": {"path":"/Users/yevgenschweden/sololevel/packages/api/src/supabase-errors.ts","all":true,"statementMap":{"18":{"start":{"line":19,"column":0},"end":{"line":19,"column":99}},"19":{"start":{"line":20,"column":0},"end":{"line":20,"column":32}},"21":{"start":{"line":22,"column":0},"end":{"line":22,"column":14}},"23":{"start":{"line":24,"column":0},"end":{"line":24,"column":52}},"24":{"start":{"line":25,"column":0},"end":{"line":25,"column":12}},"25":{"start":{"line":26,"column":0},"end":{"line":26,"column":23}},"26":{"start":{"line":27,"column":0},"end":{"line":27,"column":29}},"27":{"start":{"line":28,"column":0},"end":{"line":28,"column":29}},"28":{"start":{"line":29,"column":0},"end":{"line":29,"column":42}},"29":{"start":{"line":30,"column":0},"end":{"line":30,"column":6}},"31":{"start":{"line":32,"column":0},"end":{"line":32,"column":12}},"32":{"start":{"line":33,"column":0},"end":{"line":33,"column":21}},"33":{"start":{"line":34,"column":0},"end":{"line":34,"column":22}},"34":{"start":{"line":35,"column":0},"end":{"line":35,"column":50}},"35":{"start":{"line":36,"column":0},"end":{"line":36,"column":24}},"36":{"start":{"line":37,"column":0},"end":{"line":37,"column":5}},"37":{"start":{"line":38,"column":0},"end":{"line":38,"column":3}},"39":{"start":{"line":40,"column":0},"end":{"line":40,"column":10}},"40":{"start":{"line":41,"column":0},"end":{"line":41,"column":18}},"41":{"start":{"line":42,"column":0},"end":{"line":42,"column":20}},"42":{"start":{"line":43,"column":0},"end":{"line":43,"column":23}},"43":{"start":{"line":44,"column":0},"end":{"line":44,"column":3}},"44":{"start":{"line":45,"column":0},"end":{"line":45,"column":1}},"49":{"start":{"line":50,"column":0},"end":{"line":50,"column":69}},"50":{"start":{"line":51,"column":0},"end":{"line":51,"column":23}},"51":{"start":{"line":52,"column":0},"end":{"line":52,"column":37}},"52":{"start":{"line":53,"column":0},"end":{"line":53,"column":28}},"54":{"start":{"line":55,"column":0},"end":{"line":55,"column":37}},"55":{"start":{"line":56,"column":0},"end":{"line":56,"column":52}},"57":{"start":{"line":58,"column":0},"end":{"line":58,"column":48}},"58":{"start":{"line":59,"column":0},"end":{"line":59,"column":39}},"60":{"start":{"line":61,"column":0},"end":{"line":61,"column":53}},"61":{"start":{"line":62,"column":0},"end":{"line":62,"column":57}},"63":{"start":{"line":64,"column":0},"end":{"line":64,"column":49}},"64":{"start":{"line":65,"column":0},"end":{"line":65,"column":64}},"66":{"start":{"line":67,"column":0},"end":{"line":67,"column":57}},"67":{"start":{"line":68,"column":0},"end":{"line":68,"column":42}},"69":{"start":{"line":70,"column":0},"end":{"line":70,"column":42}},"70":{"start":{"line":71,"column":0},"end":{"line":71,"column":52}},"72":{"start":{"line":73,"column":0},"end":{"line":73,"column":12}},"74":{"start":{"line":75,"column":0},"end":{"line":75,"column":62}},"75":{"start":{"line":76,"column":0},"end":{"line":76,"column":3}},"76":{"start":{"line":77,"column":0},"end":{"line":77,"column":1}},"81":{"start":{"line":82,"column":0},"end":{"line":82,"column":47}},"82":{"start":{"line":83,"column":0},"end":{"line":83,"column":46}},"83":{"start":{"line":84,"column":0},"end":{"line":84,"column":17}},"84":{"start":{"line":85,"column":0},"end":{"line":85,"column":26}},"85":{"start":{"line":86,"column":0},"end":{"line":86,"column":7}},"86":{"start":{"line":87,"column":0},"end":{"line":87,"column":36}},"87":{"start":{"line":88,"column":0},"end":{"line":88,"column":48}},"88":{"start":{"line":89,"column":0},"end":{"line":89,"column":19}},"89":{"start":{"line":90,"column":0},"end":{"line":90,"column":59}},"91":{"start":{"line":92,"column":0},"end":{"line":92,"column":12}},"92":{"start":{"line":93,"column":0},"end":{"line":93,"column":21}},"93":{"start":{"line":94,"column":0},"end":{"line":94,"column":22}},"94":{"start":{"line":95,"column":0},"end":{"line":95,"column":65}},"95":{"start":{"line":96,"column":0},"end":{"line":96,"column":32}},"96":{"start":{"line":97,"column":0},"end":{"line":97,"column":5}},"97":{"start":{"line":98,"column":0},"end":{"line":98,"column":3}},"98":{"start":{"line":99,"column":0},"end":{"line":99,"column":1}},"103":{"start":{"line":104,"column":0},"end":{"line":104,"column":40}},"104":{"start":{"line":105,"column":0},"end":{"line":105,"column":17}},"105":{"start":{"line":106,"column":0},"end":{"line":106,"column":30}},"106":{"start":{"line":107,"column":0},"end":{"line":107,"column":17}},"107":{"start":{"line":108,"column":0},"end":{"line":108,"column":17}},"108":{"start":{"line":109,"column":0},"end":{"line":109,"column":14}},"109":{"start":{"line":110,"column":0},"end":{"line":110,"column":12}},"110":{"start":{"line":111,"column":0},"end":{"line":111,"column":21}},"111":{"start":{"line":112,"column":0},"end":{"line":112,"column":22}},"112":{"start":{"line":113,"column":0},"end":{"line":113,"column":34}},"113":{"start":{"line":114,"column":0},"end":{"line":114,"column":23}},"114":{"start":{"line":115,"column":0},"end":{"line":115,"column":5}},"115":{"start":{"line":116,"column":0},"end":{"line":116,"column":3}},"117":{"start":{"line":118,"column":0},"end":{"line":118,"column":46}},"118":{"start":{"line":119,"column":0},"end":{"line":119,"column":64}},"119":{"start":{"line":120,"column":0},"end":{"line":120,"column":3}},"121":{"start":{"line":122,"column":0},"end":{"line":122,"column":33}},"122":{"start":{"line":123,"column":0},"end":{"line":123,"column":74}},"124":{"start":{"line":125,"column":0},"end":{"line":125,"column":12}},"125":{"start":{"line":126,"column":0},"end":{"line":126,"column":21}},"126":{"start":{"line":127,"column":0},"end":{"line":127,"column":22}},"127":{"start":{"line":128,"column":0},"end":{"line":128,"column":39}},"128":{"start":{"line":129,"column":0},"end":{"line":129,"column":28}},"129":{"start":{"line":130,"column":0},"end":{"line":130,"column":5}},"130":{"start":{"line":131,"column":0},"end":{"line":131,"column":3}},"132":{"start":{"line":133,"column":0},"end":{"line":133,"column":10}},"133":{"start":{"line":134,"column":0},"end":{"line":134,"column":18}},"134":{"start":{"line":135,"column":0},"end":{"line":135,"column":9}},"135":{"start":{"line":136,"column":0},"end":{"line":136,"column":26}},"136":{"start":{"line":137,"column":0},"end":{"line":137,"column":3}},"137":{"start":{"line":138,"column":0},"end":{"line":138,"column":1}}},"s":{"18":0,"19":0,"21":0,"23":0,"24":0,"25":0,"26":0,"27":0,"28":0,"29":0,"31":0,"32":0,"33":0,"34":0,"35":0,"36":0,"37":0,"39":0,"40":0,"41":0,"42":0,"43":0,"44":0,"49":0,"50":0,"51":0,"52":0,"54":0,"55":0,"57":0,"58":0,"60":0,"61":0,"63":0,"64":0,"66":0,"67":0,"69":0,"70":0,"72":0,"74":0,"75":0,"76":0,"81":0,"82":0,"83":0,"84":0,"85":0,"86":0,"87":0,"88":0,"89":0,"91":0,"92":0,"93":0,"94":0,"95":0,"96":0,"97":0,"98":0,"103":0,"104":0,"105":0,"106":0,"107":0,"108":0,"109":0,"110":0,"111":0,"112":0,"113":0,"114":0,"115":0,"117":0,"118":0,"119":0,"121":0,"122":0,"124":0,"125":0,"126":0,"127":0,"128":0,"129":0,"130":0,"132":0,"133":0,"134":0,"135":0,"136":0,"137":0},"branchMap":{"0":{"type":"branch","line":1,"loc":{"start":{"line":1,"column":3305},"end":{"line":138,"column":1}},"locations":[{"start":{"line":1,"column":3305},"end":{"line":138,"column":1}}]}},"b":{"0":[1]},"fnMap":{"0":{"name":"(empty-report)","decl":{"start":{"line":1,"column":3305},"end":{"line":138,"column":1}},"loc":{"start":{"line":1,"column":3305},"end":{"line":138,"column":1}},"line":1}},"f":{"0":1}}
,"/Users/yevgenschweden/sololevel/packages/api/src/supabase.ts": {"path":"/Users/yevgenschweden/sololevel/packages/api/src/supabase.ts","all":true,"statementMap":{"0":{"start":{"line":1,"column":0},"end":{"line":1,"column":52}},"4":{"start":{"line":5,"column":0},"end":{"line":5,"column":96}},"5":{"start":{"line":6,"column":0},"end":{"line":6,"column":23}},"6":{"start":{"line":7,"column":0},"end":{"line":7,"column":83}},"8":{"start":{"line":9,"column":0},"end":{"line":9,"column":39}},"9":{"start":{"line":10,"column":0},"end":{"line":10,"column":89}},"10":{"start":{"line":11,"column":0},"end":{"line":11,"column":1}},"13":{"start":{"line":14,"column":0},"end":{"line":14,"column":78}},"14":{"start":{"line":15,"column":0},"end":{"line":15,"column":9}},"16":{"start":{"line":17,"column":0},"end":{"line":17,"column":27}},"18":{"start":{"line":19,"column":0},"end":{"line":19,"column":25}},"20":{"start":{"line":21,"column":0},"end":{"line":21,"column":38}},"21":{"start":{"line":22,"column":0},"end":{"line":22,"column":4}},"22":{"start":{"line":23,"column":0},"end":{"line":23,"column":2}}},"s":{"0":0,"4":0,"5":0,"6":0,"8":0,"9":0,"10":0,"13":0,"14":0,"16":0,"18":0,"20":0,"21":0,"22":0},"branchMap":{"0":{"type":"branch","line":1,"loc":{"start":{"line":1,"column":1087},"end":{"line":29,"column":95}},"locations":[{"start":{"line":1,"column":1087},"end":{"line":29,"column":95}}]}},"b":{"0":[0]},"fnMap":{"0":{"name":"(empty-report)","decl":{"start":{"line":1,"column":1087},"end":{"line":29,"column":95}},"loc":{"start":{"line":1,"column":1087},"end":{"line":29,"column":95}},"line":1}},"f":{"0":0}}
,"/Users/yevgenschweden/sololevel/packages/api/src/validation.ts": {"path":"/Users/yevgenschweden/sololevel/packages/api/src/validation.ts","all":true,"statementMap":{"0":{"start":{"line":1,"column":0},"end":{"line":1,"column":23}},"7":{"start":{"line":8,"column":0},"end":{"line":8,"column":39}},"8":{"start":{"line":9,"column":0},"end":{"line":9,"column":17}},"9":{"start":{"line":10,"column":0},"end":{"line":10,"column":29}},"10":{"start":{"line":11,"column":0},"end":{"line":11,"column":35}},"11":{"start":{"line":12,"column":0},"end":{"line":12,"column":34}},"12":{"start":{"line":13,"column":0},"end":{"line":13,"column":42}},"13":{"start":{"line":14,"column":0},"end":{"line":14,"column":29}},"14":{"start":{"line":15,"column":0},"end":{"line":15,"column":36}},"15":{"start":{"line":16,"column":0},"end":{"line":16,"column":36}},"16":{"start":{"line":17,"column":0},"end":{"line":17,"column":2}},"32":{"start":{"line":33,"column":0},"end":{"line":33,"column":40}},"33":{"start":{"line":34,"column":0},"end":{"line":34,"column":23}},"34":{"start":{"line":35,"column":0},"end":{"line":35,"column":16}},"35":{"start":{"line":36,"column":0},"end":{"line":36,"column":17}},"36":{"start":{"line":37,"column":0},"end":{"line":37,"column":24}},"37":{"start":{"line":38,"column":0},"end":{"line":38,"column":39}},"39":{"start":{"line":40,"column":0},"end":{"line":40,"column":23}},"40":{"start":{"line":41,"column":0},"end":{"line":41,"column":12}},"41":{"start":{"line":42,"column":0},"end":{"line":42,"column":20}},"42":{"start":{"line":43,"column":0},"end":{"line":43,"column":24}},"43":{"start":{"line":44,"column":0},"end":{"line":44,"column":5}},"44":{"start":{"line":45,"column":0},"end":{"line":45,"column":3}},"47":{"start":{"line":48,"column":0},"end":{"line":48,"column":53}},"48":{"start":{"line":49,"column":0},"end":{"line":49,"column":37}},"49":{"start":{"line":50,"column":0},"end":{"line":50,"column":38}},"50":{"start":{"line":51,"column":0},"end":{"line":51,"column":4}},"53":{"start":{"line":54,"column":0},"end":{"line":54,"column":53}},"54":{"start":{"line":55,"column":0},"end":{"line":55,"column":32}},"55":{"start":{"line":56,"column":0},"end":{"line":56,"column":9}},"56":{"start":{"line":57,"column":0},"end":{"line":57,"column":40}},"57":{"start":{"line":58,"column":0},"end":{"line":58,"column":4}},"59":{"start":{"line":60,"column":0},"end":{"line":60,"column":10}},"60":{"start":{"line":61,"column":0},"end":{"line":61,"column":19}},"61":{"start":{"line":62,"column":0},"end":{"line":62,"column":11}},"62":{"start":{"line":63,"column":0},"end":{"line":63,"column":3}},"63":{"start":{"line":64,"column":0},"end":{"line":64,"column":1}},"68":{"start":{"line":69,"column":0},"end":{"line":69,"column":97}},"69":{"start":{"line":70,"column":0},"end":{"line":70,"column":64}},"71":{"start":{"line":72,"column":0},"end":{"line":72,"column":28}},"72":{"start":{"line":73,"column":0},"end":{"line":73,"column":91}},"73":{"start":{"line":74,"column":0},"end":{"line":74,"column":3}},"75":{"start":{"line":76,"column":0},"end":{"line":76,"column":25}},"76":{"start":{"line":77,"column":0},"end":{"line":77,"column":1}}},"s":{"0":0,"7":0,"8":0,"9":0,"10":0,"11":0,"12":0,"13":0,"14":0,"15":0,"16":0,"32":0,"33":0,"34":0,"35":0,"36":0,"37":0,"39":0,"40":0,"41":0,"42":0,"43":0,"44":0,"47":0,"48":0,"49":0,"50":0,"53":0,"54":0,"55":0,"56":0,"57":0,"59":0,"60":0,"61":0,"62":0,"63":0,"68":0,"69":0,"71":0,"72":0,"73":0,"75":0,"76":0},"branchMap":{"0":{"type":"branch","line":1,"loc":{"start":{"line":1,"column":1767},"end":{"line":77,"column":1}},"locations":[{"start":{"line":1,"column":1767},"end":{"line":77,"column":1}}]}},"b":{"0":[0]},"fnMap":{"0":{"name":"(empty-report)","decl":{"start":{"line":1,"column":1767},"end":{"line":77,"column":1}},"loc":{"start":{"line":1,"column":1767},"end":{"line":77,"column":1}},"line":1}},"f":{"0":0}}
,"/Users/yevgenschweden/sololevel/packages/api/src/hooks/useMutationWithErrorHandling.ts": {"path":"/Users/yevgenschweden/sololevel/packages/api/src/hooks/useMutationWithErrorHandling.ts","all":false,"statementMap":{"0":{"start":{"line":1,"column":0},"end":{"line":1,"column":100}},"1":{"start":{"line":2,"column":0},"end":{"line":2,"column":43}},"15":{"start":{"line":16,"column":0},"end":{"line":16,"column":45}},"21":{"start":{"line":22,"column":0},"end":{"line":22,"column":80}},"22":{"start":{"line":23,"column":0},"end":{"line":23,"column":59}},"23":{"start":{"line":24,"column":0},"end":{"line":24,"column":36}},"25":{"start":{"line":26,"column":0},"end":{"line":26,"column":9}},"26":{"start":{"line":27,"column":0},"end":{"line":27,"column":26}},"27":{"start":{"line":28,"column":0},"end":{"line":28,"column":29}},"28":{"start":{"line":29,"column":0},"end":{"line":29,"column":17}},"29":{"start":{"line":30,"column":0},"end":{"line":30,"column":19}},"30":{"start":{"line":31,"column":0},"end":{"line":31,"column":12}},"31":{"start":{"line":32,"column":0},"end":{"line":32,"column":14}},"32":{"start":{"line":33,"column":0},"end":{"line":33,"column":22}},"33":{"start":{"line":34,"column":0},"end":{"line":34,"column":13}},"35":{"start":{"line":36,"column":0},"end":{"line":36,"column":22}},"36":{"start":{"line":37,"column":0},"end":{"line":37,"column":23}},"37":{"start":{"line":38,"column":0},"end":{"line":38,"column":45}},"39":{"start":{"line":40,"column":0},"end":{"line":40,"column":41}},"40":{"start":{"line":41,"column":0},"end":{"line":41,"column":41}},"41":{"start":{"line":42,"column":0},"end":{"line":42,"column":14}},"42":{"start":{"line":43,"column":0},"end":{"line":43,"column":18}},"43":{"start":{"line":44,"column":0},"end":{"line":44,"column":44}},"44":{"start":{"line":45,"column":0},"end":{"line":45,"column":8}},"47":{"start":{"line":48,"column":0},"end":{"line":48,"column":27}},"48":{"start":{"line":49,"column":0},"end":{"line":49,"column":53}},"49":{"start":{"line":50,"column":0},"end":{"line":50,"column":38}},"50":{"start":{"line":51,"column":0},"end":{"line":51,"column":10}},"51":{"start":{"line":52,"column":0},"end":{"line":52,"column":7}},"54":{"start":{"line":55,"column":0},"end":{"line":55,"column":42}},"55":{"start":{"line":56,"column":0},"end":{"line":56,"column":6}},"56":{"start":{"line":57,"column":0},"end":{"line":57,"column":46}},"58":{"start":{"line":59,"column":0},"end":{"line":59,"column":47}},"59":{"start":{"line":60,"column":0},"end":{"line":60,"column":34}},"60":{"start":{"line":61,"column":0},"end":{"line":61,"column":7}},"63":{"start":{"line":64,"column":0},"end":{"line":64,"column":43}},"64":{"start":{"line":65,"column":0},"end":{"line":65,"column":6}},"65":{"start":{"line":66,"column":0},"end":{"line":66,"column":4}},"66":{"start":{"line":67,"column":0},"end":{"line":67,"column":1}}},"s":{"0":1,"1":1,"15":1,"21":28,"22":28,"23":28,"25":28,"26":28,"27":28,"28":28,"29":28,"30":28,"31":28,"32":28,"33":28,"35":28,"36":28,"37":28,"39":7,"40":7,"41":7,"42":7,"43":7,"44":7,"47":7,"48":6,"49":6,"50":6,"51":6,"54":7,"55":7,"56":28,"58":7,"59":3,"60":3,"63":7,"64":7,"65":28,"66":28},"branchMap":{"0":{"type":"branch","line":16,"loc":{"start":{"line":16,"column":7},"end":{"line":67,"column":1}},"locations":[{"start":{"line":16,"column":7},"end":{"line":67,"column":1}}]},"1":{"type":"branch","line":38,"loc":{"start":{"line":38,"column":13},"end":{"line":56,"column":6}},"locations":[{"start":{"line":38,"column":13},"end":{"line":56,"column":6}}]},"2":{"type":"branch","line":48,"loc":{"start":{"line":48,"column":26},"end":{"line":52,"column":7}},"locations":[{"start":{"line":48,"column":26},"end":{"line":52,"column":7}}]},"3":{"type":"branch","line":49,"loc":{"start":{"line":49,"column":19},"end":{"line":49,"column":52}},"locations":[{"start":{"line":49,"column":19},"end":{"line":49,"column":52}}]},"4":{"type":"branch","line":55,"loc":{"start":{"line":55,"column":6},"end":{"line":55,"column":42}},"locations":[{"start":{"line":55,"column":6},"end":{"line":55,"column":42}}]},"5":{"type":"branch","line":57,"loc":{"start":{"line":57,"column":15},"end":{"line":65,"column":6}},"locations":[{"start":{"line":57,"column":15},"end":{"line":65,"column":6}}]},"6":{"type":"branch","line":59,"loc":{"start":{"line":59,"column":10},"end":{"line":59,"column":46}},"locations":[{"start":{"line":59,"column":10},"end":{"line":59,"column":46}}]},"7":{"type":"branch","line":59,"loc":{"start":{"line":59,"column":46},"end":{"line":61,"column":7}},"locations":[{"start":{"line":59,"column":46},"end":{"line":61,"column":7}}]},"8":{"type":"branch","line":64,"loc":{"start":{"line":64,"column":6},"end":{"line":64,"column":43}},"locations":[{"start":{"line":64,"column":6},"end":{"line":64,"column":43}}]}},"b":{"0":[28],"1":[7],"2":[6],"3":[3],"4":[1],"5":[7],"6":[4],"7":[3],"8":[2]},"fnMap":{"0":{"name":"useMutationWithErrorHandling","decl":{"start":{"line":16,"column":7},"end":{"line":67,"column":1}},"loc":{"start":{"line":16,"column":7},"end":{"line":67,"column":1}},"line":16},"1":{"name":"onError","decl":{"start":{"line":38,"column":13},"end":{"line":56,"column":6}},"loc":{"start":{"line":38,"column":13},"end":{"line":56,"column":6}},"line":38},"2":{"name":"onSuccess","decl":{"start":{"line":57,"column":15},"end":{"line":65,"column":6}},"loc":{"start":{"line":57,"column":15},"end":{"line":65,"column":6}},"line":57}},"f":{"0":28,"1":7,"2":7}}
,"/Users/yevgenschweden/sololevel/packages/api/src/hooks/useQueryWithErrorHandling.ts": {"path":"/Users/yevgenschweden/sololevel/packages/api/src/hooks/useQueryWithErrorHandling.ts","all":false,"statementMap":{"0":{"start":{"line":1,"column":0},"end":{"line":1,"column":91}},"1":{"start":{"line":2,"column":0},"end":{"line":2,"column":43}},"8":{"start":{"line":9,"column":0},"end":{"line":9,"column":75}},"9":{"start":{"line":10,"column":0},"end":{"line":10,"column":55}},"10":{"start":{"line":11,"column":0},"end":{"line":11,"column":34}},"11":{"start":{"line":12,"column":0},"end":{"line":12,"column":36}},"13":{"start":{"line":14,"column":0},"end":{"line":14,"column":74}},"15":{"start":{"line":16,"column":0},"end":{"line":16,"column":27}},"16":{"start":{"line":17,"column":0},"end":{"line":17,"column":20}},"17":{"start":{"line":18,"column":0},"end":{"line":18,"column":58}},"18":{"start":{"line":19,"column":0},"end":{"line":19,"column":4}},"21":{"start":{"line":22,"column":0},"end":{"line":22,"column":57}},"23":{"start":{"line":24,"column":0},"end":{"line":24,"column":36}},"24":{"start":{"line":25,"column":0},"end":{"line":25,"column":33}},"25":{"start":{"line":26,"column":0},"end":{"line":26,"column":26}},"26":{"start":{"line":27,"column":0},"end":{"line":27,"column":42}},"27":{"start":{"line":28,"column":0},"end":{"line":28,"column":6}},"30":{"start":{"line":31,"column":0},"end":{"line":31,"column":56}},"31":{"start":{"line":32,"column":0},"end":{"line":32,"column":46}},"32":{"start":{"line":33,"column":0},"end":{"line":33,"column":6}},"33":{"start":{"line":34,"column":0},"end":{"line":34,"column":3}},"35":{"start":{"line":36,"column":0},"end":{"line":36,"column":15}},"36":{"start":{"line":37,"column":0},"end":{"line":37,"column":1}},"39":{"start":{"line":40,"column":0},"end":{"line":40,"column":67}},"40":{"start":{"line":41,"column":0},"end":{"line":41,"column":59}},"43":{"start":{"line":44,"column":0},"end":{"line":44,"column":3}},"44":{"start":{"line":45,"column":0},"end":{"line":45,"column":53}},"46":{"start":{"line":47,"column":0},"end":{"line":47,"column":36}},"47":{"start":{"line":48,"column":0},"end":{"line":48,"column":20}},"48":{"start":{"line":49,"column":0},"end":{"line":49,"column":37}},"50":{"start":{"line":51,"column":0},"end":{"line":51,"column":66}},"51":{"start":{"line":52,"column":0},"end":{"line":52,"column":20}},"52":{"start":{"line":53,"column":0},"end":{"line":53,"column":7}},"54":{"start":{"line":55,"column":0},"end":{"line":55,"column":38}},"55":{"start":{"line":56,"column":0},"end":{"line":56,"column":6}},"56":{"start":{"line":57,"column":0},"end":{"line":57,"column":76}},"57":{"start":{"line":58,"column":0},"end":{"line":58,"column":4}},"58":{"start":{"line":59,"column":0},"end":{"line":59,"column":1}}},"s":{"0":1,"1":1,"8":1,"9":34,"10":34,"11":34,"13":34,"15":34,"16":34,"17":34,"18":34,"21":34,"23":7,"24":7,"25":7,"26":7,"27":7,"30":7,"31":7,"32":7,"33":7,"35":34,"36":34,"39":1,"40":9,"43":9,"44":9,"46":9,"47":9,"48":9,"50":9,"51":1,"52":1,"54":8,"55":9,"56":9,"57":9,"58":9},"branchMap":{"0":{"type":"branch","line":9,"loc":{"start":{"line":9,"column":7},"end":{"line":37,"column":1}},"locations":[{"start":{"line":9,"column":7},"end":{"line":37,"column":1}}]},"1":{"type":"branch","line":22,"loc":{"start":{"line":22,"column":13},"end":{"line":22,"column":40}},"locations":[{"start":{"line":22,"column":13},"end":{"line":22,"column":40}}]},"2":{"type":"branch","line":22,"loc":{"start":{"line":22,"column":31},"end":{"line":22,"column":56}},"locations":[{"start":{"line":22,"column":31},"end":{"line":22,"column":56}}]},"3":{"type":"branch","line":22,"loc":{"start":{"line":22,"column":56},"end":{"line":34,"column":3}},"locations":[{"start":{"line":22,"column":56},"end":{"line":34,"column":3}}]},"4":{"type":"branch","line":31,"loc":{"start":{"line":31,"column":15},"end":{"line":31,"column":55}},"locations":[{"start":{"line":31,"column":15},"end":{"line":31,"column":55}}]},"5":{"type":"branch","line":40,"loc":{"start":{"line":40,"column":7},"end":{"line":59,"column":1}},"locations":[{"start":{"line":40,"column":7},"end":{"line":59,"column":1}}]},"6":{"type":"branch","line":49,"loc":{"start":{"line":49,"column":11},"end":{"line":56,"column":6}},"locations":[{"start":{"line":49,"column":11},"end":{"line":56,"column":6}}]},"7":{"type":"branch","line":51,"loc":{"start":{"line":51,"column":65},"end":{"line":53,"column":7}},"locations":[{"start":{"line":51,"column":65},"end":{"line":53,"column":7}}]},"8":{"type":"branch","line":53,"loc":{"start":{"line":53,"column":6},"end":{"line":55,"column":38}},"locations":[{"start":{"line":53,"column":6},"end":{"line":55,"column":38}}]},"9":{"type":"branch","line":57,"loc":{"start":{"line":57,"column":16},"end":{"line":57,"column":76}},"locations":[{"start":{"line":57,"column":16},"end":{"line":57,"column":76}}]}},"b":{"0":[34],"1":[8],"2":[8],"3":[7],"4":[5],"5":[9],"6":[9],"7":[1],"8":[8],"9":[9]},"fnMap":{"0":{"name":"useQueryWithErrorHandling","decl":{"start":{"line":9,"column":7},"end":{"line":37,"column":1}},"loc":{"start":{"line":9,"column":7},"end":{"line":37,"column":1}},"line":9},"1":{"name":"useQueryWithRetry","decl":{"start":{"line":40,"column":7},"end":{"line":59,"column":1}},"loc":{"start":{"line":40,"column":7},"end":{"line":59,"column":1}},"line":40},"2":{"name":"retry","decl":{"start":{"line":49,"column":11},"end":{"line":56,"column":6}},"loc":{"start":{"line":49,"column":11},"end":{"line":56,"column":6}},"line":49},"3":{"name":"retryDelay","decl":{"start":{"line":57,"column":16},"end":{"line":57,"column":76}},"loc":{"start":{"line":57,"column":16},"end":{"line":57,"column":76}},"line":57}},"f":{"0":34,"1":9,"2":9,"3":9}}
,"/Users/yevgenschweden/sololevel/packages/api/src/hooks/useUser.ts": {"path":"/Users/yevgenschweden/sololevel/packages/api/src/hooks/useUser.ts","all":false,"statementMap":{"0":{"start":{"line":1,"column":0},"end":{"line":1,"column":71}},"1":{"start":{"line":2,"column":0},"end":{"line":2,"column":77}},"2":{"start":{"line":3,"column":0},"end":{"line":3,"column":38}},"3":{"start":{"line":4,"column":0},"end":{"line":4,"column":58}},"4":{"start":{"line":5,"column":0},"end":{"line":5,"column":91}},"9":{"start":{"line":10,"column":0},"end":{"line":10,"column":91}},"10":{"start":{"line":11,"column":0},"end":{"line":11,"column":36}},"11":{"start":{"line":12,"column":0},"end":{"line":12,"column":31}},"12":{"start":{"line":13,"column":0},"end":{"line":13,"column":41}},"13":{"start":{"line":14,"column":0},"end":{"line":14,"column":20}},"14":{"start":{"line":15,"column":0},"end":{"line":15,"column":46}},"15":{"start":{"line":16,"column":0},"end":{"line":16,"column":7}},"17":{"start":{"line":18,"column":0},"end":{"line":18,"column":62}},"18":{"start":{"line":19,"column":0},"end":{"line":19,"column":46}},"19":{"start":{"line":20,"column":0},"end":{"line":20,"column":27}},"20":{"start":{"line":21,"column":0},"end":{"line":21,"column":22}},"21":{"start":{"line":22,"column":0},"end":{"line":22,"column":32}},"22":{"start":{"line":23,"column":0},"end":{"line":23,"column":19}},"23":{"start":{"line":24,"column":0},"end":{"line":24,"column":30}},"24":{"start":{"line":25,"column":0},"end":{"line":25,"column":19}},"26":{"start":{"line":27,"column":0},"end":{"line":27,"column":28}},"27":{"start":{"line":28,"column":0},"end":{"line":28,"column":39}},"28":{"start":{"line":29,"column":0},"end":{"line":29,"column":7}},"31":{"start":{"line":32,"column":0},"end":{"line":32,"column":71}},"32":{"start":{"line":33,"column":0},"end":{"line":33,"column":6}},"33":{"start":{"line":34,"column":0},"end":{"line":34,"column":22}},"34":{"start":{"line":35,"column":0},"end":{"line":35,"column":25}},"35":{"start":{"line":36,"column":0},"end":{"line":36,"column":48}},"36":{"start":{"line":37,"column":0},"end":{"line":37,"column":42}},"37":{"start":{"line":38,"column":0},"end":{"line":38,"column":31}},"38":{"start":{"line":39,"column":0},"end":{"line":39,"column":4}},"39":{"start":{"line":40,"column":0},"end":{"line":40,"column":1}},"44":{"start":{"line":45,"column":0},"end":{"line":45,"column":33}},"45":{"start":{"line":46,"column":0},"end":{"line":46,"column":39}},"46":{"start":{"line":47,"column":0},"end":{"line":47,"column":23}},"47":{"start":{"line":48,"column":0},"end":{"line":48,"column":98}},"48":{"start":{"line":49,"column":0},"end":{"line":49,"column":25}},"49":{"start":{"line":50,"column":0},"end":{"line":50,"column":48}},"51":{"start":{"line":52,"column":0},"end":{"line":52,"column":62}},"52":{"start":{"line":53,"column":0},"end":{"line":53,"column":46}},"53":{"start":{"line":54,"column":0},"end":{"line":54,"column":27}},"54":{"start":{"line":55,"column":0},"end":{"line":55,"column":26}},"55":{"start":{"line":56,"column":0},"end":{"line":56,"column":33}},"56":{"start":{"line":57,"column":0},"end":{"line":57,"column":19}},"57":{"start":{"line":58,"column":0},"end":{"line":58,"column":19}},"58":{"start":{"line":59,"column":0},"end":{"line":59,"column":30}},"59":{"start":{"line":60,"column":0},"end":{"line":60,"column":25}},"61":{"start":{"line":62,"column":0},"end":{"line":62,"column":28}},"62":{"start":{"line":63,"column":0},"end":{"line":63,"column":39}},"63":{"start":{"line":64,"column":0},"end":{"line":64,"column":7}},"66":{"start":{"line":67,"column":0},"end":{"line":67,"column":77}},"67":{"start":{"line":68,"column":0},"end":{"line":68,"column":6}},"68":{"start":{"line":69,"column":0},"end":{"line":69,"column":25}},"69":{"start":{"line":70,"column":0},"end":{"line":70,"column":27}},"70":{"start":{"line":71,"column":0},"end":{"line":71,"column":45}},"71":{"start":{"line":72,"column":0},"end":{"line":72,"column":51}},"72":{"start":{"line":73,"column":0},"end":{"line":73,"column":34}},"75":{"start":{"line":76,"column":0},"end":{"line":76,"column":6}},"76":{"start":{"line":77,"column":0},"end":{"line":77,"column":4}},"77":{"start":{"line":78,"column":0},"end":{"line":78,"column":1}},"82":{"start":{"line":83,"column":0},"end":{"line":83,"column":34}},"83":{"start":{"line":84,"column":0},"end":{"line":84,"column":36}},"84":{"start":{"line":85,"column":0},"end":{"line":85,"column":30}},"85":{"start":{"line":86,"column":0},"end":{"line":86,"column":48}},"87":{"start":{"line":88,"column":0},"end":{"line":88,"column":13}},"88":{"start":{"line":89,"column":0},"end":{"line":89,"column":26}},"89":{"start":{"line":90,"column":0},"end":{"line":90,"column":42}},"91":{"start":{"line":92,"column":0},"end":{"line":92,"column":27}},"92":{"start":{"line":93,"column":0},"end":{"line":93,"column":19}},"93":{"start":{"line":94,"column":0},"end":{"line":94,"column":7}},"95":{"start":{"line":96,"column":0},"end":{"line":96,"column":62}},"96":{"start":{"line":97,"column":0},"end":{"line":97,"column":46}},"97":{"start":{"line":98,"column":0},"end":{"line":98,"column":27}},"98":{"start":{"line":99,"column":0},"end":{"line":99,"column":22}},"99":{"start":{"line":100,"column":0},"end":{"line":100,"column":41}},"100":{"start":{"line":101,"column":0},"end":{"line":101,"column":19}},"101":{"start":{"line":102,"column":0},"end":{"line":102,"column":30}},"102":{"start":{"line":103,"column":0},"end":{"line":103,"column":26}},"104":{"start":{"line":105,"column":0},"end":{"line":105,"column":28}},"105":{"start":{"line":106,"column":0},"end":{"line":106,"column":39}},"106":{"start":{"line":107,"column":0},"end":{"line":107,"column":7}},"109":{"start":{"line":110,"column":0},"end":{"line":110,"column":78}},"110":{"start":{"line":111,"column":0},"end":{"line":111,"column":6}},"111":{"start":{"line":112,"column":0},"end":{"line":112,"column":25}},"112":{"start":{"line":113,"column":0},"end":{"line":113,"column":48}},"113":{"start":{"line":114,"column":0},"end":{"line":114,"column":44}},"114":{"start":{"line":115,"column":0},"end":{"line":115,"column":13}},"115":{"start":{"line":116,"column":0},"end":{"line":116,"column":4}},"116":{"start":{"line":117,"column":0},"end":{"line":117,"column":1}},"121":{"start":{"line":122,"column":0},"end":{"line":122,"column":33}},"122":{"start":{"line":123,"column":0},"end":{"line":123,"column":39}},"123":{"start":{"line":124,"column":0},"end":{"line":124,"column":23}},"124":{"start":{"line":125,"column":0},"end":{"line":125,"column":65}},"125":{"start":{"line":126,"column":0},"end":{"line":126,"column":25}},"126":{"start":{"line":127,"column":0},"end":{"line":127,"column":62}},"127":{"start":{"line":128,"column":0},"end":{"line":128,"column":98}},"128":{"start":{"line":129,"column":0},"end":{"line":129,"column":30}},"129":{"start":{"line":130,"column":0},"end":{"line":130,"column":25}},"131":{"start":{"line":132,"column":0},"end":{"line":132,"column":28}},"132":{"start":{"line":133,"column":0},"end":{"line":133,"column":39}},"133":{"start":{"line":134,"column":0},"end":{"line":134,"column":7}},"136":{"start":{"line":137,"column":0},"end":{"line":137,"column":77}},"137":{"start":{"line":138,"column":0},"end":{"line":138,"column":6}},"138":{"start":{"line":139,"column":0},"end":{"line":139,"column":25}},"139":{"start":{"line":140,"column":0},"end":{"line":140,"column":27}},"140":{"start":{"line":141,"column":0},"end":{"line":141,"column":45}},"141":{"start":{"line":142,"column":0},"end":{"line":142,"column":51}},"142":{"start":{"line":143,"column":0},"end":{"line":143,"column":4}},"143":{"start":{"line":144,"column":0},"end":{"line":144,"column":1}}},"s":{"0":1,"1":1,"2":1,"3":1,"4":1,"9":1,"10":6,"11":6,"12":6,"13":2,"14":0,"15":0,"17":2,"18":0,"19":0,"20":0,"21":0,"22":0,"23":0,"24":2,"26":2,"27":1,"28":1,"31":1,"32":2,"33":6,"34":6,"35":6,"36":6,"37":6,"38":6,"39":6,"44":1,"45":4,"46":4,"47":2,"48":2,"49":2,"51":2,"52":0,"53":0,"54":0,"55":0,"56":0,"57":0,"58":0,"59":2,"61":2,"62":1,"63":1,"66":1,"67":2,"68":4,"69":4,"70":4,"71":4,"72":4,"75":1,"76":4,"77":4,"82":1,"83":6,"84":6,"85":6,"87":3,"88":3,"89":3,"91":3,"92":2,"93":2,"95":1,"96":0,"97":0,"98":0,"99":0,"100":0,"101":0,"102":1,"104":3,"105":0,"106":0,"109":1,"110":3,"111":6,"112":6,"113":6,"114":6,"115":6,"116":6,"121":1,"122":4,"123":4,"124":2,"125":2,"126":2,"127":0,"128":0,"129":2,"131":2,"132":1,"133":1,"136":1,"137":2,"138":4,"139":4,"140":4,"141":4,"142":4,"143":4},"branchMap":{"0":{"type":"branch","line":10,"loc":{"start":{"line":10,"column":7},"end":{"line":40,"column":1}},"locations":[{"start":{"line":10,"column":7},"end":{"line":40,"column":1}}]},"1":{"type":"branch","line":38,"loc":{"start":{"line":38,"column":11},"end":{"line":38,"column":29}},"locations":[{"start":{"line":38,"column":11},"end":{"line":38,"column":29}}]},"2":{"type":"branch","line":38,"loc":{"start":{"line":38,"column":20},"end":{"line":38,"column":31}},"locations":[{"start":{"line":38,"column":20},"end":{"line":38,"column":31}}]},"3":{"type":"branch","line":13,"loc":{"start":{"line":13,"column":13},"end":{"line":33,"column":6}},"locations":[{"start":{"line":13,"column":13},"end":{"line":33,"column":6}}]},"4":{"type":"branch","line":14,"loc":{"start":{"line":14,"column":19},"end":{"line":16,"column":7}},"locations":[{"start":{"line":14,"column":19},"end":{"line":16,"column":7}}]},"5":{"type":"branch","line":27,"loc":{"start":{"line":27,"column":27},"end":{"line":32,"column":71}},"locations":[{"start":{"line":27,"column":27},"end":{"line":32,"column":71}}]},"6":{"type":"branch","line":45,"loc":{"start":{"line":45,"column":7},"end":{"line":78,"column":1}},"locations":[{"start":{"line":45,"column":7},"end":{"line":78,"column":1}}]},"7":{"type":"branch","line":47,"loc":{"start":{"line":47,"column":16},"end":{"line":68,"column":6}},"locations":[{"start":{"line":47,"column":16},"end":{"line":68,"column":6}}]},"8":{"type":"branch","line":62,"loc":{"start":{"line":62,"column":27},"end":{"line":67,"column":77}},"locations":[{"start":{"line":62,"column":27},"end":{"line":67,"column":77}}]},"9":{"type":"branch","line":73,"loc":{"start":{"line":73,"column":15},"end":{"line":76,"column":6}},"locations":[{"start":{"line":73,"column":15},"end":{"line":76,"column":6}}]},"10":{"type":"branch","line":83,"loc":{"start":{"line":83,"column":7},"end":{"line":117,"column":1}},"locations":[{"start":{"line":83,"column":7},"end":{"line":117,"column":1}}]},"11":{"type":"branch","line":86,"loc":{"start":{"line":86,"column":13},"end":{"line":111,"column":6}},"locations":[{"start":{"line":86,"column":13},"end":{"line":111,"column":6}}]},"12":{"type":"branch","line":92,"loc":{"start":{"line":92,"column":11},"end":{"line":92,"column":26}},"locations":[{"start":{"line":92,"column":11},"end":{"line":92,"column":26}}]},"13":{"type":"branch","line":92,"loc":{"start":{"line":92,"column":26},"end":{"line":94,"column":7}},"locations":[{"start":{"line":92,"column":26},"end":{"line":94,"column":7}}]},"14":{"type":"branch","line":94,"loc":{"start":{"line":94,"column":6},"end":{"line":105,"column":27}},"locations":[{"start":{"line":94,"column":6},"end":{"line":105,"column":27}}]},"15":{"type":"branch","line":105,"loc":{"start":{"line":105,"column":27},"end":{"line":107,"column":7}},"locations":[{"start":{"line":105,"column":27},"end":{"line":107,"column":7}}]},"16":{"type":"branch","line":107,"loc":{"start":{"line":107,"column":6},"end":{"line":110,"column":78}},"locations":[{"start":{"line":107,"column":6},"end":{"line":110,"column":78}}]},"17":{"type":"branch","line":122,"loc":{"start":{"line":122,"column":7},"end":{"line":144,"column":1}},"locations":[{"start":{"line":122,"column":7},"end":{"line":144,"column":1}}]},"18":{"type":"branch","line":124,"loc":{"start":{"line":124,"column":16},"end":{"line":138,"column":6}},"locations":[{"start":{"line":124,"column":16},"end":{"line":138,"column":6}}]},"19":{"type":"branch","line":132,"loc":{"start":{"line":132,"column":27},"end":{"line":137,"column":77}},"locations":[{"start":{"line":132,"column":27},"end":{"line":137,"column":77}}]}},"b":{"0":[6],"1":[2],"2":[4],"3":[2],"4":[0],"5":[1],"6":[4],"7":[2],"8":[1],"9":[1],"10":[6],"11":[3],"12":[2],"13":[2],"14":[1],"15":[0],"16":[1],"17":[4],"18":[2],"19":[1]},"fnMap":{"0":{"name":"useUser","decl":{"start":{"line":10,"column":7},"end":{"line":40,"column":1}},"loc":{"start":{"line":10,"column":7},"end":{"line":40,"column":1}},"line":10},"1":{"name":"queryFn","decl":{"start":{"line":13,"column":13},"end":{"line":33,"column":6}},"loc":{"start":{"line":13,"column":13},"end":{"line":33,"column":6}},"line":13},"2":{"name":"useUpdateUser","decl":{"start":{"line":45,"column":7},"end":{"line":78,"column":1}},"loc":{"start":{"line":45,"column":7},"end":{"line":78,"column":1}},"line":45},"3":{"name":"mutationFn","decl":{"start":{"line":47,"column":16},"end":{"line":68,"column":6}},"loc":{"start":{"line":47,"column":16},"end":{"line":68,"column":6}},"line":47},"4":{"name":"onSuccess","decl":{"start":{"line":73,"column":15},"end":{"line":76,"column":6}},"loc":{"start":{"line":73,"column":15},"end":{"line":76,"column":6}},"line":73},"5":{"name":"useCurrentUser","decl":{"start":{"line":83,"column":7},"end":{"line":117,"column":1}},"loc":{"start":{"line":83,"column":7},"end":{"line":117,"column":1}},"line":83},"6":{"name":"queryFn","decl":{"start":{"line":86,"column":13},"end":{"line":111,"column":6}},"loc":{"start":{"line":86,"column":13},"end":{"line":111,"column":6}},"line":86},"7":{"name":"useCreateUser","decl":{"start":{"line":122,"column":7},"end":{"line":144,"column":1}},"loc":{"start":{"line":122,"column":7},"end":{"line":144,"column":1}},"line":122},"8":{"name":"mutationFn","decl":{"start":{"line":124,"column":16},"end":{"line":138,"column":6}},"loc":{"start":{"line":124,"column":16},"end":{"line":138,"column":6}},"line":124}},"f":{"0":6,"1":2,"2":4,"3":2,"4":1,"5":6,"6":3,"7":4,"8":2}}
,"/Users/yevgenschweden/sololevel/packages/api/types/database.ts": {"path":"/Users/yevgenschweden/sololevel/packages/api/types/database.ts","all":true,"statementMap":{"194":{"start":{"line":195,"column":0},"end":{"line":195,"column":26}},"195":{"start":{"line":196,"column":0},"end":{"line":196,"column":19}},"196":{"start":{"line":197,"column":0},"end":{"line":197,"column":14}},"197":{"start":{"line":198,"column":0},"end":{"line":198,"column":4}},"198":{"start":{"line":199,"column":0},"end":{"line":199,"column":11}},"199":{"start":{"line":200,"column":0},"end":{"line":200,"column":14}},"200":{"start":{"line":201,"column":0},"end":{"line":201,"column":4}},"201":{"start":{"line":202,"column":0},"end":{"line":202,"column":10}}},"s":{"194":0,"195":0,"196":0,"197":0,"198":0,"199":0,"200":0,"201":0},"branchMap":{"0":{"type":"branch","line":1,"loc":{"start":{"line":1,"column":6095},"end":{"line":202,"column":10}},"locations":[{"start":{"line":1,"column":6095},"end":{"line":202,"column":10}}]}},"b":{"0":[1]},"fnMap":{"0":{"name":"(empty-report)","decl":{"start":{"line":1,"column":6095},"end":{"line":202,"column":10}},"loc":{"start":{"line":1,"column":6095},"end":{"line":202,"column":10}},"line":1}},"f":{"0":1}}
}
