TN:
SF:features/CameraRecording/CameraRecordingScreen.expo.tsx
FN:23,CameraRecordingScreen
FN:43,(anonymous_1)
FN:46,(anonymous_2)
FN:87,(anonymous_3)
FN:99,(anonymous_4)
FN:118,(anonymous_5)
FN:140,(anonymous_6)
FN:151,(anonymous_7)
FNF:8
FNH:0
FNDA:0,CameraRecordingScreen
FNDA:0,(anonymous_1)
FNDA:0,(anonymous_2)
FNDA:0,(anonymous_3)
FNDA:0,(anonymous_4)
FNDA:0,(anonymous_5)
FNDA:0,(anonymous_6)
FNDA:0,(anonymous_7)
DA:29,0
DA:31,0
DA:34,0
DA:40,0
DA:43,0
DA:44,0
DA:45,0
DA:46,0
DA:47,0
DA:84,0
DA:87,0
DA:88,0
DA:89,0
DA:90,0
DA:96,0
DA:99,0
DA:100,0
DA:101,0
DA:102,0
DA:106,0
DA:110,0
DA:118,0
DA:143,0
DA:145,0
DA:146,0
LF:25
LH:0
BRDA:44,0,0,0
BRDA:44,0,1,0
BRDA:44,1,0,0
BRDA:44,1,1,0
BRDA:88,2,0,0
BRDA:88,2,1,0
BRDA:88,3,0,0
BRDA:88,3,1,0
BRDA:96,4,0,0
BRDA:96,4,1,0
BRDA:100,5,0,0
BRDA:100,5,1,0
BRDA:101,6,0,0
BRDA:101,6,1,0
BRDA:148,7,0,0
BRDA:148,7,1,0
BRDA:158,8,0,0
BRDA:158,8,1,0
BRDA:159,9,0,0
BRDA:159,9,1,0
BRF:20
BRH:0
end_of_record
TN:
SF:features/CameraRecording/CameraRecordingScreen.tsx
FN:8,CameraRecordingScreen
FNF:1
FNH:0
FNDA:0,CameraRecordingScreen
DA:14,0
LF:1
LH:0
BRF:0
BRH:0
end_of_record
TN:
SF:features/CameraRecording/CameraRecordingScreen.vision.tsx
FN:36,CameraRecordingScreen
FN:64,(anonymous_1)
FN:67,(anonymous_2)
FN:74,(anonymous_3)
FN:76,(anonymous_4)
FN:85,(anonymous_5)
FN:138,(anonymous_6)
FN:150,(anonymous_7)
FN:170,(anonymous_8)
FN:193,(anonymous_9)
FN:229,(anonymous_10)
FN:309,(anonymous_11)
FN:319,(anonymous_12)
FNF:13
FNH:0
FNDA:0,CameraRecordingScreen
FNDA:0,(anonymous_1)
FNDA:0,(anonymous_2)
FNDA:0,(anonymous_3)
FNDA:0,(anonymous_4)
FNDA:0,(anonymous_5)
FNDA:0,(anonymous_6)
FNDA:0,(anonymous_7)
FNDA:0,(anonymous_8)
FNDA:0,(anonymous_9)
FNDA:0,(anonymous_10)
FNDA:0,(anonymous_11)
FNDA:0,(anonymous_12)
DA:29,0
DA:42,0
DA:43,0
DA:45,0
DA:48,0
DA:51,0
DA:52,0
DA:55,0
DA:61,0
DA:64,0
DA:65,0
DA:66,0
DA:67,0
DA:68,0
DA:74,0
DA:75,0
DA:76,0
DA:79,0
DA:80,0
DA:85,0
DA:86,0
DA:94,0
DA:96,0
DA:135,0
DA:138,0
DA:139,0
DA:140,0
DA:141,0
DA:147,0
DA:150,0
DA:151,0
DA:152,0
DA:153,0
DA:157,0
DA:161,0
DA:170,0
DA:230,0
DA:231,0
DA:235,0
DA:309,0
DA:319,0
LF:41
LH:0
BRDA:65,0,0,0
BRDA:65,0,1,0
BRDA:65,1,0,0
BRDA:65,1,1,0
BRDA:75,2,0,0
BRDA:75,2,1,0
BRDA:75,3,0,0
BRDA:75,3,1,0
BRDA:75,3,2,0
BRDA:79,4,0,0
BRDA:79,4,1,0
BRDA:79,5,0,0
BRDA:79,5,1,0
BRDA:91,6,0,0
BRDA:91,6,1,0
BRDA:94,7,0,0
BRDA:94,7,1,0
BRDA:94,8,0,0
BRDA:94,8,1,0
BRDA:139,9,0,0
BRDA:139,9,1,0
BRDA:139,10,0,0
BRDA:139,10,1,0
BRDA:147,11,0,0
BRDA:147,11,1,0
BRDA:151,12,0,0
BRDA:151,12,1,0
BRDA:152,13,0,0
BRDA:152,13,1,0
BRDA:190,14,0,0
BRDA:190,14,1,0
BRDA:199,15,0,0
BRDA:199,15,1,0
BRDA:199,15,2,0
BRDA:230,16,0,0
BRDA:230,16,1,0
BRDA:243,17,0,0
BRDA:243,17,1,0
BRDA:244,18,0,0
BRDA:244,18,1,0
BRDA:295,19,0,0
BRDA:295,19,1,0
BRF:42
BRH:0
end_of_record
TN:
SF:features/CameraRecording/CameraRecordingScreenWrapper.tsx
FN:8,CameraRecordingScreenWrapper
FNF:1
FNH:0
FNDA:0,CameraRecordingScreenWrapper
DA:14,0
DA:17,0
DA:19,0
DA:20,0
DA:31,0
DA:32,0
LF:6
LH:0
BRDA:17,0,0,0
BRDA:17,0,1,0
BRF:2
BRH:0
end_of_record
TN:
SF:features/CameraRecording/index.ts
FNF:0
FNH:0
LF:0
LH:0
BRF:0
BRH:0
end_of_record
TN:
SF:features/CameraRecording/components/MVPPoseDebugOverlay.tsx
FN:16,MVPPoseDebugOverlay
FN:107,(anonymous_1)
FNF:2
FNH:0
FNDA:0,MVPPoseDebugOverlay
FNDA:0,(anonymous_1)
DA:23,0
DA:24,0
DA:27,0
DA:36,0
DA:108,0
LF:5
LH:0
BRDA:23,0,0,0
BRDA:23,0,1,0
BRDA:31,1,0,0
BRDA:31,1,1,0
BRDA:32,2,0,0
BRDA:32,2,1,0
BRDA:33,3,0,0
BRDA:33,3,1,0
BRDA:56,4,0,0
BRDA:56,4,1,0
BRDA:59,5,0,0
BRDA:59,5,1,0
BRDA:62,6,0,0
BRDA:62,6,1,0
BRDA:65,7,0,0
BRDA:65,7,1,0
BRDA:68,8,0,0
BRDA:68,8,1,0
BRDA:71,9,0,0
BRDA:71,9,1,0
BRDA:93,10,0,0
BRDA:93,10,1,0
BRDA:93,10,2,0
BRF:23
BRH:0
end_of_record
TN:
SF:features/CameraRecording/config/MVPConfig.ts
FN:165,(anonymous_0)
FN:172,(anonymous_1)
FN:179,(anonymous_2)
FN:186,(anonymous_3)
FN:194,(anonymous_4)
FN:202,(anonymous_5)
FN:213,(anonymous_6)
FN:220,(anonymous_7)
FN:227,(anonymous_8)
FN:234,(anonymous_9)
FN:252,(anonymous_10)
FN:262,(anonymous_11)
FN:275,(anonymous_12)
FN:297,(anonymous_13)
FNF:14
FNH:0
FNDA:0,(anonymous_0)
FNDA:0,(anonymous_1)
FNDA:0,(anonymous_2)
FNDA:0,(anonymous_3)
FNDA:0,(anonymous_4)
FNDA:0,(anonymous_5)
FNDA:0,(anonymous_6)
FNDA:0,(anonymous_7)
FNDA:0,(anonymous_8)
FNDA:0,(anonymous_9)
FNDA:0,(anonymous_10)
FNDA:0,(anonymous_11)
FNDA:0,(anonymous_12)
FNDA:0,(anonymous_13)
DA:68,0
DA:108,0
DA:128,0
DA:166,0
DA:173,0
DA:180,0
DA:187,0
DA:188,0
DA:195,0
DA:196,0
DA:203,0
DA:204,0
DA:206,0
DA:214,0
DA:221,0
DA:228,0
DA:235,0
DA:243,0
DA:248,0
DA:254,0
DA:256,0
DA:263,0
DA:276,0
DA:278,0
DA:279,0
DA:291,0
DA:298,0
DA:299,0
DA:301,0
DA:303,0
LF:30
LH:0
BRDA:165,0,0,0
BRDA:203,1,0,0
BRDA:203,1,1,0
BRDA:254,2,0,0
BRDA:254,2,1,0
BRDA:256,3,0,0
BRDA:256,3,1,0
BRDA:264,4,0,0
BRDA:264,4,1,0
BRDA:264,4,2,0
BRDA:264,4,3,0
BRDA:264,4,4,0
BRDA:278,5,0,0
BRDA:278,5,1,0
BRF:14
BRH:0
end_of_record
TN:
SF:features/CameraRecording/config/poseConfigManager.ts
FN:111,(anonymous_0)
FN:120,(anonymous_1)
FN:129,(anonymous_2)
FN:139,(anonymous_3)
FN:148,(anonymous_4)
FN:224,(anonymous_5)
FN:235,(anonymous_6)
FN:236,(anonymous_7)
FN:248,(anonymous_8)
FN:249,(anonymous_9)
FN:258,(anonymous_10)
FN:259,(anonymous_11)
FN:268,(anonymous_12)
FN:306,(anonymous_13)
FN:311,(anonymous_14)
FN:318,(anonymous_15)
FN:323,(anonymous_16)
FN:335,(anonymous_17)
FN:346,(anonymous_18)
FN:347,(anonymous_19)
FN:352,(anonymous_20)
FN:356,(anonymous_21)
FN:357,(anonymous_22)
FN:373,(anonymous_23)
FN:397,(anonymous_24)
FN:425,(anonymous_25)
FN:437,(anonymous_26)
FN:454,(anonymous_27)
FN:478,(anonymous_28)
FN:495,(anonymous_29)
FN:504,(anonymous_30)
FN:513,(anonymous_31)
FN:539,(anonymous_32)
FN:548,(anonymous_33)
FN:549,(anonymous_34)
FN:556,(anonymous_35)
FN:561,(anonymous_36)
FN:570,(anonymous_37)
FN:582,(anonymous_38)
FN:585,(anonymous_39)
FN:597,(anonymous_40)
FNF:41
FNH:0
FNDA:0,(anonymous_0)
FNDA:0,(anonymous_1)
FNDA:0,(anonymous_2)
FNDA:0,(anonymous_3)
FNDA:0,(anonymous_4)
FNDA:0,(anonymous_5)
FNDA:0,(anonymous_6)
FNDA:0,(anonymous_7)
FNDA:0,(anonymous_8)
FNDA:0,(anonymous_9)
FNDA:0,(anonymous_10)
FNDA:0,(anonymous_11)
FNDA:0,(anonymous_12)
FNDA:0,(anonymous_13)
FNDA:0,(anonymous_14)
FNDA:0,(anonymous_15)
FNDA:0,(anonymous_16)
FNDA:0,(anonymous_17)
FNDA:0,(anonymous_18)
FNDA:0,(anonymous_19)
FNDA:0,(anonymous_20)
FNDA:0,(anonymous_21)
FNDA:0,(anonymous_22)
FNDA:0,(anonymous_23)
FNDA:0,(anonymous_24)
FNDA:0,(anonymous_25)
FNDA:0,(anonymous_26)
FNDA:0,(anonymous_27)
FNDA:0,(anonymous_28)
FNDA:0,(anonymous_29)
FNDA:0,(anonymous_30)
FNDA:0,(anonymous_31)
FNDA:0,(anonymous_32)
FNDA:0,(anonymous_33)
FNDA:0,(anonymous_34)
FNDA:0,(anonymous_35)
FNDA:0,(anonymous_36)
FNDA:0,(anonymous_37)
FNDA:0,(anonymous_38)
FNDA:0,(anonymous_39)
FNDA:0,(anonymous_40)
DA:13,0
DA:108,0
DA:112,0
DA:113,0
DA:115,0
DA:121,0
DA:122,0
DA:124,0
DA:130,0
DA:131,0
DA:132,0
DA:134,0
DA:140,0
DA:141,0
DA:143,0
DA:149,0
DA:150,0
DA:152,0
DA:158,0
DA:222,0
DA:224,0
DA:236,0
DA:237,0
DA:238,0
DA:239,0
DA:242,0
DA:243,0
DA:244,0
DA:249,0
DA:250,0
DA:251,0
DA:252,0
DA:253,0
DA:254,0
DA:259,0
DA:260,0
DA:261,0
DA:262,0
DA:263,0
DA:264,0
DA:269,0
DA:270,0
DA:272,0
DA:273,0
DA:274,0
DA:275,0
DA:276,0
DA:281,0
DA:282,0
DA:284,0
DA:287,0
DA:292,0
DA:293,0
DA:294,0
DA:298,0
DA:299,0
DA:303,0
DA:307,0
DA:308,0
DA:312,0
DA:314,0
DA:315,0
DA:318,0
DA:319,0
DA:324,0
DA:325,0
DA:327,0
DA:328,0
DA:331,0
DA:332,0
DA:335,0
DA:336,0
DA:337,0
DA:338,0
DA:339,0
DA:340,0
DA:343,0
DA:347,0
DA:348,0
DA:353,0
DA:357,0
DA:358,0
DA:361,0
DA:364,0
DA:367,0
DA:368,0
DA:369,0
DA:374,0
DA:375,0
DA:376,0
DA:379,0
DA:380,0
DA:384,0
DA:385,0
DA:386,0
DA:390,0
DA:391,0
DA:394,0
DA:401,0
DA:402,0
DA:403,0
DA:404,0
DA:406,0
DA:410,0
DA:411,0
DA:412,0
DA:413,0
DA:417,0
DA:421,0
DA:422,0
DA:425,0
DA:426,0
DA:427,0
DA:428,0
DA:431,0
DA:432,0
DA:433,0
DA:438,0
DA:439,0
DA:440,0
DA:443,0
DA:451,0
DA:455,0
DA:456,0
DA:459,0
DA:460,0
DA:463,0
DA:466,0
DA:469,0
DA:470,0
DA:473,0
DA:475,0
DA:478,0
DA:479,0
DA:480,0
DA:481,0
DA:482,0
DA:483,0
DA:487,0
DA:489,0
DA:495,0
DA:504,0
DA:505,0
DA:507,0
DA:514,0
DA:515,0
DA:521,0
DA:523,0
DA:524,0
DA:525,0
DA:526,0
DA:534,0
DA:539,0
DA:540,0
DA:542,0
DA:549,0
DA:550,0
DA:552,0
DA:557,0
DA:558,0
DA:561,0
DA:570,0
DA:571,0
DA:573,0
DA:583,0
DA:584,0
DA:586,0
DA:587,0
DA:594,0
DA:598,0
DA:599,0
DA:601,0
DA:602,0
DA:605,0
DA:606,0
DA:607,0
DA:613,0
DA:617,0
DA:619,0
LF:179
LH:0
BRDA:112,0,0,0
BRDA:112,0,1,0
BRDA:112,1,0,0
BRDA:112,1,1,0
BRDA:121,2,0,0
BRDA:121,2,1,0
BRDA:121,3,0,0
BRDA:121,3,1,0
BRDA:130,4,0,0
BRDA:130,4,1,0
BRDA:131,5,0,0
BRDA:131,5,1,0
BRDA:131,6,0,0
BRDA:131,6,1,0
BRDA:140,7,0,0
BRDA:140,7,1,0
BRDA:140,8,0,0
BRDA:140,8,1,0
BRDA:149,9,0,0
BRDA:149,9,1,0
BRDA:149,10,0,0
BRDA:149,10,1,0
BRDA:269,11,0,0
BRDA:269,11,1,0
BRDA:275,12,0,0
BRDA:275,12,1,0
BRDA:284,13,0,0
BRDA:284,13,1,0
BRDA:298,14,0,0
BRDA:298,14,1,0
BRDA:312,15,0,0
BRDA:312,15,1,0
BRDA:314,16,0,0
BRDA:314,16,1,0
BRDA:327,17,0,0
BRDA:327,17,1,0
BRDA:331,18,0,0
BRDA:331,18,1,0
BRDA:379,19,0,0
BRDA:379,19,1,0
BRDA:390,20,0,0
BRDA:390,20,1,0
BRDA:401,21,0,0
BRDA:401,21,1,0
BRDA:403,22,0,0
BRDA:403,22,1,0
BRDA:410,23,0,0
BRDA:410,23,1,0
BRDA:410,24,0,0
BRDA:410,24,1,0
BRDA:417,25,0,0
BRDA:417,25,1,0
BRDA:418,26,0,0
BRDA:418,26,1,0
BRDA:438,27,0,0
BRDA:438,27,1,0
BRDA:439,28,0,0
BRDA:439,28,1,0
BRDA:444,29,0,0
BRDA:444,29,1,0
BRDA:459,30,0,0
BRDA:459,30,1,0
BRDA:459,31,0,0
BRDA:459,31,1,0
BRDA:469,32,0,0
BRDA:469,32,1,0
BRDA:473,33,0,0
BRDA:473,33,1,0
BRDA:525,34,0,0
BRDA:525,34,1,0
BRDA:550,35,0,0
BRDA:550,35,1,0
BRDA:601,36,0,0
BRDA:601,36,1,0
BRDA:601,37,0,0
BRDA:601,37,1,0
BRDA:607,38,0,0
BRDA:607,38,1,0
BRF:78
BRH:0
end_of_record
TN:
SF:features/CameraRecording/config/poseDetectionConfig.ts
FN:144,getOptimalPoseConfig
FN:166,adjustConfigForThermalState
FN:187,adjustConfigForBatteryLevel
FN:218,getModelPath
FN:233,validatePoseConfig
FN:317,getPerformanceRating
FNF:6
FNH:0
FNDA:0,getOptimalPoseConfig
FNDA:0,adjustConfigForThermalState
FNDA:0,adjustConfigForBatteryLevel
FNDA:0,getModelPath
FNDA:0,validatePoseConfig
FNDA:0,getPerformanceRating
DA:12,0
DA:27,0
DA:86,0
DA:115,0
DA:145,0
DA:149,0
DA:150,0
DA:152,0
DA:170,0
DA:172,0
DA:193,0
DA:194,0
DA:195,0
DA:196,0
DA:197,0
DA:198,0
DA:200,0
DA:203,0
DA:221,0
DA:223,0
DA:224,0
DA:226,0
DA:237,0
DA:240,0
DA:241,0
DA:244,0
DA:245,0
DA:248,0
DA:249,0
DA:253,0
DA:254,0
DA:255,0
DA:259,0
DA:260,0
DA:264,0
DA:268,0
DA:271,0
DA:280,0
DA:324,0
DA:325,0
DA:329,0
DA:337,0
DA:345,0
DA:353,0
DA:363,0
DA:365,0
DA:366,0
DA:368,0
DA:369,0
DA:371,0
DA:372,0
DA:374,0
LF:52
LH:0
BRDA:158,0,0,0
BRDA:158,0,1,0
BRDA:159,1,0,0
BRDA:159,1,1,0
BRDA:175,2,0,0
BRDA:175,2,1,0
BRDA:178,3,0,0
BRDA:178,3,1,0
BRDA:193,4,0,0
BRDA:193,4,1,0
BRDA:195,5,0,0
BRDA:195,5,1,0
BRDA:197,6,0,0
BRDA:197,6,1,0
BRDA:206,7,0,0
BRDA:206,7,1,0
BRDA:209,8,0,0
BRDA:209,8,1,0
BRDA:219,9,0,0
BRDA:223,10,0,0
BRDA:223,10,1,0
BRDA:240,11,0,0
BRDA:240,11,1,0
BRDA:240,12,0,0
BRDA:240,12,1,0
BRDA:244,13,0,0
BRDA:244,13,1,0
BRDA:244,14,0,0
BRDA:244,14,1,0
BRDA:248,15,0,0
BRDA:248,15,1,0
BRDA:248,16,0,0
BRDA:248,16,1,0
BRDA:254,17,0,0
BRDA:254,17,1,0
BRDA:254,18,0,0
BRDA:254,18,1,0
BRDA:254,18,2,0
BRDA:254,18,3,0
BRDA:259,19,0,0
BRDA:259,19,1,0
BRDA:259,20,0,0
BRDA:259,20,1,0
BRDA:264,21,0,0
BRDA:264,21,1,0
BRDA:265,22,0,0
BRDA:265,22,1,0
BRDA:265,22,2,0
BRDA:329,23,0,0
BRDA:329,23,1,0
BRDA:331,24,0,0
BRDA:331,24,1,0
BRDA:333,25,0,0
BRDA:333,25,1,0
BRDA:337,26,0,0
BRDA:337,26,1,0
BRDA:339,27,0,0
BRDA:339,27,1,0
BRDA:341,28,0,0
BRDA:341,28,1,0
BRDA:345,29,0,0
BRDA:345,29,1,0
BRDA:347,30,0,0
BRDA:347,30,1,0
BRDA:349,31,0,0
BRDA:349,31,1,0
BRDA:353,32,0,0
BRDA:353,32,1,0
BRDA:355,33,0,0
BRDA:355,33,1,0
BRDA:357,34,0,0
BRDA:357,34,1,0
BRDA:365,35,0,0
BRDA:365,35,1,0
BRDA:368,36,0,0
BRDA:368,36,1,0
BRDA:371,37,0,0
BRDA:371,37,1,0
BRF:78
BRH:0
end_of_record
TN:
SF:features/CameraRecording/hooks/useAdaptiveQuality.ts
FN:123,(anonymous_0)
FN:145,(anonymous_1)
FN:191,(anonymous_2)
FN:369,(anonymous_3)
FN:384,(anonymous_4)
FN:434,(anonymous_5)
FN:441,(anonymous_6)
FN:472,(anonymous_7)
FN:473,(anonymous_8)
FN:481,(anonymous_9)
FN:487,(anonymous_10)
FN:492,(anonymous_11)
FN:496,(anonymous_12)
FN:500,(anonymous_13)
FN:511,(anonymous_14)
FN:535,(anonymous_15)
FN:547,(anonymous_16)
FN:551,(anonymous_17)
FN:556,(anonymous_18)
FN:561,(anonymous_19)
FN:564,(anonymous_20)
FN:567,(anonymous_21)
FN:574,(anonymous_22)
FN:580,(anonymous_23)
FNF:24
FNH:0
FNDA:0,(anonymous_0)
FNDA:0,(anonymous_1)
FNDA:0,(anonymous_2)
FNDA:0,(anonymous_3)
FNDA:0,(anonymous_4)
FNDA:0,(anonymous_5)
FNDA:0,(anonymous_6)
FNDA:0,(anonymous_7)
FNDA:0,(anonymous_8)
FNDA:0,(anonymous_9)
FNDA:0,(anonymous_10)
FNDA:0,(anonymous_11)
FNDA:0,(anonymous_12)
FNDA:0,(anonymous_13)
FNDA:0,(anonymous_14)
FNDA:0,(anonymous_15)
FNDA:0,(anonymous_16)
FNDA:0,(anonymous_17)
FNDA:0,(anonymous_18)
FNDA:0,(anonymous_19)
FNDA:0,(anonymous_20)
FNDA:0,(anonymous_21)
FNDA:0,(anonymous_22)
FNDA:0,(anonymous_23)
DA:72,0
DA:93,0
DA:108,0
DA:123,0
DA:126,0
DA:130,0
DA:133,0
DA:134,0
DA:137,0
DA:138,0
DA:139,0
DA:144,0
DA:146,0
DA:149,0
DA:151,0
DA:152,0
DA:154,0
DA:155,0
DA:157,0
DA:158,0
DA:160,0
DA:161,0
DA:165,0
DA:168,0
DA:171,0
DA:173,0
DA:174,0
DA:176,0
DA:177,0
DA:179,0
DA:180,0
DA:183,0
DA:191,0
DA:192,0
DA:194,0
DA:195,0
DA:197,0
DA:198,0
DA:201,0
DA:202,0
DA:204,0
DA:218,0
DA:219,0
DA:222,0
DA:234,0
DA:235,0
DA:238,0
DA:247,0
DA:248,0
DA:253,0
DA:254,0
DA:255,0
DA:263,0
DA:264,0
DA:265,0
DA:273,0
DA:278,0
DA:279,0
DA:286,0
DA:287,0
DA:288,0
DA:293,0
DA:297,0
DA:298,0
DA:304,0
DA:305,0
DA:306,0
DA:311,0
DA:315,0
DA:317,0
DA:326,0
DA:330,0
DA:331,0
DA:339,0
DA:343,0
DA:347,0
DA:349,0
DA:350,0
DA:351,0
DA:356,0
DA:358,0
DA:359,0
DA:363,0
DA:369,0
DA:370,0
DA:372,0
DA:374,0
DA:375,0
DA:377,0
DA:379,0
DA:380,0
DA:381,0
DA:383,0
DA:384,0
DA:392,0
DA:402,0
DA:419,0
DA:434,0
DA:435,0
DA:441,0
DA:442,0
DA:443,0
DA:445,0
DA:446,0
DA:449,0
DA:450,0
DA:453,0
DA:454,0
DA:457,0
DA:460,0
DA:465,0
DA:471,0
DA:473,0
DA:481,0
DA:482,0
DA:483,0
DA:487,0
DA:488,0
DA:490,0
DA:492,0
DA:496,0
DA:497,0
DA:500,0
DA:501,0
DA:502,0
DA:507,0
DA:511,0
DA:519,0
DA:536,0
DA:547,0
DA:548,0
DA:550,0
DA:552,0
DA:557,0
DA:562,0
DA:565,0
DA:568,0
DA:574,0
DA:575,0
DA:576,0
DA:581,0
DA:582,0
DA:589,0
LF:143
LH:0
BRDA:124,0,0,0
BRDA:149,1,0,0
BRDA:149,1,1,0
BRDA:149,1,2,0
BRDA:149,1,3,0
BRDA:171,2,0,0
BRDA:171,2,1,0
BRDA:171,2,2,0
BRDA:192,3,0,0
BRDA:192,3,1,0
BRDA:201,4,0,0
BRDA:201,4,1,0
BRDA:202,5,0,0
BRDA:202,5,1,0
BRDA:202,5,2,0
BRDA:253,6,0,0
BRDA:253,6,1,0
BRDA:254,7,0,0
BRDA:254,7,1,0
BRDA:263,8,0,0
BRDA:263,8,1,0
BRDA:264,9,0,0
BRDA:264,9,1,0
BRDA:269,10,0,0
BRDA:269,10,1,0
BRDA:273,11,0,0
BRDA:273,11,1,0
BRDA:278,12,0,0
BRDA:278,12,1,0
BRDA:286,13,0,0
BRDA:286,13,1,0
BRDA:287,14,0,0
BRDA:287,14,1,0
BRDA:293,15,0,0
BRDA:293,15,1,0
BRDA:297,16,0,0
BRDA:297,16,1,0
BRDA:304,17,0,0
BRDA:304,17,1,0
BRDA:305,18,0,0
BRDA:305,18,1,0
BRDA:311,19,0,0
BRDA:311,19,1,0
BRDA:315,20,0,0
BRDA:315,20,1,0
BRDA:315,20,2,0
BRDA:320,21,0,0
BRDA:320,21,1,0
BRDA:330,22,0,0
BRDA:330,22,1,0
BRDA:330,23,0,0
BRDA:330,23,1,0
BRDA:330,23,2,0
BRDA:347,24,0,0
BRDA:347,24,1,0
BRDA:349,25,0,0
BRDA:349,25,1,0
BRDA:356,26,0,0
BRDA:356,26,1,0
BRDA:358,27,0,0
BRDA:358,27,1,0
BRDA:358,28,0,0
BRDA:358,28,1,0
BRDA:370,29,0,0
BRDA:370,29,1,0
BRDA:370,30,0,0
BRDA:370,30,1,0
BRDA:379,31,0,0
BRDA:379,31,1,0
BRDA:445,32,0,0
BRDA:445,32,1,0
BRDA:449,33,0,0
BRDA:449,33,1,0
BRDA:453,34,0,0
BRDA:453,34,1,0
BRDA:457,35,0,0
BRDA:457,35,1,0
BRDA:458,36,0,0
BRDA:458,36,1,0
BRDA:488,37,0,0
BRDA:488,37,1,0
BRDA:502,38,0,0
BRDA:502,38,1,0
BRDA:503,39,0,0
BRDA:503,39,1,0
BRDA:503,39,2,0
BRDA:536,40,0,0
BRDA:536,40,1,0
BRDA:567,41,0,0
BRDA:581,42,0,0
BRDA:581,42,1,0
BRF:91
BRH:0
end_of_record
TN:
SF:features/CameraRecording/hooks/useCameraControls.ts
FN:39,useCameraControls
FN:59,(anonymous_1)
FN:65,(anonymous_2)
FN:70,(anonymous_3)
FN:74,(anonymous_4)
FN:83,(anonymous_5)
FN:90,(anonymous_6)
FN:96,(anonymous_7)
FN:106,(anonymous_8)
FN:109,(anonymous_9)
FN:116,(anonymous_10)
FN:119,(anonymous_11)
FN:126,(anonymous_12)
FN:148,(anonymous_13)
FN:149,(anonymous_14)
FN:170,validateCameraSettings
FN:199,getCameraCapabilities
FN:221,performCameraTransition
FN:229,(anonymous_18)
FNF:19
FNH:0
FNDA:0,useCameraControls
FNDA:0,(anonymous_1)
FNDA:0,(anonymous_2)
FNDA:0,(anonymous_3)
FNDA:0,(anonymous_4)
FNDA:0,(anonymous_5)
FNDA:0,(anonymous_6)
FNDA:0,(anonymous_7)
FNDA:0,(anonymous_8)
FNDA:0,(anonymous_9)
FNDA:0,(anonymous_10)
FNDA:0,(anonymous_11)
FNDA:0,(anonymous_12)
FNDA:0,(anonymous_13)
FNDA:0,(anonymous_14)
FNDA:0,validateCameraSettings
FNDA:0,getCameraCapabilities
FNDA:0,performCameraTransition
FNDA:0,(anonymous_18)
DA:46,0
DA:48,0
DA:56,0
DA:59,0
DA:60,0
DA:61,0
DA:64,0
DA:65,0
DA:67,0
DA:70,0
DA:71,0
DA:74,0
DA:81,0
DA:83,0
DA:84,0
DA:89,0
DA:91,0
DA:92,0
DA:95,0
DA:96,0
DA:97,0
DA:99,0
DA:106,0
DA:107,0
DA:108,0
DA:109,0
DA:111,0
DA:116,0
DA:117,0
DA:118,0
DA:119,0
DA:121,0
DA:126,0
DA:127,0
DA:128,0
DA:136,0
DA:142,0
DA:148,0
DA:149,0
DA:150,0
DA:151,0
DA:156,0
DA:174,0
DA:176,0
DA:177,0
DA:180,0
DA:181,0
DA:184,0
DA:185,0
DA:188,0
DA:189,0
DA:192,0
DA:200,0
DA:201,0
DA:211,0
DA:226,0
DA:229,0
LF:57
LH:0
BRDA:39,0,0,0
BRDA:41,1,0,0
BRDA:42,2,0,0
BRDA:60,3,0,0
BRDA:60,3,1,0
BRDA:67,4,0,0
BRDA:67,4,1,0
BRDA:84,5,0,0
BRDA:84,5,1,0
BRDA:91,6,0,0
BRDA:91,6,1,0
BRDA:99,7,0,0
BRDA:99,7,1,0
BRDA:111,8,0,0
BRDA:111,8,1,0
BRDA:121,9,0,0
BRDA:121,9,1,0
BRDA:136,10,0,0
BRDA:136,10,1,0
BRDA:142,11,0,0
BRDA:142,11,1,0
BRDA:142,11,2,0
BRDA:142,11,3,0
BRDA:150,12,0,0
BRDA:150,12,1,0
BRDA:176,13,0,0
BRDA:176,13,1,0
BRDA:176,14,0,0
BRDA:176,14,1,0
BRDA:180,15,0,0
BRDA:180,15,1,0
BRDA:180,16,0,0
BRDA:180,16,1,0
BRDA:184,17,0,0
BRDA:184,17,1,0
BRDA:184,18,0,0
BRDA:184,18,1,0
BRDA:188,19,0,0
BRDA:188,19,1,0
BRDA:188,20,0,0
BRDA:188,20,1,0
BRDA:200,21,0,0
BRDA:200,21,1,0
BRDA:223,22,0,0
BRF:44
BRH:0
end_of_record
TN:
SF:features/CameraRecording/hooks/useCameraPermissions.native.expo.ts
FN:30,useCameraPermissions
FN:48,(anonymous_1)
FN:58,(anonymous_2)
FN:63,(anonymous_3)
FN:88,useCameraPermissionStatus
FNF:5
FNH:0
FNDA:0,useCameraPermissions
FNDA:0,(anonymous_1)
FNDA:0,(anonymous_2)
FNDA:0,(anonymous_3)
FNDA:0,useCameraPermissionStatus
DA:34,0
DA:45,0
DA:48,0
DA:49,0
DA:50,0
DA:55,0
DA:58,0
DA:59,0
DA:63,0
DA:64,0
DA:67,0
DA:89,0
DA:90,0
LF:13
LH:0
BRDA:31,0,0,0
BRDA:49,1,0,0
BRDA:49,1,1,0
BRDA:55,2,0,0
BRDA:55,2,1,0
BRDA:59,3,0,0
BRDA:59,3,1,0
BRDA:64,4,0,0
BRDA:64,4,1,0
BRDA:91,5,0,0
BRDA:91,5,1,0
BRDA:94,6,0,0
BRDA:94,6,1,0
BRF:13
BRH:0
end_of_record
TN:
SF:features/CameraRecording/hooks/useCameraPermissions.native.ts
FN:69,useBaseCameraPermissions
FN:87,(anonymous_1)
FN:128,(anonymous_2)
FN:157,(anonymous_3)
FN:197,(anonymous_4)
FN:221,(anonymous_5)
FN:298,(anonymous_6)
FN:306,(anonymous_7)
FN:329,useCameraPermissions
FN:353,useCameraPermissionStatus
FN:366,usePermissionModal
FN:369,(anonymous_11)
FN:373,(anonymous_12)
FNF:13
FNH:0
FNDA:0,useBaseCameraPermissions
FNDA:0,(anonymous_1)
FNDA:0,(anonymous_2)
FNDA:0,(anonymous_3)
FNDA:0,(anonymous_4)
FNDA:0,(anonymous_5)
FNDA:0,(anonymous_6)
FNDA:0,(anonymous_7)
FNDA:0,useCameraPermissions
FNDA:0,useCameraPermissionStatus
FNDA:0,usePermissionModal
FNDA:0,(anonymous_11)
FNDA:0,(anonymous_12)
DA:8,0
DA:78,0
DA:80,0
DA:81,0
DA:84,0
DA:87,0
DA:88,0
DA:91,0
DA:127,0
DA:129,0
DA:131,0
DA:133,0
DA:134,0
DA:135,0
DA:136,0
DA:137,0
DA:138,0
DA:141,0
DA:150,0
DA:157,0
DA:159,0
DA:197,0
DA:198,0
DA:199,0
DA:200,0
DA:201,0
DA:202,0
DA:205,0
DA:213,0
DA:214,0
DA:215,0
DA:220,0
DA:223,0
DA:224,0
DA:228,0
DA:232,0
DA:233,0
DA:234,0
DA:237,0
DA:238,0
DA:239,0
DA:240,0
DA:242,0
DA:245,0
DA:246,0
DA:247,0
DA:248,0
DA:252,0
DA:255,0
DA:256,0
DA:257,0
DA:260,0
DA:262,0
DA:263,0
DA:272,0
DA:276,0
DA:277,0
DA:278,0
DA:279,0
DA:282,0
DA:284,0
DA:285,0
DA:286,0
DA:287,0
DA:289,0
DA:290,0
DA:297,0
DA:299,0
DA:300,0
DA:306,0
DA:307,0
DA:310,0
DA:332,0
DA:335,0
DA:339,0
DA:340,0
DA:346,0
DA:347,0
DA:354,0
DA:355,0
DA:367,0
DA:369,0
DA:370,0
DA:373,0
DA:374,0
DA:377,0
LF:86
LH:0
BRDA:70,0,0,0
BRDA:73,1,0,0
BRDA:74,2,0,0
BRDA:88,3,0,0
BRDA:88,3,1,0
BRDA:129,4,0,0
BRDA:129,4,1,0
BRDA:133,5,0,0
BRDA:133,5,1,0
BRDA:135,6,0,0
BRDA:135,6,1,0
BRDA:137,7,0,0
BRDA:137,7,1,0
BRDA:144,8,0,0
BRDA:144,8,1,0
BRDA:145,9,0,0
BRDA:145,9,1,0
BRDA:199,10,0,0
BRDA:199,10,1,0
BRDA:201,11,0,0
BRDA:201,11,1,0
BRDA:223,12,0,0
BRDA:223,12,1,0
BRDA:232,13,0,0
BRDA:232,13,1,0
BRDA:246,14,0,0
BRDA:246,14,1,0
BRDA:255,15,0,0
BRDA:255,15,1,0
BRDA:260,16,0,0
BRDA:260,16,1,0
BRDA:262,17,0,0
BRDA:262,17,1,0
BRDA:276,18,0,0
BRDA:276,18,1,0
BRDA:284,19,0,0
BRDA:284,19,1,0
BRDA:330,20,0,0
BRDA:335,21,0,0
BRDA:335,21,1,0
BRDA:356,22,0,0
BRDA:356,22,1,0
BRDA:359,23,0,0
BRDA:359,23,1,0
BRF:44
BRH:0
end_of_record
TN:
SF:features/CameraRecording/hooks/useCameraPermissions.native.vision.ts
FN:35,useCameraPermissions
FN:63,(anonymous_1)
FN:71,(anonymous_2)
FN:91,(anonymous_3)
FN:96,(anonymous_4)
FN:121,useCameraPermissionStatus
FNF:6
FNH:0
FNDA:0,useCameraPermissions
FNDA:0,(anonymous_1)
FNDA:0,(anonymous_2)
FNDA:0,(anonymous_3)
FNDA:0,(anonymous_4)
FNDA:0,useCameraPermissionStatus
DA:40,0
DA:42,0
DA:53,0
DA:56,0
DA:63,0
DA:64,0
DA:68,0
DA:71,0
DA:72,0
DA:73,0
DA:74,0
DA:76,0
DA:82,0
DA:91,0
DA:92,0
DA:96,0
DA:97,0
DA:100,0
DA:122,0
DA:123,0
LF:20
LH:0
BRDA:36,0,0,0
BRDA:58,1,0,0
BRDA:58,1,1,0
BRDA:77,2,0,0
BRDA:77,2,1,0
BRDA:78,3,0,0
BRDA:78,3,1,0
BRDA:78,4,0,0
BRDA:78,4,1,0
BRDA:79,5,0,0
BRDA:79,5,1,0
BRDA:124,6,0,0
BRDA:124,6,1,0
BRDA:127,7,0,0
BRDA:127,7,1,0
BRF:15
BRH:0
end_of_record
TN:
SF:features/CameraRecording/hooks/useCameraPermissions.ts
FN:58,useCameraPermissions
FN:77,(anonymous_1)
FN:86,(anonymous_2)
FN:93,(anonymous_3)
FN:102,(anonymous_4)
FN:127,(anonymous_5)
FN:131,(anonymous_6)
FN:156,useCameraPermissionStatus
FN:169,usePermissionModal
FN:172,(anonymous_9)
FN:176,(anonymous_10)
FNF:11
FNH:0
FNDA:0,useCameraPermissions
FNDA:0,(anonymous_1)
FNDA:0,(anonymous_2)
FNDA:0,(anonymous_3)
FNDA:0,(anonymous_4)
FNDA:0,(anonymous_5)
FNDA:0,(anonymous_6)
FNDA:0,useCameraPermissionStatus
FNDA:0,usePermissionModal
FNDA:0,(anonymous_9)
FNDA:0,(anonymous_10)
DA:61,0
DA:62,0
DA:63,0
DA:66,0
DA:71,0
DA:74,0
DA:77,0
DA:78,0
DA:82,0
DA:86,0
DA:87,0
DA:88,0
DA:89,0
DA:90,0
DA:93,0
DA:94,0
DA:95,0
DA:96,0
DA:97,0
DA:98,0
DA:99,0
DA:102,0
DA:104,0
DA:106,0
DA:108,0
DA:109,0
DA:110,0
DA:111,0
DA:112,0
DA:114,0
DA:117,0
DA:121,0
DA:122,0
DA:123,0
DA:127,0
DA:128,0
DA:131,0
DA:132,0
DA:135,0
DA:157,0
DA:158,0
DA:170,0
DA:172,0
DA:173,0
DA:176,0
DA:177,0
DA:180,0
LF:47
LH:0
BRDA:59,0,0,0
BRDA:108,1,0,0
BRDA:108,1,1,0
BRDA:110,2,0,0
BRDA:110,2,1,0
BRDA:112,3,0,0
BRDA:112,3,1,0
BRDA:159,4,0,0
BRDA:159,4,1,0
BRDA:162,5,0,0
BRDA:162,5,1,0
BRF:11
BRH:0
end_of_record
TN:
SF:features/CameraRecording/hooks/useCameraScreenLogic.ts
FN:8,(anonymous_0)
FN:27,(anonymous_1)
FN:29,(anonymous_2)
FN:34,(anonymous_3)
FN:42,(anonymous_4)
FN:50,(anonymous_5)
FN:54,(anonymous_6)
FN:66,(anonymous_7)
FN:77,(anonymous_8)
FN:88,(anonymous_9)
FN:104,(anonymous_10)
FN:107,(anonymous_11)
FN:110,(anonymous_12)
FN:113,(anonymous_13)
FN:121,(anonymous_14)
FN:143,(anonymous_15)
FN:147,(anonymous_16)
FN:156,(anonymous_17)
FN:172,(anonymous_18)
FN:195,(anonymous_19)
FN:208,(anonymous_20)
FN:230,(anonymous_21)
FN:247,(anonymous_22)
FN:256,(anonymous_23)
FN:265,(anonymous_24)
FN:283,(anonymous_25)
FN:295,(anonymous_26)
FN:301,(anonymous_27)
FN:325,(anonymous_28)
FN:335,(anonymous_29)
FN:343,(anonymous_30)
FN:354,(anonymous_31)
FN:359,(anonymous_32)
FN:366,(anonymous_33)
FNF:34
FNH:10
FNDA:27,(anonymous_0)
FNDA:19,(anonymous_1)
FNDA:19,(anonymous_2)
FNDA:0,(anonymous_3)
FNDA:0,(anonymous_4)
FNDA:20,(anonymous_5)
FNDA:0,(anonymous_6)
FNDA:0,(anonymous_7)
FNDA:0,(anonymous_8)
FNDA:0,(anonymous_9)
FNDA:0,(anonymous_10)
FNDA:0,(anonymous_11)
FNDA:0,(anonymous_12)
FNDA:0,(anonymous_13)
FNDA:20,(anonymous_14)
FNDA:0,(anonymous_15)
FNDA:0,(anonymous_16)
FNDA:7,(anonymous_17)
FNDA:0,(anonymous_18)
FNDA:0,(anonymous_19)
FNDA:0,(anonymous_20)
FNDA:0,(anonymous_21)
FNDA:0,(anonymous_22)
FNDA:0,(anonymous_23)
FNDA:0,(anonymous_24)
FNDA:0,(anonymous_25)
FNDA:0,(anonymous_26)
FNDA:1,(anonymous_27)
FNDA:0,(anonymous_28)
FNDA:4,(anonymous_29)
FNDA:0,(anonymous_30)
FNDA:0,(anonymous_31)
FNDA:3,(anonymous_32)
FNDA:1,(anonymous_33)
DA:8,4
DA:16,27
DA:17,27
DA:18,27
DA:19,27
DA:22,27
DA:23,27
DA:24,27
DA:27,27
DA:28,19
DA:29,19
DA:30,19
DA:34,27
DA:35,0
DA:38,27
DA:39,27
DA:42,27
DA:43,0
DA:50,27
DA:52,20
DA:53,0
DA:56,0
DA:57,0
DA:58,0
DA:60,0
DA:61,0
DA:62,0
DA:64,0
DA:67,0
DA:68,0
DA:69,0
DA:71,0
DA:72,0
DA:73,0
DA:75,0
DA:78,0
DA:79,0
DA:80,0
DA:82,0
DA:83,0
DA:84,0
DA:86,0
DA:89,0
DA:90,0
DA:91,0
DA:93,0
DA:94,0
DA:95,0
DA:97,0
DA:103,20
DA:105,0
DA:108,0
DA:111,0
DA:114,0
DA:121,27
DA:122,20
DA:123,20
DA:140,27
DA:148,0
DA:155,27
DA:157,7
DA:160,7
DA:163,7
DA:172,27
DA:173,0
DA:174,0
DA:177,0
DA:178,0
DA:181,0
DA:183,0
DA:187,0
DA:188,0
DA:190,0
DA:195,0
DA:196,0
DA:199,0
DA:203,0
DA:207,27
DA:209,0
DA:213,0
DA:216,0
DA:217,0
DA:218,0
DA:219,0
DA:221,0
DA:230,27
DA:231,0
DA:232,0
DA:233,0
DA:235,0
DA:236,0
DA:237,0
DA:238,0
DA:240,0
DA:241,0
DA:243,0
DA:247,27
DA:248,0
DA:249,0
DA:250,0
DA:252,0
DA:256,27
DA:257,0
DA:258,0
DA:259,0
DA:261,0
DA:265,27
DA:266,0
DA:267,0
DA:268,0
DA:269,0
DA:271,0
DA:272,0
DA:273,0
DA:274,0
DA:276,0
DA:279,0
DA:283,27
DA:284,0
DA:285,0
DA:286,0
DA:288,0
DA:289,0
DA:291,0
DA:295,27
DA:297,0
DA:300,27
DA:302,1
DA:309,1
DA:312,1
DA:325,27
DA:327,0
DA:331,27
DA:333,27
DA:335,27
DA:336,4
DA:337,0
DA:338,0
DA:340,4
DA:343,27
DA:344,0
DA:345,0
DA:346,0
DA:347,0
DA:349,0
DA:351,0
DA:354,27
DA:355,0
DA:358,27
DA:360,3
DA:361,3
DA:366,27
DA:367,1
DA:368,1
DA:372,27
DA:376,27
DA:378,27
LF:157
LH:56
BRDA:52,0,0,0
BRDA:52,0,1,20
BRDA:52,1,0,20
BRDA:52,1,1,3
BRDA:56,2,0,0
BRDA:56,2,1,0
BRDA:60,3,0,0
BRDA:60,3,1,0
BRDA:67,4,0,0
BRDA:67,4,1,0
BRDA:71,5,0,0
BRDA:71,5,1,0
BRDA:78,6,0,0
BRDA:78,6,1,0
BRDA:82,7,0,0
BRDA:82,7,1,0
BRDA:89,8,0,0
BRDA:89,8,1,0
BRDA:93,9,0,0
BRDA:93,9,1,0
BRDA:122,10,0,20
BRDA:122,10,1,0
BRDA:173,11,0,0
BRDA:173,11,1,0
BRDA:177,12,0,0
BRDA:177,12,1,0
BRDA:187,13,0,0
BRDA:187,13,1,0
BRDA:200,14,0,0
BRDA:200,14,1,0
BRDA:216,15,0,0
BRDA:216,15,1,0
BRDA:222,16,0,0
BRDA:222,16,1,0
BRDA:231,17,0,0
BRDA:231,17,1,0
BRDA:235,18,0,0
BRDA:235,18,1,0
BRDA:236,19,0,0
BRDA:236,19,1,0
BRDA:248,20,0,0
BRDA:248,20,1,0
BRDA:257,21,0,0
BRDA:257,21,1,0
BRDA:267,22,0,0
BRDA:267,22,1,0
BRDA:277,23,0,0
BRDA:277,23,1,0
BRDA:284,24,0,0
BRDA:284,24,1,0
BRDA:315,25,0,1
BRDA:315,25,1,0
BRDA:315,25,2,0
BRDA:317,26,0,0
BRDA:317,26,1,0
BRDA:319,27,0,0
BRDA:319,27,1,1
BRDA:336,28,0,0
BRDA:336,28,1,4
BRDA:336,29,0,4
BRDA:336,29,1,4
BRDA:372,30,0,0
BRDA:372,30,1,27
BRDA:372,31,0,27
BRDA:372,31,1,27
BRF:65
BRH:12
end_of_record
TN:
SF:features/CameraRecording/hooks/useEnhancedCameraSwap.ts
FN:77,(anonymous_0)
FN:117,(anonymous_1)
FN:146,(anonymous_2)
FN:161,(anonymous_3)
FN:170,(anonymous_4)
FN:190,(anonymous_5)
FN:202,(anonymous_6)
FN:224,(anonymous_7)
FN:229,(anonymous_8)
FN:253,(anonymous_9)
FN:257,(anonymous_10)
FN:280,(anonymous_11)
FN:291,(anonymous_12)
FN:298,(anonymous_13)
FN:301,(anonymous_14)
FN:316,(anonymous_15)
FN:329,(anonymous_16)
FN:354,(anonymous_17)
FN:378,(anonymous_18)
FN:403,(anonymous_19)
FN:404,(anonymous_20)
FN:417,(anonymous_21)
FN:433,(anonymous_22)
FN:461,(anonymous_23)
FN:462,(anonymous_24)
FN:472,(anonymous_25)
FN:474,(anonymous_26)
FN:475,(anonymous_27)
FN:481,(anonymous_28)
FN:494,(anonymous_29)
FN:495,(anonymous_30)
FN:501,(anonymous_31)
FN:513,(anonymous_32)
FN:520,(anonymous_33)
FN:521,(anonymous_34)
FN:547,(anonymous_35)
FN:548,(anonymous_36)
FN:549,(anonymous_37)
FN:566,(anonymous_38)
FN:567,(anonymous_39)
FN:570,(anonymous_40)
FN:579,(anonymous_41)
FNF:42
FNH:0
FNDA:0,(anonymous_0)
FNDA:0,(anonymous_1)
FNDA:0,(anonymous_2)
FNDA:0,(anonymous_3)
FNDA:0,(anonymous_4)
FNDA:0,(anonymous_5)
FNDA:0,(anonymous_6)
FNDA:0,(anonymous_7)
FNDA:0,(anonymous_8)
FNDA:0,(anonymous_9)
FNDA:0,(anonymous_10)
FNDA:0,(anonymous_11)
FNDA:0,(anonymous_12)
FNDA:0,(anonymous_13)
FNDA:0,(anonymous_14)
FNDA:0,(anonymous_15)
FNDA:0,(anonymous_16)
FNDA:0,(anonymous_17)
FNDA:0,(anonymous_18)
FNDA:0,(anonymous_19)
FNDA:0,(anonymous_20)
FNDA:0,(anonymous_21)
FNDA:0,(anonymous_22)
FNDA:0,(anonymous_23)
FNDA:0,(anonymous_24)
FNDA:0,(anonymous_25)
FNDA:0,(anonymous_26)
FNDA:0,(anonymous_27)
FNDA:0,(anonymous_28)
FNDA:0,(anonymous_29)
FNDA:0,(anonymous_30)
FNDA:0,(anonymous_31)
FNDA:0,(anonymous_32)
FNDA:0,(anonymous_33)
FNDA:0,(anonymous_34)
FNDA:0,(anonymous_35)
FNDA:0,(anonymous_36)
FNDA:0,(anonymous_37)
FNDA:0,(anonymous_38)
FNDA:0,(anonymous_39)
FNDA:0,(anonymous_40)
FNDA:0,(anonymous_41)
DA:55,0
DA:63,0
DA:77,0
DA:80,0
DA:85,0
DA:88,0
DA:89,0
DA:90,0
DA:100,0
DA:101,0
DA:102,0
DA:105,0
DA:106,0
DA:107,0
DA:110,0
DA:111,0
DA:116,0
DA:118,0
DA:120,0
DA:146,0
DA:148,0
DA:149,0
DA:152,0
DA:161,0
DA:166,0
DA:167,0
DA:169,0
DA:170,0
DA:171,0
DA:177,0
DA:178,0
DA:186,0
DA:187,0
DA:189,0
DA:190,0
DA:194,0
DA:202,0
DA:203,0
DA:205,0
DA:206,0
DA:212,0
DA:224,0
DA:225,0
DA:227,0
DA:229,0
DA:231,0
DA:257,0
DA:258,0
DA:281,0
DA:291,0
DA:295,0
DA:297,0
DA:298,0
DA:299,0
DA:301,0
DA:302,0
DA:305,0
DA:308,0
DA:310,0
DA:316,0
DA:317,0
DA:329,0
DA:333,0
DA:334,0
DA:337,0
DA:340,0
DA:343,0
DA:346,0
DA:348,0
DA:352,0
DA:354,0
DA:355,0
DA:361,0
DA:364,0
DA:377,0
DA:379,0
DA:380,0
DA:382,0
DA:384,0
DA:385,0
DA:389,0
DA:390,0
DA:394,0
DA:395,0
DA:396,0
DA:397,0
DA:400,0
DA:403,0
DA:404,0
DA:405,0
DA:410,0
DA:416,0
DA:417,0
DA:426,0
DA:428,0
DA:431,0
DA:433,0
DA:438,0
DA:440,0
DA:443,0
DA:444,0
DA:445,0
DA:460,0
DA:462,0
DA:463,0
DA:472,0
DA:473,0
DA:474,0
DA:475,0
DA:481,0
DA:482,0
DA:484,0
DA:485,0
DA:488,0
DA:494,0
DA:495,0
DA:501,0
DA:502,0
DA:513,0
DA:514,0
DA:515,0
DA:520,0
DA:521,0
DA:522,0
DA:523,0
DA:525,0
DA:526,0
DA:531,0
DA:547,0
DA:548,0
DA:549,0
DA:566,0
DA:568,0
DA:571,0
DA:579,0
DA:580,0
DA:586,0
LF:137
LH:0
BRDA:78,0,0,0
BRDA:166,1,0,0
BRDA:166,1,1,0
BRDA:169,2,0,0
BRDA:169,2,1,0
BRDA:177,3,0,0
BRDA:177,3,1,0
BRDA:186,4,0,0
BRDA:186,4,1,0
BRDA:189,5,0,0
BRDA:189,5,1,0
BRDA:205,6,0,0
BRDA:205,6,1,0
BRDA:225,7,0,0
BRDA:225,7,1,0
BRDA:237,8,0,0
BRDA:237,8,1,0
BRDA:264,9,0,0
BRDA:264,9,1,0
BRDA:295,10,0,0
BRDA:295,10,1,0
BRDA:305,11,0,0
BRDA:305,11,1,0
BRDA:305,12,0,0
BRDA:305,12,1,0
BRDA:331,13,0,0
BRDA:352,14,0,0
BRDA:352,14,1,0
BRDA:385,15,0,0
BRDA:385,15,1,0
BRDA:386,16,0,0
BRDA:386,16,1,0
BRDA:389,17,0,0
BRDA:389,17,1,0
BRDA:395,18,0,0
BRDA:395,18,1,0
BRDA:396,19,0,0
BRDA:396,19,1,0
BRDA:421,20,0,0
BRDA:421,20,1,0
BRDA:428,21,0,0
BRDA:428,21,1,0
BRDA:443,22,0,0
BRDA:443,22,1,0
BRDA:462,23,0,0
BRDA:462,23,1,0
BRDA:482,24,0,0
BRDA:482,24,1,0
BRDA:485,25,0,0
BRDA:485,25,1,0
BRDA:486,26,0,0
BRDA:486,26,1,0
BRDA:514,27,0,0
BRDA:514,27,1,0
BRDA:522,28,0,0
BRDA:522,28,1,0
BRDA:525,29,0,0
BRDA:525,29,1,0
BRDA:568,30,0,0
BRDA:568,30,1,0
BRDA:571,31,0,0
BRDA:571,31,1,0
BRDA:589,32,0,0
BRDA:589,32,1,0
BRF:64
BRH:0
end_of_record
TN:
SF:features/CameraRecording/hooks/useEnhancedZoom.ts
FN:71,(anonymous_0)
FN:109,(anonymous_1)
FN:117,(anonymous_2)
FN:151,(anonymous_3)
FN:152,(anonymous_4)
FN:160,(anonymous_5)
FN:170,(anonymous_6)
FN:183,(anonymous_7)
FN:204,(anonymous_8)
FN:206,(anonymous_9)
FN:213,(anonymous_10)
FN:220,(anonymous_11)
FN:251,(anonymous_12)
FN:252,(anonymous_13)
FN:264,(anonymous_14)
FN:265,(anonymous_15)
FN:288,(anonymous_16)
FN:300,(anonymous_17)
FN:321,(anonymous_18)
FN:324,(anonymous_19)
FN:338,(anonymous_20)
FN:343,(anonymous_21)
FN:356,(anonymous_22)
FN:366,(anonymous_23)
FN:377,(anonymous_24)
FN:382,(anonymous_25)
FN:390,(anonymous_26)
FN:396,(anonymous_27)
FN:412,(anonymous_28)
FN:414,(anonymous_29)
FN:432,(anonymous_30)
FN:433,(anonymous_31)
FN:437,(anonymous_32)
FN:442,(anonymous_33)
FN:461,(anonymous_34)
FN:470,(anonymous_35)
FN:471,(anonymous_36)
FN:505,(anonymous_37)
FN:507,(anonymous_38)
FN:508,(anonymous_39)
FN:519,(anonymous_40)
FNF:41
FNH:0
FNDA:0,(anonymous_0)
FNDA:0,(anonymous_1)
FNDA:0,(anonymous_2)
FNDA:0,(anonymous_3)
FNDA:0,(anonymous_4)
FNDA:0,(anonymous_5)
FNDA:0,(anonymous_6)
FNDA:0,(anonymous_7)
FNDA:0,(anonymous_8)
FNDA:0,(anonymous_9)
FNDA:0,(anonymous_10)
FNDA:0,(anonymous_11)
FNDA:0,(anonymous_12)
FNDA:0,(anonymous_13)
FNDA:0,(anonymous_14)
FNDA:0,(anonymous_15)
FNDA:0,(anonymous_16)
FNDA:0,(anonymous_17)
FNDA:0,(anonymous_18)
FNDA:0,(anonymous_19)
FNDA:0,(anonymous_20)
FNDA:0,(anonymous_21)
FNDA:0,(anonymous_22)
FNDA:0,(anonymous_23)
FNDA:0,(anonymous_24)
FNDA:0,(anonymous_25)
FNDA:0,(anonymous_26)
FNDA:0,(anonymous_27)
FNDA:0,(anonymous_28)
FNDA:0,(anonymous_29)
FNDA:0,(anonymous_30)
FNDA:0,(anonymous_31)
FNDA:0,(anonymous_32)
FNDA:0,(anonymous_33)
FNDA:0,(anonymous_34)
FNDA:0,(anonymous_35)
FNDA:0,(anonymous_36)
FNDA:0,(anonymous_37)
FNDA:0,(anonymous_38)
FNDA:0,(anonymous_39)
FNDA:0,(anonymous_40)
DA:54,0
DA:66,0
DA:71,0
DA:72,0
DA:77,0
DA:86,0
DA:98,0
DA:99,0
DA:100,0
DA:103,0
DA:104,0
DA:109,0
DA:110,0
DA:111,0
DA:113,0
DA:116,0
DA:117,0
DA:120,0
DA:121,0
DA:124,0
DA:125,0
DA:127,0
DA:128,0
DA:130,0
DA:131,0
DA:132,0
DA:134,0
DA:135,0
DA:136,0
DA:138,0
DA:139,0
DA:144,0
DA:145,0
DA:149,0
DA:150,0
DA:151,0
DA:152,0
DA:160,0
DA:161,0
DA:170,0
DA:172,0
DA:182,0
DA:183,0
DA:188,0
DA:203,0
DA:205,0
DA:206,0
DA:207,0
DA:210,0
DA:213,0
DA:220,0
DA:222,0
DA:223,0
DA:227,0
DA:228,0
DA:230,0
DA:231,0
DA:234,0
DA:235,0
DA:238,0
DA:239,0
DA:242,0
DA:247,0
DA:252,0
DA:260,0
DA:264,0
DA:265,0
DA:266,0
DA:267,0
DA:268,0
DA:270,0
DA:287,0
DA:289,0
DA:295,0
DA:297,0
DA:298,0
DA:300,0
DA:320,0
DA:322,0
DA:323,0
DA:324,0
DA:327,0
DA:328,0
DA:337,0
DA:339,0
DA:340,0
DA:343,0
DA:345,0
DA:346,0
DA:355,0
DA:357,0
DA:365,0
DA:367,0
DA:368,0
DA:376,0
DA:378,0
DA:380,0
DA:382,0
DA:383,0
DA:386,0
DA:390,0
DA:392,0
DA:393,0
DA:396,0
DA:403,0
DA:412,0
DA:413,0
DA:414,0
DA:417,0
DA:432,0
DA:433,0
DA:437,0
DA:438,0
DA:442,0
DA:443,0
DA:444,0
DA:445,0
DA:448,0
DA:449,0
DA:461,0
DA:462,0
DA:464,0
DA:465,0
DA:470,0
DA:471,0
DA:472,0
DA:473,0
DA:478,0
DA:506,0
DA:508,0
DA:509,0
DA:519,0
DA:520,0
DA:522,0
LF:134
LH:0
BRDA:71,0,0,0
BRDA:120,1,0,0
BRDA:120,1,1,0
BRDA:121,2,0,0
BRDA:121,2,1,0
BRDA:127,3,0,0
BRDA:127,3,1,0
BRDA:128,4,0,0
BRDA:128,4,1,0
BRDA:128,4,2,0
BRDA:144,5,0,0
BRDA:144,5,1,0
BRDA:144,6,0,0
BRDA:144,6,1,0
BRDA:149,7,0,0
BRDA:149,7,1,0
BRDA:151,8,0,0
BRDA:151,8,1,0
BRDA:156,9,0,0
BRDA:156,9,1,0
BRDA:160,10,0,0
BRDA:160,10,1,0
BRDA:178,11,0,0
BRDA:178,11,1,0
BRDA:205,12,0,0
BRDA:205,12,1,0
BRDA:210,13,0,0
BRDA:210,13,1,0
BRDA:222,14,0,0
BRDA:222,14,1,0
BRDA:228,15,0,0
BRDA:228,15,1,0
BRDA:228,15,2,0
BRDA:228,15,3,0
BRDA:266,16,0,0
BRDA:266,16,1,0
BRDA:288,17,0,0
BRDA:297,18,0,0
BRDA:297,18,1,0
BRDA:297,19,0,0
BRDA:297,19,1,0
BRDA:321,20,0,0
BRDA:327,21,0,0
BRDA:327,21,1,0
BRDA:338,22,0,0
BRDA:345,23,0,0
BRDA:345,23,1,0
BRDA:356,24,0,0
BRDA:366,25,0,0
BRDA:378,26,0,0
BRDA:378,26,1,0
BRDA:380,27,0,0
BRDA:380,27,1,0
BRDA:380,27,2,0
BRDA:423,28,0,0
BRDA:423,28,1,0
BRDA:424,29,0,0
BRDA:424,29,1,0
BRDA:444,30,0,0
BRDA:444,30,1,0
BRDA:448,31,0,0
BRDA:448,31,1,0
BRDA:448,32,0,0
BRDA:448,32,1,0
BRDA:464,33,0,0
BRDA:464,33,1,0
BRDA:472,34,0,0
BRDA:472,34,1,0
BRDA:506,35,0,0
BRDA:506,35,1,0
BRDA:509,36,0,0
BRDA:509,36,1,0
BRF:72
BRH:0
end_of_record
TN:
SF:features/CameraRecording/hooks/useFrameProcessing.ts
FN:68,useFrameProcessing
FN:112,(anonymous_1)
FN:134,(anonymous_2)
FN:147,(anonymous_3)
FN:183,(anonymous_4)
FN:233,(anonymous_5)
FN:280,(anonymous_6)
FN:321,(anonymous_7)
FN:324,(anonymous_8)
FN:327,(anonymous_9)
FN:339,(anonymous_10)
FN:346,(anonymous_11)
FN:353,(anonymous_12)
FN:357,(anonymous_13)
FN:363,(anonymous_14)
FN:368,(anonymous_15)
FN:384,(anonymous_16)
FN:396,(anonymous_17)
FN:406,(anonymous_18)
FN:408,(anonymous_19)
FN:421,(anonymous_20)
FN:429,(anonymous_21)
FN:441,(anonymous_22)
FN:496,useFrameProcessingWithAutoOptimization
FN:515,(anonymous_24)
FN:535,(anonymous_25)
FN:562,(anonymous_26)
FN:563,(anonymous_27)
FN:568,(anonymous_28)
FN:569,(anonymous_29)
FN:574,(anonymous_30)
FNF:31
FNH:0
FNDA:0,useFrameProcessing
FNDA:0,(anonymous_1)
FNDA:0,(anonymous_2)
FNDA:0,(anonymous_3)
FNDA:0,(anonymous_4)
FNDA:0,(anonymous_5)
FNDA:0,(anonymous_6)
FNDA:0,(anonymous_7)
FNDA:0,(anonymous_8)
FNDA:0,(anonymous_9)
FNDA:0,(anonymous_10)
FNDA:0,(anonymous_11)
FNDA:0,(anonymous_12)
FNDA:0,(anonymous_13)
FNDA:0,(anonymous_14)
FNDA:0,(anonymous_15)
FNDA:0,(anonymous_16)
FNDA:0,(anonymous_17)
FNDA:0,(anonymous_18)
FNDA:0,(anonymous_19)
FNDA:0,(anonymous_20)
FNDA:0,(anonymous_21)
FNDA:0,(anonymous_22)
FNDA:0,useFrameProcessingWithAutoOptimization
FNDA:0,(anonymous_24)
FNDA:0,(anonymous_25)
FNDA:0,(anonymous_26)
FNDA:0,(anonymous_27)
FNDA:0,(anonymous_28)
FNDA:0,(anonymous_29)
FNDA:0,(anonymous_30)
DA:58,0
DA:72,0
DA:75,0
DA:87,0
DA:107,0
DA:112,0
DA:113,0
DA:114,0
DA:116,0
DA:119,0
DA:120,0
DA:123,0
DA:126,0
DA:130,0
DA:134,0
DA:146,0
DA:148,0
DA:150,0
DA:156,0
DA:159,0
DA:164,0
DA:167,0
DA:172,0
DA:175,0
DA:183,0
DA:184,0
DA:185,0
DA:188,0
DA:190,0
DA:192,0
DA:197,0
DA:200,0
DA:205,0
DA:208,0
DA:213,0
DA:216,0
DA:221,0
DA:224,0
DA:225,0
DA:232,0
DA:234,0
DA:235,0
DA:238,0
DA:240,0
DA:242,0
DA:246,0
DA:249,0
DA:253,0
DA:256,0
DA:260,0
DA:264,0
DA:265,0
DA:267,0
DA:270,0
DA:271,0
DA:280,0
DA:281,0
DA:282,0
DA:285,0
DA:287,0
DA:288,0
DA:293,0
DA:294,0
DA:299,0
DA:300,0
DA:307,0
DA:308,0
DA:310,0
DA:313,0
DA:314,0
DA:321,0
DA:322,0
DA:323,0
DA:324,0
DA:327,0
DA:332,0
DA:339,0
DA:340,0
DA:341,0
DA:344,0
DA:345,0
DA:346,0
DA:353,0
DA:354,0
DA:355,0
DA:357,0
DA:363,0
DA:364,0
DA:365,0
DA:368,0
DA:383,0
DA:385,0
DA:386,0
DA:395,0
DA:397,0
DA:398,0
DA:400,0
DA:406,0
DA:407,0
DA:408,0
DA:421,0
DA:422,0
DA:423,0
DA:426,0
DA:428,0
DA:429,0
DA:430,0
DA:441,0
DA:442,0
DA:443,0
DA:451,0
DA:500,0
DA:508,0
DA:515,0
DA:516,0
DA:519,0
DA:522,0
DA:523,0
DA:527,0
DA:528,0
DA:531,0
DA:534,0
DA:535,0
DA:542,0
DA:543,0
DA:545,0
DA:555,0
DA:563,0
DA:569,0
DA:575,0
LF:130
LH:0
BRDA:69,0,0,0
BRDA:114,1,0,0
BRDA:114,1,1,0
BRDA:136,2,0,0
BRDA:136,2,1,0
BRDA:150,3,0,0
BRDA:150,3,1,0
BRDA:151,4,0,0
BRDA:151,4,1,0
BRDA:151,4,2,0
BRDA:159,5,0,0
BRDA:159,5,1,0
BRDA:160,6,0,0
BRDA:160,6,1,0
BRDA:160,6,2,0
BRDA:167,7,0,0
BRDA:167,7,1,0
BRDA:168,8,0,0
BRDA:168,8,1,0
BRDA:168,8,2,0
BRDA:184,9,0,0
BRDA:184,9,1,0
BRDA:184,10,0,0
BRDA:184,10,1,0
BRDA:190,11,0,0
BRDA:190,11,1,0
BRDA:190,11,2,0
BRDA:190,11,3,0
BRDA:224,12,0,0
BRDA:224,12,1,0
BRDA:234,13,0,0
BRDA:234,13,1,0
BRDA:234,14,0,0
BRDA:234,14,1,0
BRDA:240,15,0,0
BRDA:240,15,1,0
BRDA:240,15,2,0
BRDA:240,15,3,0
BRDA:264,16,0,0
BRDA:264,16,1,0
BRDA:270,17,0,0
BRDA:270,17,1,0
BRDA:281,18,0,0
BRDA:281,18,1,0
BRDA:281,19,0,0
BRDA:281,19,1,0
BRDA:287,20,0,0
BRDA:287,20,1,0
BRDA:293,21,0,0
BRDA:293,21,1,0
BRDA:299,22,0,0
BRDA:299,22,1,0
BRDA:307,23,0,0
BRDA:307,23,1,0
BRDA:313,24,0,0
BRDA:313,24,1,0
BRDA:329,25,0,0
BRDA:329,25,1,0
BRDA:340,26,0,0
BRDA:340,26,1,0
BRDA:344,27,0,0
BRDA:344,27,1,0
BRDA:344,28,0,0
BRDA:344,28,1,0
BRDA:354,29,0,0
BRDA:354,29,1,0
BRDA:354,30,0,0
BRDA:354,30,1,0
BRDA:364,31,0,0
BRDA:364,31,1,0
BRDA:364,32,0,0
BRDA:364,32,1,0
BRDA:385,33,0,0
BRDA:385,33,1,0
BRDA:385,34,0,0
BRDA:385,34,1,0
BRDA:397,35,0,0
BRDA:397,35,1,0
BRDA:397,36,0,0
BRDA:397,36,1,0
BRDA:407,37,0,0
BRDA:407,37,1,0
BRDA:410,38,0,0
BRDA:410,38,1,0
BRDA:411,39,0,0
BRDA:411,39,1,0
BRDA:412,40,0,0
BRDA:412,40,1,0
BRDA:413,41,0,0
BRDA:413,41,1,0
BRDA:414,42,0,0
BRDA:414,42,1,0
BRDA:415,43,0,0
BRDA:415,43,1,0
BRDA:422,44,0,0
BRDA:422,44,1,0
BRDA:422,45,0,0
BRDA:422,45,1,0
BRDA:428,46,0,0
BRDA:428,46,1,0
BRDA:442,47,0,0
BRDA:442,47,1,0
BRDA:442,48,0,0
BRDA:442,48,1,0
BRDA:463,49,0,0
BRDA:463,49,1,0
BRDA:483,50,0,0
BRDA:483,50,1,0
BRDA:485,51,0,0
BRDA:485,51,1,0
BRDA:497,52,0,0
BRDA:516,53,0,0
BRDA:516,53,1,0
BRDA:517,54,0,0
BRDA:517,54,1,0
BRDA:527,55,0,0
BRDA:527,55,1,0
BRDA:534,56,0,0
BRDA:534,56,1,0
BRDA:534,57,0,0
BRDA:534,57,1,0
BRDA:548,58,0,0
BRDA:548,58,1,0
BRF:123
BRH:0
end_of_record
TN:
SF:features/CameraRecording/hooks/useKeepAwake.native.ts
FNF:0
FNH:0
DA:3,0
LF:1
LH:0
BRF:0
BRH:0
end_of_record
TN:
SF:features/CameraRecording/hooks/useKeepAwake.ts
FN:1,(anonymous_0)
FNF:1
FNH:0
FNDA:0,(anonymous_0)
DA:1,0
LF:1
LH:0
BRF:0
BRH:0
end_of_record
TN:
SF:features/CameraRecording/hooks/useMVPPoseDetection.broken.ts
FN:70,useMVPPoseDetection
FN:80,(anonymous_1)
FN:100,(anonymous_2)
FN:106,(anonymous_3)
FN:116,(anonymous_4)
FN:123,(anonymous_5)
FN:130,(anonymous_6)
FN:139,(anonymous_7)
FN:142,(anonymous_8)
FN:151,(anonymous_9)
FN:155,(anonymous_10)
FN:160,(anonymous_11)
FN:163,(anonymous_12)
FN:171,(anonymous_13)
FN:172,(anonymous_14)
FN:206,(anonymous_15)
FN:213,(anonymous_16)
FN:226,(anonymous_17)
FN:232,(anonymous_18)
FN:239,(anonymous_19)
FN:259,(anonymous_20)
FNF:21
FNH:0
FNDA:0,useMVPPoseDetection
FNDA:0,(anonymous_1)
FNDA:0,(anonymous_2)
FNDA:0,(anonymous_3)
FNDA:0,(anonymous_4)
FNDA:0,(anonymous_5)
FNDA:0,(anonymous_6)
FNDA:0,(anonymous_7)
FNDA:0,(anonymous_8)
FNDA:0,(anonymous_9)
FNDA:0,(anonymous_10)
FNDA:0,(anonymous_11)
FNDA:0,(anonymous_12)
FNDA:0,(anonymous_13)
FNDA:0,(anonymous_14)
FNDA:0,(anonymous_15)
FNDA:0,(anonymous_16)
FNDA:0,(anonymous_17)
FNDA:0,(anonymous_18)
FNDA:0,(anonymous_19)
FNDA:0,(anonymous_20)
DA:7,0
DA:59,0
DA:73,0
DA:75,0
DA:76,0
DA:80,0
DA:86,0
DA:96,0
DA:97,0
DA:100,0
DA:101,0
DA:102,0
DA:103,0
DA:106,0
DA:113,0
DA:116,0
DA:117,0
DA:122,0
DA:123,0
DA:130,0
DA:135,0
DA:139,0
DA:140,0
DA:142,0
DA:147,0
DA:148,0
DA:151,0
DA:152,0
DA:153,0
DA:154,0
DA:155,0
DA:159,0
DA:161,0
DA:162,0
DA:163,0
DA:171,0
DA:172,0
DA:178,0
DA:202,0
DA:207,0
DA:208,0
DA:212,0
DA:214,0
DA:230,0
DA:232,0
DA:240,0
DA:242,0
DA:243,0
DA:244,0
DA:245,0
DA:246,0
DA:248,0
DA:252,0
DA:260,0
DA:261,0
DA:270,0
LF:56
LH:0
BRDA:75,0,0,0
BRDA:75,0,1,0
BRDA:102,1,0,0
BRDA:102,1,1,0
BRDA:133,2,0,0
BRDA:133,2,1,0
BRDA:152,3,0,0
BRDA:152,3,1,0
BRDA:154,4,0,0
BRDA:154,4,1,0
BRDA:207,5,0,0
BRDA:207,5,1,0
BRDA:207,6,0,0
BRDA:207,6,1,0
BRDA:207,6,2,0
BRDA:214,7,0,0
BRDA:214,7,1,0
BRDA:214,7,2,0
BRDA:214,7,3,0
BRDA:214,7,4,0
BRDA:214,7,5,0
BRDA:240,8,0,0
BRDA:240,8,1,0
BRDA:243,9,0,0
BRDA:243,9,1,0
BRDA:245,10,0,0
BRDA:245,10,1,0
BRDA:262,11,0,0
BRDA:262,11,1,0
BRDA:264,12,0,0
BRDA:264,12,1,0
BRDA:265,13,0,0
BRDA:265,13,1,0
BRF:33
BRH:0
end_of_record
TN:
SF:features/CameraRecording/hooks/useMVPPoseDetection.minimal.ts
FN:18,useMVPPoseDetection
FN:23,(anonymous_1)
FN:40,(anonymous_2)
FN:48,(anonymous_3)
FN:59,(anonymous_4)
FN:61,(anonymous_5)
FN:72,(anonymous_6)
FN:73,(anonymous_7)
FN:74,(anonymous_8)
FN:75,(anonymous_9)
FN:76,(anonymous_10)
FN:78,(anonymous_11)
FN:79,(anonymous_12)
FN:80,(anonymous_13)
FN:81,(anonymous_14)
FN:91,(anonymous_15)
FN:93,(anonymous_16)
FN:102,(anonymous_17)
FN:111,(anonymous_18)
FN:126,(anonymous_19)
FN:133,(anonymous_20)
FN:140,(anonymous_21)
FN:144,(anonymous_22)
FN:151,(anonymous_23)
FN:153,(anonymous_24)
FN:161,(anonymous_25)
FN:162,(anonymous_26)
FN:189,(anonymous_27)
FN:196,(anonymous_28)
FN:209,(anonymous_29)
FN:215,(anonymous_30)
FN:222,(anonymous_31)
FN:242,(anonymous_32)
FNF:33
FNH:0
FNDA:0,useMVPPoseDetection
FNDA:0,(anonymous_1)
FNDA:0,(anonymous_2)
FNDA:0,(anonymous_3)
FNDA:0,(anonymous_4)
FNDA:0,(anonymous_5)
FNDA:0,(anonymous_6)
FNDA:0,(anonymous_7)
FNDA:0,(anonymous_8)
FNDA:0,(anonymous_9)
FNDA:0,(anonymous_10)
FNDA:0,(anonymous_11)
FNDA:0,(anonymous_12)
FNDA:0,(anonymous_13)
FNDA:0,(anonymous_14)
FNDA:0,(anonymous_15)
FNDA:0,(anonymous_16)
FNDA:0,(anonymous_17)
FNDA:0,(anonymous_18)
FNDA:0,(anonymous_19)
FNDA:0,(anonymous_20)
FNDA:0,(anonymous_21)
FNDA:0,(anonymous_22)
FNDA:0,(anonymous_23)
FNDA:0,(anonymous_24)
FNDA:0,(anonymous_25)
FNDA:0,(anonymous_26)
FNDA:0,(anonymous_27)
FNDA:0,(anonymous_28)
FNDA:0,(anonymous_29)
FNDA:0,(anonymous_30)
FNDA:0,(anonymous_31)
FNDA:0,(anonymous_32)
DA:4,0
DA:21,0
DA:23,0
DA:28,0
DA:37,0
DA:38,0
DA:40,0
DA:41,0
DA:43,0
DA:44,0
DA:45,0
DA:48,0
DA:55,0
DA:56,0
DA:57,0
DA:60,0
DA:61,0
DA:67,0
DA:69,0
DA:72,0
DA:73,0
DA:74,0
DA:75,0
DA:76,0
DA:78,0
DA:79,0
DA:80,0
DA:81,0
DA:88,0
DA:89,0
DA:92,0
DA:93,0
DA:102,0
DA:107,0
DA:111,0
DA:112,0
DA:114,0
DA:115,0
DA:116,0
DA:117,0
DA:118,0
DA:120,0
DA:121,0
DA:123,0
DA:126,0
DA:131,0
DA:133,0
DA:140,0
DA:141,0
DA:142,0
DA:143,0
DA:144,0
DA:145,0
DA:150,0
DA:152,0
DA:153,0
DA:161,0
DA:162,0
DA:168,0
DA:185,0
DA:190,0
DA:191,0
DA:195,0
DA:197,0
DA:213,0
DA:215,0
DA:223,0
DA:225,0
DA:226,0
DA:227,0
DA:228,0
DA:229,0
DA:231,0
DA:235,0
DA:243,0
DA:244,0
DA:253,0
LF:77
LH:0
BRDA:44,0,0,0
BRDA:44,0,1,0
BRDA:55,1,0,0
BRDA:55,1,1,0
BRDA:67,2,0,0
BRDA:67,2,1,0
BRDA:67,3,0,0
BRDA:67,3,1,0
BRDA:67,3,2,0
BRDA:105,4,0,0
BRDA:105,4,1,0
BRDA:115,5,0,0
BRDA:115,5,1,0
BRDA:116,6,0,0
BRDA:116,6,1,0
BRDA:135,7,0,0
BRDA:135,7,1,0
BRDA:141,8,0,0
BRDA:141,8,1,0
BRDA:143,9,0,0
BRDA:143,9,1,0
BRDA:190,10,0,0
BRDA:190,10,1,0
BRDA:190,11,0,0
BRDA:190,11,1,0
BRDA:190,11,2,0
BRDA:197,12,0,0
BRDA:197,12,1,0
BRDA:197,12,2,0
BRDA:197,12,3,0
BRDA:197,12,4,0
BRDA:197,12,5,0
BRDA:223,13,0,0
BRDA:223,13,1,0
BRDA:226,14,0,0
BRDA:226,14,1,0
BRDA:228,15,0,0
BRDA:228,15,1,0
BRDA:245,16,0,0
BRDA:245,16,1,0
BRDA:247,17,0,0
BRDA:247,17,1,0
BRDA:248,18,0,0
BRDA:248,18,1,0
BRF:44
BRH:0
end_of_record
TN:
SF:features/CameraRecording/hooks/useMVPPoseDetection.native.ts
FN:45,(anonymous_0)
FN:47,(anonymous_1)
FN:52,(anonymous_2)
FN:58,(anonymous_3)
FN:68,(anonymous_4)
FN:73,(anonymous_5)
FN:82,startMVPPoseDetectionNative
FN:95,(anonymous_7)
FN:118,(anonymous_8)
FN:141,stopMVPPoseDetectionNative
FN:163,(anonymous_10)
FN:170,(anonymous_11)
FN:185,(anonymous_12)
FN:199,(anonymous_13)
FNF:14
FNH:0
FNDA:0,(anonymous_0)
FNDA:0,(anonymous_1)
FNDA:0,(anonymous_2)
FNDA:0,(anonymous_3)
FNDA:0,(anonymous_4)
FNDA:0,(anonymous_5)
FNDA:0,startMVPPoseDetectionNative
FNDA:0,(anonymous_7)
FNDA:0,(anonymous_8)
FNDA:0,stopMVPPoseDetectionNative
FNDA:0,(anonymous_10)
FNDA:0,(anonymous_11)
FNDA:0,(anonymous_12)
FNDA:0,(anonymous_13)
DA:18,0
DA:43,0
DA:47,0
DA:48,0
DA:49,0
DA:53,0
DA:54,0
DA:58,0
DA:66,0
DA:68,0
DA:74,0
DA:86,0
DA:87,0
DA:88,0
DA:90,0
DA:92,0
DA:95,0
DA:96,0
DA:98,0
DA:99,0
DA:102,0
DA:103,0
DA:106,0
DA:113,0
DA:114,0
DA:117,0
DA:119,0
DA:120,0
DA:121,0
DA:122,0
DA:124,0
DA:129,0
DA:132,0
DA:133,0
DA:145,0
DA:146,0
DA:147,0
DA:149,0
DA:158,0
DA:164,0
DA:170,0
DA:186,0
DA:199,0
LF:43
LH:0
BRDA:53,0,0,0
BRDA:53,0,1,0
BRDA:96,1,0,0
BRDA:96,1,1,0
BRDA:102,2,0,0
BRDA:102,2,1,0
BRDA:107,3,0,0
BRDA:107,3,1,0
BRDA:120,4,0,0
BRDA:120,4,1,0
BRDA:130,5,0,0
BRDA:130,5,1,0
BRDA:150,6,0,0
BRDA:150,6,1,0
BRDA:187,7,0,0
BRDA:187,7,1,0
BRDA:187,7,2,0
BRDA:187,7,3,0
BRDA:187,7,4,0
BRDA:187,7,5,0
BRF:20
BRH:0
end_of_record
TN:
SF:features/CameraRecording/hooks/useMVPPoseDetection.ts
FN:70,useMVPPoseDetection
FN:80,(anonymous_1)
FN:100,(anonymous_2)
FN:106,(anonymous_3)
FN:116,(anonymous_4)
FN:123,(anonymous_5)
FN:130,(anonymous_6)
FN:139,(anonymous_7)
FN:142,(anonymous_8)
FN:151,(anonymous_9)
FN:155,(anonymous_10)
FN:162,(anonymous_11)
FN:165,(anonymous_12)
FN:173,(anonymous_13)
FN:174,(anonymous_14)
FN:208,(anonymous_15)
FN:215,(anonymous_16)
FN:228,(anonymous_17)
FN:234,(anonymous_18)
FN:241,(anonymous_19)
FN:261,(anonymous_20)
FNF:21
FNH:0
FNDA:0,useMVPPoseDetection
FNDA:0,(anonymous_1)
FNDA:0,(anonymous_2)
FNDA:0,(anonymous_3)
FNDA:0,(anonymous_4)
FNDA:0,(anonymous_5)
FNDA:0,(anonymous_6)
FNDA:0,(anonymous_7)
FNDA:0,(anonymous_8)
FNDA:0,(anonymous_9)
FNDA:0,(anonymous_10)
FNDA:0,(anonymous_11)
FNDA:0,(anonymous_12)
FNDA:0,(anonymous_13)
FNDA:0,(anonymous_14)
FNDA:0,(anonymous_15)
FNDA:0,(anonymous_16)
FNDA:0,(anonymous_17)
FNDA:0,(anonymous_18)
FNDA:0,(anonymous_19)
FNDA:0,(anonymous_20)
DA:8,0
DA:59,0
DA:73,0
DA:75,0
DA:76,0
DA:80,0
DA:86,0
DA:96,0
DA:97,0
DA:100,0
DA:101,0
DA:102,0
DA:103,0
DA:106,0
DA:113,0
DA:116,0
DA:117,0
DA:122,0
DA:123,0
DA:130,0
DA:135,0
DA:139,0
DA:140,0
DA:142,0
DA:147,0
DA:148,0
DA:151,0
DA:152,0
DA:153,0
DA:154,0
DA:155,0
DA:156,0
DA:161,0
DA:163,0
DA:164,0
DA:165,0
DA:173,0
DA:174,0
DA:180,0
DA:204,0
DA:209,0
DA:210,0
DA:214,0
DA:216,0
DA:232,0
DA:234,0
DA:242,0
DA:244,0
DA:245,0
DA:246,0
DA:247,0
DA:248,0
DA:250,0
DA:254,0
DA:262,0
DA:263,0
DA:272,0
LF:57
LH:0
BRDA:75,0,0,0
BRDA:75,0,1,0
BRDA:102,1,0,0
BRDA:102,1,1,0
BRDA:133,2,0,0
BRDA:133,2,1,0
BRDA:152,3,0,0
BRDA:152,3,1,0
BRDA:154,4,0,0
BRDA:154,4,1,0
BRDA:209,5,0,0
BRDA:209,5,1,0
BRDA:209,6,0,0
BRDA:209,6,1,0
BRDA:209,6,2,0
BRDA:216,7,0,0
BRDA:216,7,1,0
BRDA:216,7,2,0
BRDA:216,7,3,0
BRDA:216,7,4,0
BRDA:216,7,5,0
BRDA:242,8,0,0
BRDA:242,8,1,0
BRDA:245,9,0,0
BRDA:245,9,1,0
BRDA:247,10,0,0
BRDA:247,10,1,0
BRDA:264,11,0,0
BRDA:264,11,1,0
BRDA:266,12,0,0
BRDA:266,12,1,0
BRDA:267,13,0,0
BRDA:267,13,1,0
BRF:33
BRH:0
end_of_record
TN:
SF:features/CameraRecording/hooks/useMVPPoseDetection.web.ts
FN:46,(anonymous_0)
FN:51,(anonymous_1)
FN:60,(anonymous_2)
FN:66,(anonymous_3)
FN:76,(anonymous_4)
FN:81,(anonymous_5)
FN:93,(anonymous_6)
FN:102,startMVPPoseDetectionWeb
FN:115,(anonymous_8)
FN:138,(anonymous_9)
FN:161,stopMVPPoseDetectionWeb
FN:182,(anonymous_11)
FN:198,(anonymous_12)
FN:216,(anonymous_13)
FN:230,(anonymous_14)
FN:240,(anonymous_15)
FNF:16
FNH:0
FNDA:0,(anonymous_0)
FNDA:0,(anonymous_1)
FNDA:0,(anonymous_2)
FNDA:0,(anonymous_3)
FNDA:0,(anonymous_4)
FNDA:0,(anonymous_5)
FNDA:0,(anonymous_6)
FNDA:0,startMVPPoseDetectionWeb
FNDA:0,(anonymous_8)
FNDA:0,(anonymous_9)
FNDA:0,stopMVPPoseDetectionWeb
FNDA:0,(anonymous_11)
FNDA:0,(anonymous_12)
FNDA:0,(anonymous_13)
FNDA:0,(anonymous_14)
FNDA:0,(anonymous_15)
DA:18,0
DA:43,0
DA:44,0
DA:48,0
DA:51,0
DA:52,0
DA:54,0
DA:61,0
DA:62,0
DA:66,0
DA:74,0
DA:76,0
DA:82,0
DA:84,0
DA:85,0
DA:86,0
DA:87,0
DA:89,0
DA:94,0
DA:106,0
DA:107,0
DA:108,0
DA:110,0
DA:112,0
DA:115,0
DA:116,0
DA:118,0
DA:119,0
DA:122,0
DA:123,0
DA:126,0
DA:133,0
DA:134,0
DA:137,0
DA:139,0
DA:140,0
DA:141,0
DA:142,0
DA:144,0
DA:149,0
DA:152,0
DA:153,0
DA:165,0
DA:166,0
DA:167,0
DA:169,0
DA:178,0
DA:183,0
DA:186,0
DA:187,0
DA:188,0
DA:189,0
DA:191,0
DA:198,0
DA:217,0
DA:230,0
DA:241,0
DA:242,0
DA:243,0
DA:245,0
LF:60
LH:0
BRDA:61,0,0,0
BRDA:61,0,1,0
BRDA:82,1,0,0
BRDA:82,1,1,0
BRDA:86,2,0,0
BRDA:86,2,1,0
BRDA:116,3,0,0
BRDA:116,3,1,0
BRDA:122,4,0,0
BRDA:122,4,1,0
BRDA:127,5,0,0
BRDA:127,5,1,0
BRDA:140,6,0,0
BRDA:140,6,1,0
BRDA:150,7,0,0
BRDA:150,7,1,0
BRDA:170,8,0,0
BRDA:170,8,1,0
BRDA:183,9,0,0
BRDA:183,9,1,0
BRDA:188,10,0,0
BRDA:188,10,1,0
BRDA:218,11,0,0
BRDA:218,11,1,0
BRDA:218,11,2,0
BRDA:218,11,3,0
BRDA:218,11,4,0
BRDA:218,11,5,0
BRDA:251,12,0,0
BRDA:251,12,1,0
BRF:30
BRH:0
end_of_record
TN:
SF:features/CameraRecording/hooks/useMVPPoseToggle.ts
FN:44,useMVPPoseToggle
FN:66,(anonymous_1)
FN:71,(anonymous_2)
FN:79,(anonymous_3)
FN:81,(anonymous_4)
FN:91,(anonymous_5)
FN:107,(anonymous_6)
FN:112,(anonymous_7)
FN:120,(anonymous_8)
FN:122,(anonymous_9)
FN:132,(anonymous_10)
FN:148,(anonymous_11)
FN:163,(anonymous_12)
FN:164,(anonymous_13)
FN:199,(anonymous_14)
FN:209,(anonymous_15)
FN:219,(anonymous_16)
FN:240,(anonymous_17)
FNF:18
FNH:0
FNDA:0,useMVPPoseToggle
FNDA:0,(anonymous_1)
FNDA:0,(anonymous_2)
FNDA:0,(anonymous_3)
FNDA:0,(anonymous_4)
FNDA:0,(anonymous_5)
FNDA:0,(anonymous_6)
FNDA:0,(anonymous_7)
FNDA:0,(anonymous_8)
FNDA:0,(anonymous_9)
FNDA:0,(anonymous_10)
FNDA:0,(anonymous_11)
FNDA:0,(anonymous_12)
FNDA:0,(anonymous_13)
FNDA:0,(anonymous_14)
FNDA:0,(anonymous_15)
FNDA:0,(anonymous_16)
FNDA:0,(anonymous_17)
DA:48,0
DA:56,0
DA:60,0
DA:66,0
DA:67,0
DA:68,0
DA:71,0
DA:77,0
DA:79,0
DA:81,0
DA:87,0
DA:90,0
DA:91,0
DA:97,0
DA:100,0
DA:107,0
DA:108,0
DA:109,0
DA:112,0
DA:118,0
DA:120,0
DA:122,0
DA:128,0
DA:131,0
DA:132,0
DA:138,0
DA:141,0
DA:148,0
DA:149,0
DA:150,0
DA:153,0
DA:154,0
DA:156,0
DA:163,0
DA:164,0
DA:171,0
DA:176,0
DA:195,0
DA:200,0
DA:210,0
DA:211,0
DA:213,0
DA:224,0
DA:225,0
DA:226,0
DA:228,0
DA:229,0
DA:231,0
DA:234,0
DA:241,0
DA:242,0
DA:244,0
LF:52
LH:0
BRDA:45,0,0,0
BRDA:60,1,0,0
BRDA:60,1,1,0
BRDA:60,1,2,0
BRDA:67,2,0,0
BRDA:67,2,1,0
BRDA:67,3,0,0
BRDA:67,3,1,0
BRDA:90,4,0,0
BRDA:90,4,1,0
BRDA:98,5,0,0
BRDA:98,5,1,0
BRDA:108,6,0,0
BRDA:108,6,1,0
BRDA:108,7,0,0
BRDA:108,7,1,0
BRDA:131,8,0,0
BRDA:131,8,1,0
BRDA:139,9,0,0
BRDA:139,9,1,0
BRDA:149,10,0,0
BRDA:149,10,1,0
BRDA:149,11,0,0
BRDA:149,11,1,0
BRDA:153,12,0,0
BRDA:153,12,1,0
BRDA:201,13,0,0
BRDA:201,13,1,0
BRDA:201,13,2,0
BRDA:210,14,0,0
BRDA:210,14,1,0
BRDA:211,15,0,0
BRDA:211,15,1,0
BRDA:213,16,0,0
BRDA:213,16,1,0
BRDA:224,17,0,0
BRDA:224,17,1,0
BRDA:225,18,0,0
BRDA:225,18,1,0
BRDA:228,19,0,0
BRDA:228,19,1,0
BRDA:234,20,0,0
BRDA:234,20,1,0
BRDA:241,21,0,0
BRDA:241,21,1,0
BRDA:244,22,0,0
BRDA:244,22,1,0
BRF:47
BRH:0
end_of_record
TN:
SF:features/CameraRecording/hooks/usePoseDetection.native.ts
FN:23,(anonymous_0)
FN:73,usePoseDetectionNative
FN:114,(anonymous_2)
FN:116,(anonymous_3)
FN:131,(anonymous_4)
FN:140,(anonymous_5)
FN:155,(anonymous_6)
FN:156,(anonymous_7)
FN:171,(anonymous_8)
FN:172,(anonymous_9)
FN:187,(anonymous_10)
FN:230,(anonymous_11)
FN:241,(anonymous_12)
FN:257,(anonymous_13)
FN:293,(anonymous_14)
FN:334,(anonymous_15)
FN:345,(anonymous_16)
FN:366,(anonymous_17)
FN:384,(anonymous_18)
FN:389,(anonymous_19)
FN:411,(anonymous_20)
FN:416,(anonymous_21)
FN:430,(anonymous_22)
FN:431,(anonymous_23)
FN:442,(anonymous_24)
FN:443,(anonymous_25)
FN:449,(anonymous_26)
FN:450,(anonymous_27)
FN:457,(anonymous_28)
FN:462,(anonymous_29)
FN:469,(anonymous_30)
FN:484,(anonymous_31)
FN:485,(anonymous_32)
FN:494,(anonymous_33)
FN:516,(anonymous_34)
FN:518,(anonymous_35)
FN:528,(anonymous_36)
FN:535,(anonymous_37)
FN:536,(anonymous_38)
FN:559,(anonymous_39)
FN:560,(anonymous_40)
FNF:41
FNH:0
FNDA:0,(anonymous_0)
FNDA:0,usePoseDetectionNative
FNDA:0,(anonymous_2)
FNDA:0,(anonymous_3)
FNDA:0,(anonymous_4)
FNDA:0,(anonymous_5)
FNDA:0,(anonymous_6)
FNDA:0,(anonymous_7)
FNDA:0,(anonymous_8)
FNDA:0,(anonymous_9)
FNDA:0,(anonymous_10)
FNDA:0,(anonymous_11)
FNDA:0,(anonymous_12)
FNDA:0,(anonymous_13)
FNDA:0,(anonymous_14)
FNDA:0,(anonymous_15)
FNDA:0,(anonymous_16)
FNDA:0,(anonymous_17)
FNDA:0,(anonymous_18)
FNDA:0,(anonymous_19)
FNDA:0,(anonymous_20)
FNDA:0,(anonymous_21)
FNDA:0,(anonymous_22)
FNDA:0,(anonymous_23)
FNDA:0,(anonymous_24)
FNDA:0,(anonymous_25)
FNDA:0,(anonymous_26)
FNDA:0,(anonymous_27)
FNDA:0,(anonymous_28)
FNDA:0,(anonymous_29)
FNDA:0,(anonymous_30)
FNDA:0,(anonymous_31)
FNDA:0,(anonymous_32)
FNDA:0,(anonymous_33)
FNDA:0,(anonymous_34)
FNDA:0,(anonymous_35)
FNDA:0,(anonymous_36)
FNDA:0,(anonymous_37)
FNDA:0,(anonymous_38)
FNDA:0,(anonymous_39)
FNDA:0,(anonymous_40)
DA:23,0
DA:29,0
DA:50,0
DA:77,0
DA:103,0
DA:104,0
DA:105,0
DA:106,0
DA:107,0
DA:108,0
DA:113,0
DA:115,0
DA:116,0
DA:118,0
DA:121,0
DA:129,0
DA:131,0
DA:137,0
DA:140,0
DA:146,0
DA:155,0
DA:156,0
DA:171,0
DA:172,0
DA:187,0
DA:192,0
DA:193,0
DA:196,0
DA:198,0
DA:200,0
DA:208,0
DA:211,0
DA:214,0
DA:215,0
DA:218,0
DA:220,0
DA:221,0
DA:222,0
DA:226,0
DA:230,0
DA:236,0
DA:239,0
DA:241,0
DA:250,0
DA:257,0
DA:265,0
DA:266,0
DA:267,0
DA:270,0
DA:271,0
DA:273,0
DA:274,0
DA:275,0
DA:276,0
DA:277,0
DA:278,0
DA:281,0
DA:282,0
DA:283,0
DA:287,0
DA:293,0
DA:297,0
DA:298,0
DA:302,0
DA:303,0
DA:304,0
DA:306,0
DA:307,0
DA:308,0
DA:309,0
DA:310,0
DA:312,0
DA:319,0
DA:322,0
DA:324,0
DA:334,0
DA:337,0
DA:338,0
DA:342,0
DA:343,0
DA:345,0
DA:346,0
DA:348,0
DA:357,0
DA:366,0
DA:370,0
DA:371,0
DA:372,0
DA:375,0
DA:378,0
DA:379,0
DA:380,0
DA:381,0
DA:382,0
DA:384,0
DA:390,0
DA:411,0
DA:412,0
DA:413,0
DA:416,0
DA:419,0
DA:420,0
DA:421,0
DA:430,0
DA:431,0
DA:433,0
DA:434,0
DA:435,0
DA:442,0
DA:443,0
DA:449,0
DA:450,0
DA:456,0
DA:458,0
DA:459,0
DA:461,0
DA:462,0
DA:466,0
DA:469,0
DA:484,0
DA:485,0
DA:494,0
DA:495,0
DA:496,0
DA:498,0
DA:516,0
DA:517,0
DA:518,0
DA:528,0
DA:529,0
DA:535,0
DA:536,0
DA:554,0
DA:555,0
DA:559,0
DA:560,0
DA:561,0
DA:562,0
DA:564,0
DA:566,0
DA:571,0
LF:141
LH:0
BRDA:74,0,0,0
BRDA:118,1,0,0
BRDA:118,1,1,0
BRDA:124,2,0,0
BRDA:124,2,1,0
BRDA:137,3,0,0
BRDA:137,3,1,0
BRDA:192,4,0,0
BRDA:192,4,1,0
BRDA:192,5,0,0
BRDA:192,5,1,0
BRDA:218,6,0,0
BRDA:218,6,1,0
BRDA:218,7,0,0
BRDA:218,7,1,0
BRDA:221,8,0,0
BRDA:221,8,1,0
BRDA:226,9,0,0
BRDA:226,9,1,0
BRDA:297,10,0,0
BRDA:297,10,1,0
BRDA:297,11,0,0
BRDA:297,11,1,0
BRDA:337,12,0,0
BRDA:337,12,1,0
BRDA:371,13,0,0
BRDA:371,13,1,0
BRDA:379,14,0,0
BRDA:379,14,1,0
BRDA:392,15,0,0
BRDA:392,15,1,0
BRDA:393,16,0,0
BRDA:393,16,1,0
BRDA:396,17,0,0
BRDA:396,17,1,0
BRDA:400,18,0,0
BRDA:400,18,1,0
BRDA:412,19,0,0
BRDA:412,19,1,0
BRDA:433,20,0,0
BRDA:433,20,1,0
BRDA:461,21,0,0
BRDA:461,21,1,0
BRDA:500,22,0,0
BRDA:500,22,1,0
BRDA:501,23,0,0
BRDA:501,23,1,0
BRDA:502,24,0,0
BRDA:502,24,1,0
BRDA:561,25,0,0
BRDA:561,25,1,0
BRDA:564,26,0,0
BRDA:564,26,1,0
BRF:53
BRH:0
end_of_record
TN:
SF:features/CameraRecording/hooks/usePoseDetection.ts
FN:17,usePoseDetection
FN:39,usePoseDetectionWithPerformance
FN:49,(anonymous_2)
FN:66,(anonymous_3)
FN:95,(anonymous_4)
FN:125,(anonymous_5)
FN:144,(anonymous_6)
FN:160,(anonymous_7)
FN:175,(anonymous_8)
FN:182,(anonymous_9)
FN:189,(anonymous_10)
FN:202,(anonymous_11)
FN:203,(anonymous_12)
FN:209,(anonymous_13)
FN:239,(anonymous_14)
FN:248,(anonymous_15)
FNF:16
FNH:0
FNDA:0,usePoseDetection
FNDA:0,usePoseDetectionWithPerformance
FNDA:0,(anonymous_2)
FNDA:0,(anonymous_3)
FNDA:0,(anonymous_4)
FNDA:0,(anonymous_5)
FNDA:0,(anonymous_6)
FNDA:0,(anonymous_7)
FNDA:0,(anonymous_8)
FNDA:0,(anonymous_9)
FNDA:0,(anonymous_10)
FNDA:0,(anonymous_11)
FNDA:0,(anonymous_12)
FNDA:0,(anonymous_13)
FNDA:0,(anonymous_14)
FNDA:0,(anonymous_15)
DA:18,0
DA:21,0
DA:22,0
DA:25,0
DA:27,0
DA:28,0
DA:32,0
DA:33,0
DA:40,0
DA:45,0
DA:52,0
DA:53,0
DA:54,0
DA:58,0
DA:59,0
DA:67,0
DA:69,0
DA:70,0
DA:72,0
DA:77,0
DA:79,0
DA:84,0
DA:86,0
DA:91,0
DA:96,0
DA:97,0
DA:98,0
DA:99,0
DA:103,0
DA:104,0
DA:109,0
DA:121,0
DA:126,0
DA:128,0
DA:129,0
DA:130,0
DA:131,0
DA:133,0
DA:137,0
DA:145,0
DA:147,0
DA:161,0
DA:163,0
DA:164,0
DA:165,0
DA:166,0
DA:168,0
DA:176,0
DA:183,0
DA:184,0
DA:188,0
DA:190,0
DA:203,0
DA:210,0
DA:211,0
DA:214,0
DA:215,0
DA:217,0
DA:218,0
DA:219,0
DA:222,0
DA:223,0
DA:224,0
DA:225,0
DA:229,0
DA:231,0
DA:233,0
DA:240,0
DA:242,0
DA:244,0
DA:245,0
DA:246,0
DA:248,0
DA:249,0
DA:251,0
DA:259,0
DA:266,0
LF:77
LH:0
BRDA:22,0,0,0
BRDA:22,0,1,0
BRDA:25,1,0,0
BRDA:25,1,1,0
BRDA:53,2,0,0
BRDA:53,2,1,0
BRDA:58,3,0,0
BRDA:58,3,1,0
BRDA:67,4,0,0
BRDA:67,4,1,0
BRDA:67,4,2,0
BRDA:67,4,3,0
BRDA:96,5,0,0
BRDA:96,5,1,0
BRDA:98,6,0,0
BRDA:98,6,1,0
BRDA:103,7,0,0
BRDA:103,7,1,0
BRDA:126,8,0,0
BRDA:126,8,1,0
BRDA:130,9,0,0
BRDA:130,9,1,0
BRDA:148,10,0,0
BRDA:148,10,1,0
BRDA:149,11,0,0
BRDA:149,11,1,0
BRDA:150,12,0,0
BRDA:150,12,1,0
BRDA:152,13,0,0
BRDA:152,13,1,0
BRDA:153,14,0,0
BRDA:153,14,1,0
BRDA:161,15,0,0
BRDA:161,15,1,0
BRDA:165,16,0,0
BRDA:165,16,1,0
BRDA:183,17,0,0
BRDA:183,17,1,0
BRDA:183,18,0,0
BRDA:183,18,1,0
BRDA:183,18,2,0
BRDA:190,19,0,0
BRDA:190,19,1,0
BRDA:190,19,2,0
BRDA:190,19,3,0
BRDA:190,19,4,0
BRDA:190,19,5,0
BRDA:210,20,0,0
BRDA:210,20,1,0
BRDA:222,21,0,0
BRDA:222,21,1,0
BRDA:222,22,0,0
BRDA:222,22,1,0
BRDA:229,23,0,0
BRDA:229,23,1,0
BRDA:239,24,0,0
BRDA:240,25,0,0
BRDA:240,25,1,0
BRF:58
BRH:0
end_of_record
TN:
SF:features/CameraRecording/hooks/usePoseDetection.web.ts
FN:29,usePoseDetectionWeb
FN:70,(anonymous_1)
FN:101,(anonymous_2)
FN:103,(anonymous_3)
FN:128,(anonymous_4)
FN:137,(anonymous_5)
FN:157,(anonymous_6)
FN:162,(anonymous_7)
FN:183,(anonymous_8)
FN:184,(anonymous_9)
FN:208,(anonymous_10)
FN:246,(anonymous_11)
FN:260,(anonymous_12)
FN:276,(anonymous_13)
FN:280,(anonymous_14)
FN:289,(anonymous_15)
FN:304,(anonymous_16)
FN:315,(anonymous_17)
FN:336,(anonymous_18)
FN:354,(anonymous_19)
FN:359,(anonymous_20)
FN:381,(anonymous_21)
FN:386,(anonymous_22)
FN:400,(anonymous_23)
FN:401,(anonymous_24)
FN:412,(anonymous_25)
FN:413,(anonymous_26)
FN:419,(anonymous_27)
FN:420,(anonymous_28)
FN:427,(anonymous_29)
FN:432,(anonymous_30)
FN:439,(anonymous_31)
FN:454,(anonymous_32)
FN:455,(anonymous_33)
FN:464,(anonymous_34)
FN:486,(anonymous_35)
FN:488,(anonymous_36)
FN:498,(anonymous_37)
FN:505,(anonymous_38)
FN:506,(anonymous_39)
FN:529,(anonymous_40)
FN:530,(anonymous_41)
FNF:42
FNH:0
FNDA:0,usePoseDetectionWeb
FNDA:0,(anonymous_1)
FNDA:0,(anonymous_2)
FNDA:0,(anonymous_3)
FNDA:0,(anonymous_4)
FNDA:0,(anonymous_5)
FNDA:0,(anonymous_6)
FNDA:0,(anonymous_7)
FNDA:0,(anonymous_8)
FNDA:0,(anonymous_9)
FNDA:0,(anonymous_10)
FNDA:0,(anonymous_11)
FNDA:0,(anonymous_12)
FNDA:0,(anonymous_13)
FNDA:0,(anonymous_14)
FNDA:0,(anonymous_15)
FNDA:0,(anonymous_16)
FNDA:0,(anonymous_17)
FNDA:0,(anonymous_18)
FNDA:0,(anonymous_19)
FNDA:0,(anonymous_20)
FNDA:0,(anonymous_21)
FNDA:0,(anonymous_22)
FNDA:0,(anonymous_23)
FNDA:0,(anonymous_24)
FNDA:0,(anonymous_25)
FNDA:0,(anonymous_26)
FNDA:0,(anonymous_27)
FNDA:0,(anonymous_28)
FNDA:0,(anonymous_29)
FNDA:0,(anonymous_30)
FNDA:0,(anonymous_31)
FNDA:0,(anonymous_32)
FNDA:0,(anonymous_33)
FNDA:0,(anonymous_34)
FNDA:0,(anonymous_35)
FNDA:0,(anonymous_36)
FNDA:0,(anonymous_37)
FNDA:0,(anonymous_38)
FNDA:0,(anonymous_39)
FNDA:0,(anonymous_40)
FNDA:0,(anonymous_41)
DA:33,0
DA:59,0
DA:60,0
DA:61,0
DA:62,0
DA:63,0
DA:64,0
DA:65,0
DA:70,0
DA:71,0
DA:73,0
DA:75,0
DA:76,0
DA:77,0
DA:78,0
DA:79,0
DA:81,0
DA:82,0
DA:85,0
DA:89,0
DA:93,0
DA:100,0
DA:102,0
DA:103,0
DA:106,0
DA:108,0
DA:111,0
DA:112,0
DA:122,0
DA:126,0
DA:128,0
DA:134,0
DA:137,0
DA:143,0
DA:156,0
DA:158,0
DA:159,0
DA:160,0
DA:162,0
DA:174,0
DA:183,0
DA:184,0
DA:195,0
DA:199,0
DA:200,0
DA:201,0
DA:208,0
DA:211,0
DA:212,0
DA:215,0
DA:217,0
DA:219,0
DA:224,0
DA:226,0
DA:228,0
DA:231,0
DA:234,0
DA:236,0
DA:237,0
DA:238,0
DA:242,0
DA:246,0
DA:252,0
DA:257,0
DA:258,0
DA:260,0
DA:269,0
DA:276,0
DA:280,0
DA:288,0
DA:289,0
DA:292,0
DA:294,0
DA:304,0
DA:307,0
DA:308,0
DA:312,0
DA:313,0
DA:315,0
DA:316,0
DA:318,0
DA:327,0
DA:336,0
DA:340,0
DA:341,0
DA:342,0
DA:345,0
DA:348,0
DA:349,0
DA:350,0
DA:351,0
DA:352,0
DA:354,0
DA:360,0
DA:381,0
DA:382,0
DA:383,0
DA:386,0
DA:389,0
DA:390,0
DA:391,0
DA:400,0
DA:401,0
DA:403,0
DA:404,0
DA:405,0
DA:412,0
DA:413,0
DA:419,0
DA:420,0
DA:426,0
DA:428,0
DA:429,0
DA:431,0
DA:432,0
DA:436,0
DA:439,0
DA:454,0
DA:455,0
DA:464,0
DA:465,0
DA:466,0
DA:468,0
DA:486,0
DA:487,0
DA:488,0
DA:498,0
DA:499,0
DA:505,0
DA:506,0
DA:524,0
DA:525,0
DA:529,0
DA:530,0
DA:531,0
DA:532,0
DA:534,0
DA:535,0
DA:537,0
DA:539,0
DA:544,0
LF:141
LH:0
BRDA:30,0,0,0
BRDA:73,1,0,0
BRDA:73,1,1,0
BRDA:75,2,0,0
BRDA:75,2,1,0
BRDA:77,3,0,0
BRDA:77,3,1,0
BRDA:79,4,0,0
BRDA:79,4,1,0
BRDA:108,5,0,0
BRDA:108,5,1,0
BRDA:113,6,0,0
BRDA:113,6,1,0
BRDA:117,7,0,0
BRDA:117,7,1,0
BRDA:134,8,0,0
BRDA:134,8,1,0
BRDA:195,9,0,0
BRDA:195,9,1,0
BRDA:195,10,0,0
BRDA:195,10,1,0
BRDA:199,11,0,0
BRDA:199,11,1,0
BRDA:199,12,0,0
BRDA:199,12,1,0
BRDA:211,13,0,0
BRDA:211,13,1,0
BRDA:211,14,0,0
BRDA:211,14,1,0
BRDA:226,15,0,0
BRDA:226,15,1,0
BRDA:234,16,0,0
BRDA:234,16,1,0
BRDA:237,17,0,0
BRDA:237,17,1,0
BRDA:242,18,0,0
BRDA:242,18,1,0
BRDA:284,19,0,0
BRDA:284,19,1,0
BRDA:307,20,0,0
BRDA:307,20,1,0
BRDA:341,21,0,0
BRDA:341,21,1,0
BRDA:349,22,0,0
BRDA:349,22,1,0
BRDA:362,23,0,0
BRDA:362,23,1,0
BRDA:363,24,0,0
BRDA:363,24,1,0
BRDA:366,25,0,0
BRDA:366,25,1,0
BRDA:370,26,0,0
BRDA:370,26,1,0
BRDA:382,27,0,0
BRDA:382,27,1,0
BRDA:403,28,0,0
BRDA:403,28,1,0
BRDA:431,29,0,0
BRDA:431,29,1,0
BRDA:470,30,0,0
BRDA:470,30,1,0
BRDA:471,31,0,0
BRDA:471,31,1,0
BRDA:472,32,0,0
BRDA:472,32,1,0
BRDA:531,33,0,0
BRDA:531,33,1,0
BRDA:534,34,0,0
BRDA:534,34,1,0
BRDA:537,35,0,0
BRDA:537,35,1,0
BRF:71
BRH:0
end_of_record
TN:
SF:features/CameraRecording/hooks/usePoseMetrics.ts
FN:53,(anonymous_0)
FN:84,(anonymous_1)
FN:143,(anonymous_2)
FN:144,(anonymous_3)
FN:146,(anonymous_4)
FN:183,(anonymous_5)
FN:194,(anonymous_6)
FN:196,(anonymous_7)
FN:211,(anonymous_8)
FN:262,(anonymous_9)
FN:298,(anonymous_10)
FN:311,(anonymous_11)
FN:312,(anonymous_12)
FN:329,(anonymous_13)
FN:340,(anonymous_14)
FN:352,(anonymous_15)
FN:362,(anonymous_16)
FN:405,(anonymous_17)
FN:406,(anonymous_18)
FN:431,(anonymous_19)
FN:432,(anonymous_20)
FN:442,(anonymous_21)
FN:443,(anonymous_22)
FN:453,(anonymous_23)
FN:456,(anonymous_24)
FN:460,(anonymous_25)
FN:500,(anonymous_26)
FN:515,(anonymous_27)
FN:576,(anonymous_28)
FN:577,(anonymous_29)
FN:577,(anonymous_30)
FN:580,(anonymous_31)
FNF:32
FNH:0
FNDA:0,(anonymous_0)
FNDA:0,(anonymous_1)
FNDA:0,(anonymous_2)
FNDA:0,(anonymous_3)
FNDA:0,(anonymous_4)
FNDA:0,(anonymous_5)
FNDA:0,(anonymous_6)
FNDA:0,(anonymous_7)
FNDA:0,(anonymous_8)
FNDA:0,(anonymous_9)
FNDA:0,(anonymous_10)
FNDA:0,(anonymous_11)
FNDA:0,(anonymous_12)
FNDA:0,(anonymous_13)
FNDA:0,(anonymous_14)
FNDA:0,(anonymous_15)
FNDA:0,(anonymous_16)
FNDA:0,(anonymous_17)
FNDA:0,(anonymous_18)
FNDA:0,(anonymous_19)
FNDA:0,(anonymous_20)
FNDA:0,(anonymous_21)
FNDA:0,(anonymous_22)
FNDA:0,(anonymous_23)
FNDA:0,(anonymous_24)
FNDA:0,(anonymous_25)
FNDA:0,(anonymous_26)
FNDA:0,(anonymous_27)
FNDA:0,(anonymous_28)
FNDA:0,(anonymous_29)
FNDA:0,(anonymous_30)
FNDA:0,(anonymous_31)
DA:53,0
DA:54,0
DA:55,0
DA:56,0
DA:58,0
DA:61,0
DA:78,0
DA:79,0
DA:80,0
DA:81,0
DA:84,0
DA:89,0
DA:92,0
DA:99,0
DA:102,0
DA:105,0
DA:110,0
DA:111,0
DA:115,0
DA:116,0
DA:117,0
DA:119,0
DA:120,0
DA:122,0
DA:123,0
DA:125,0
DA:126,0
DA:128,0
DA:129,0
DA:131,0
DA:136,0
DA:137,0
DA:143,0
DA:144,0
DA:145,0
DA:146,0
DA:151,0
DA:158,0
DA:160,0
DA:165,0
DA:182,0
DA:187,0
DA:189,0
DA:190,0
DA:192,0
DA:194,0
DA:196,0
DA:198,0
DA:200,0
DA:202,0
DA:205,0
DA:211,0
DA:217,0
DA:220,0
DA:221,0
DA:222,0
DA:225,0
DA:228,0
DA:229,0
DA:232,0
DA:233,0
DA:235,0
DA:236,0
DA:238,0
DA:239,0
DA:241,0
DA:242,0
DA:247,0
DA:248,0
DA:251,0
DA:252,0
DA:253,0
DA:256,0
DA:257,0
DA:258,0
DA:262,0
DA:263,0
DA:264,0
DA:267,0
DA:269,0
DA:270,0
DA:271,0
DA:273,0
DA:275,0
DA:282,0
DA:283,0
DA:286,0
DA:287,0
DA:288,0
DA:289,0
DA:290,0
DA:291,0
DA:292,0
DA:293,0
DA:295,0
DA:298,0
DA:307,0
DA:308,0
DA:311,0
DA:312,0
DA:329,0
DA:330,0
DA:333,0
DA:334,0
DA:339,0
DA:341,0
DA:344,0
DA:345,0
DA:352,0
DA:353,0
DA:356,0
DA:357,0
DA:362,0
DA:363,0
DA:365,0
DA:367,0
DA:368,0
DA:375,0
DA:376,0
DA:379,0
DA:380,0
DA:385,0
DA:386,0
DA:391,0
DA:392,0
DA:395,0
DA:396,0
DA:401,0
DA:405,0
DA:406,0
DA:407,0
DA:409,0
DA:410,0
DA:412,0
DA:418,0
DA:421,0
DA:431,0
DA:432,0
DA:433,0
DA:434,0
DA:438,0
DA:442,0
DA:443,0
DA:444,0
DA:445,0
DA:449,0
DA:453,0
DA:454,0
DA:456,0
DA:457,0
DA:460,0
DA:463,0
DA:500,0
DA:502,0
DA:503,0
DA:515,0
DA:516,0
DA:518,0
DA:521,0
DA:522,0
DA:532,0
DA:533,0
DA:544,0
DA:545,0
DA:553,0
DA:554,0
DA:564,0
DA:565,0
DA:573,0
DA:576,0
DA:577,0
DA:580,0
DA:581,0
DA:584,0
LF:174
LH:0
BRDA:92,0,0,0
BRDA:92,0,1,0
BRDA:105,1,0,0
BRDA:105,1,1,0
BRDA:107,2,0,0
BRDA:107,2,1,0
BRDA:110,3,0,0
BRDA:110,3,1,0
BRDA:116,4,0,0
BRDA:116,4,1,0
BRDA:117,5,0,0
BRDA:117,5,1,0
BRDA:117,5,2,0
BRDA:117,5,3,0
BRDA:117,5,4,0
BRDA:136,6,0,0
BRDA:136,6,1,0
BRDA:158,7,0,0
BRDA:158,7,1,0
BRDA:158,7,2,0
BRDA:160,8,0,0
BRDA:160,8,1,0
BRDA:160,8,2,0
BRDA:160,8,3,0
BRDA:185,9,0,0
BRDA:187,10,0,0
BRDA:187,10,1,0
BRDA:192,11,0,0
BRDA:192,11,1,0
BRDA:192,12,0,0
BRDA:192,12,1,0
BRDA:200,13,0,0
BRDA:200,13,1,0
BRDA:202,14,0,0
BRDA:202,14,1,0
BRDA:205,15,0,0
BRDA:205,15,1,0
BRDA:220,16,0,0
BRDA:220,16,1,0
BRDA:221,17,0,0
BRDA:221,17,1,0
BRDA:222,18,0,0
BRDA:222,18,1,0
BRDA:225,19,0,0
BRDA:225,19,1,0
BRDA:228,20,0,0
BRDA:228,20,1,0
BRDA:229,21,0,0
BRDA:229,21,1,0
BRDA:232,22,0,0
BRDA:232,22,1,0
BRDA:233,23,0,0
BRDA:233,23,1,0
BRDA:233,23,2,0
BRDA:247,24,0,0
BRDA:247,24,1,0
BRDA:248,25,0,0
BRDA:248,25,1,0
BRDA:251,26,0,0
BRDA:251,26,1,0
BRDA:252,27,0,0
BRDA:252,27,1,0
BRDA:253,28,0,0
BRDA:253,28,1,0
BRDA:256,29,0,0
BRDA:256,29,1,0
BRDA:257,30,0,0
BRDA:257,30,1,0
BRDA:267,31,0,0
BRDA:267,31,1,0
BRDA:273,32,0,0
BRDA:273,32,1,0
BRDA:282,33,0,0
BRDA:282,33,1,0
BRDA:286,34,0,0
BRDA:286,34,1,0
BRDA:288,35,0,0
BRDA:288,35,1,0
BRDA:290,36,0,0
BRDA:290,36,1,0
BRDA:292,37,0,0
BRDA:292,37,1,0
BRDA:333,38,0,0
BRDA:333,38,1,0
BRDA:344,39,0,0
BRDA:344,39,1,0
BRDA:356,40,0,0
BRDA:356,40,1,0
BRDA:363,41,0,0
BRDA:363,41,1,0
BRDA:367,42,0,0
BRDA:367,42,1,0
BRDA:375,43,0,0
BRDA:375,43,1,0
BRDA:379,44,0,0
BRDA:379,44,1,0
BRDA:385,45,0,0
BRDA:385,45,1,0
BRDA:391,46,0,0
BRDA:391,46,1,0
BRDA:395,47,0,0
BRDA:395,47,1,0
BRDA:433,48,0,0
BRDA:433,48,1,0
BRDA:444,49,0,0
BRDA:444,49,1,0
BRDA:454,50,0,0
BRDA:454,50,1,0
BRDA:482,51,0,0
BRDA:482,51,1,0
BRDA:483,52,0,0
BRDA:483,52,1,0
BRDA:483,52,2,0
BRDA:488,53,0,0
BRDA:488,53,1,0
BRDA:489,54,0,0
BRDA:489,54,1,0
BRDA:493,55,0,0
BRDA:493,55,1,0
BRDA:516,56,0,0
BRDA:516,56,1,0
BRDA:521,57,0,0
BRDA:521,57,1,0
BRDA:532,58,0,0
BRDA:532,58,1,0
BRDA:544,59,0,0
BRDA:544,59,1,0
BRDA:553,60,0,0
BRDA:553,60,1,0
BRDA:564,61,0,0
BRDA:564,61,1,0
BRDA:593,62,0,0
BRDA:593,62,1,0
BRDA:593,63,0,0
BRDA:593,63,1,0
BRF:135
BRH:0
end_of_record
TN:
SF:features/CameraRecording/hooks/useRecordingStateMachine.ts
FN:6,(anonymous_0)
FN:73,useRecordingStateMachine
FN:93,(anonymous_2)
FN:94,(anonymous_3)
FN:102,(anonymous_4)
FN:105,(anonymous_5)
FN:136,(anonymous_6)
FN:145,(anonymous_7)
FN:174,(anonymous_8)
FN:207,(anonymous_9)
FN:249,(anonymous_10)
FN:280,(anonymous_11)
FN:302,(anonymous_12)
FN:345,validateRecordingTransition
FNF:14
FNH:6
FNDA:0,(anonymous_0)
FNDA:6,useRecordingStateMachine
FNDA:3,(anonymous_2)
FNDA:3,(anonymous_3)
FNDA:3,(anonymous_4)
FNDA:0,(anonymous_5)
FNDA:3,(anonymous_6)
FNDA:0,(anonymous_7)
FNDA:0,(anonymous_8)
FNDA:0,(anonymous_9)
FNDA:0,(anonymous_10)
FNDA:0,(anonymous_11)
FNDA:6,(anonymous_12)
FNDA:0,validateRecordingTransition
DA:6,2
DA:8,0
DA:10,0
DA:12,0
DA:13,0
DA:15,0
DA:19,0
DA:20,0
DA:21,0
DA:22,0
DA:83,6
DA:85,6
DA:86,6
DA:87,6
DA:88,6
DA:90,6
DA:93,6
DA:94,3
DA:95,3
DA:96,0
DA:102,6
DA:104,3
DA:105,0
DA:106,0
DA:107,0
DA:109,0
DA:111,0
DA:112,0
DA:113,0
DA:114,0
DA:116,0
DA:117,0
DA:118,0
DA:120,0
DA:123,0
DA:127,0
DA:131,3
DA:132,0
DA:133,0
DA:136,3
DA:137,3
DA:138,0
DA:139,0
DA:145,6
DA:146,0
DA:147,0
DA:148,0
DA:151,0
DA:152,0
DA:153,0
DA:154,0
DA:157,0
DA:158,0
DA:159,0
DA:160,0
DA:161,0
DA:162,0
DA:165,0
DA:167,0
DA:169,0
DA:174,6
DA:175,0
DA:176,0
DA:177,0
DA:180,0
DA:182,0
DA:184,0
DA:185,0
DA:186,0
DA:187,0
DA:188,0
DA:189,0
DA:193,0
DA:194,0
DA:195,0
DA:198,0
DA:199,0
DA:201,0
DA:207,6
DA:208,0
DA:209,0
DA:210,0
DA:213,0
DA:215,0
DA:218,0
DA:219,0
DA:220,0
DA:221,0
DA:222,0
DA:225,0
DA:226,0
DA:229,0
DA:231,0
DA:232,0
DA:233,0
DA:236,0
DA:249,6
DA:250,0
DA:251,0
DA:252,0
DA:256,0
DA:257,0
DA:261,0
DA:264,0
DA:266,0
DA:268,0
DA:269,0
DA:271,0
DA:273,0
DA:275,0
DA:280,6
DA:281,0
DA:282,0
DA:283,0
DA:284,0
DA:285,0
DA:287,0
DA:288,0
DA:289,0
DA:293,0
DA:295,0
DA:297,0
DA:302,6
DA:303,6
DA:304,6
DA:305,6
DA:306,6
DA:310,6
DA:311,6
DA:313,6
DA:315,6
DA:316,6
DA:317,6
DA:319,6
DA:321,6
DA:349,0
DA:356,0
DA:357,0
DA:359,0
LF:139
LH:33
BRDA:10,0,0,0
BRDA:10,0,1,0
BRDA:12,1,0,0
BRDA:12,1,1,0
BRDA:21,2,0,0
BRDA:21,2,1,0
BRDA:95,3,0,0
BRDA:95,3,1,3
BRDA:104,4,0,0
BRDA:104,4,1,3
BRDA:104,5,0,3
BRDA:104,5,1,0
BRDA:104,5,2,0
BRDA:109,6,0,0
BRDA:109,6,1,0
BRDA:116,7,0,0
BRDA:116,7,1,0
BRDA:131,8,0,0
BRDA:131,8,1,3
BRDA:131,9,0,3
BRDA:131,9,1,3
BRDA:137,10,0,0
BRDA:137,10,1,3
BRDA:146,11,0,0
BRDA:146,11,1,0
BRDA:151,12,0,0
BRDA:151,12,1,0
BRDA:169,13,0,0
BRDA:169,13,1,0
BRDA:175,14,0,0
BRDA:175,14,1,0
BRDA:185,15,0,0
BRDA:185,15,1,0
BRDA:193,16,0,0
BRDA:193,16,1,0
BRDA:201,17,0,0
BRDA:201,17,1,0
BRDA:208,18,0,0
BRDA:208,18,1,0
BRDA:208,19,0,0
BRDA:208,19,1,0
BRDA:219,20,0,0
BRDA:219,20,1,0
BRDA:219,21,0,0
BRDA:219,21,1,0
BRDA:231,22,0,0
BRDA:231,22,1,0
BRDA:236,23,0,0
BRDA:236,23,1,0
BRDA:250,24,0,0
BRDA:250,24,1,0
BRDA:256,25,0,0
BRDA:256,25,1,0
BRDA:275,26,0,0
BRDA:275,26,1,0
BRDA:287,27,0,0
BRDA:287,27,1,0
BRDA:297,28,0,0
BRDA:297,28,1,0
BRDA:317,29,0,6
BRDA:317,29,1,0
BRDA:319,30,0,6
BRDA:319,30,1,6
BRDA:361,31,0,0
BRDA:361,31,1,0
BRF:65
BRH:10
end_of_record
TN:
SF:features/CameraRecording/hooks/useScreenStateTransition.ts
FN:39,useScreenStateTransition
FN:51,(anonymous_1)
FN:62,(anonymous_2)
FN:76,(anonymous_3)
FN:116,(anonymous_4)
FN:128,(anonymous_5)
FNF:6
FNH:5
FNDA:27,useScreenStateTransition
FNDA:0,(anonymous_1)
FNDA:14,(anonymous_2)
FNDA:10,(anonymous_3)
FNDA:4,(anonymous_4)
FNDA:1,(anonymous_5)
DA:42,27
DA:44,27
DA:45,27
DA:46,27
DA:47,27
DA:50,27
DA:52,0
DA:53,0
DA:54,0
DA:55,0
DA:61,27
DA:63,14
DA:71,14
DA:72,10
DA:76,10
DA:77,10
DA:78,10
DA:84,10
DA:85,10
DA:90,10
DA:91,10
DA:93,10
DA:100,10
DA:101,10
DA:107,10
DA:108,10
DA:116,27
DA:117,4
DA:119,4
DA:120,4
DA:121,4
DA:122,4
DA:124,4
DA:128,27
DA:129,1
DA:131,1
DA:132,1
DA:133,1
DA:134,1
DA:136,1
DA:140,27
DA:141,27
DA:143,27
LF:43
LH:39
BRDA:71,0,0,10
BRDA:71,0,1,4
BRDA:84,1,0,10
BRDA:84,1,1,10
BRF:4
BRH:4
end_of_record
TN:
SF:features/CameraRecording/hooks/useTabPersistence.ts
FN:14,useTabPersistence
FN:19,(anonymous_1)
FN:23,(anonymous_2)
FN:46,(anonymous_3)
FN:58,(anonymous_4)
FN:80,isValidTab
FNF:6
FNH:6
FNDA:16,useTabPersistence
FNDA:9,(anonymous_1)
FNDA:9,(anonymous_2)
FNDA:2,(anonymous_3)
FNDA:2,(anonymous_4)
FNDA:9,isValidTab
DA:7,3
DA:8,3
DA:15,16
DA:16,16
DA:19,16
DA:20,9
DA:23,16
DA:24,9
DA:25,9
DA:27,9
DA:28,7
DA:29,7
DA:32,2
DA:33,2
DA:36,0
DA:40,0
DA:42,9
DA:46,16
DA:47,2
DA:48,2
DA:49,2
DA:51,0
DA:57,16
DA:59,2
DA:60,0
DA:61,0
DA:64,2
DA:65,2
DA:70,16
DA:81,9
LF:30
LH:25
BRDA:27,0,0,7
BRDA:27,0,1,2
BRDA:27,1,0,9
BRDA:27,1,1,7
BRDA:37,2,0,0
BRDA:37,2,1,0
BRDA:52,3,0,0
BRDA:52,3,1,0
BRDA:59,4,0,0
BRDA:59,4,1,2
BRF:10
BRH:5
end_of_record
TN:
SF:features/CameraRecording/hooks/useThermalMonitoring.native.ts
FN:84,(anonymous_0)
FN:110,(anonymous_1)
FN:156,(anonymous_2)
FN:174,(anonymous_3)
FN:207,(anonymous_4)
FN:253,(anonymous_5)
FN:261,(anonymous_6)
FN:342,(anonymous_7)
FN:357,(anonymous_8)
FN:387,(anonymous_9)
FN:404,(anonymous_10)
FN:419,(anonymous_11)
FN:431,(anonymous_12)
FN:444,(anonymous_13)
FN:445,(anonymous_14)
FN:459,(anonymous_15)
FN:466,(anonymous_16)
FN:479,(anonymous_17)
FN:486,(anonymous_18)
FN:487,(anonymous_19)
FN:493,(anonymous_20)
FNF:21
FNH:0
FNDA:0,(anonymous_0)
FNDA:0,(anonymous_1)
FNDA:0,(anonymous_2)
FNDA:0,(anonymous_3)
FNDA:0,(anonymous_4)
FNDA:0,(anonymous_5)
FNDA:0,(anonymous_6)
FNDA:0,(anonymous_7)
FNDA:0,(anonymous_8)
FNDA:0,(anonymous_9)
FNDA:0,(anonymous_10)
FNDA:0,(anonymous_11)
FNDA:0,(anonymous_12)
FNDA:0,(anonymous_13)
FNDA:0,(anonymous_14)
FNDA:0,(anonymous_15)
FNDA:0,(anonymous_16)
FNDA:0,(anonymous_17)
FNDA:0,(anonymous_18)
FNDA:0,(anonymous_19)
FNDA:0,(anonymous_20)
DA:58,0
DA:70,0
DA:84,0
DA:87,0
DA:88,0
DA:89,0
DA:90,0
DA:95,0
DA:96,0
DA:97,0
DA:102,0
DA:103,0
DA:110,0
DA:116,0
DA:117,0
DA:119,0
DA:121,0
DA:122,0
DA:129,0
DA:131,0
DA:133,0
DA:134,0
DA:150,0
DA:156,0
DA:157,0
DA:159,0
DA:161,0
DA:163,0
DA:165,0
DA:167,0
DA:174,0
DA:179,0
DA:181,0
DA:183,0
DA:185,0
DA:190,0
DA:193,0
DA:194,0
DA:196,0
DA:197,0
DA:199,0
DA:200,0
DA:207,0
DA:214,0
DA:215,0
DA:218,0
DA:221,0
DA:222,0
DA:223,0
DA:226,0
DA:227,0
DA:230,0
DA:233,0
DA:234,0
DA:235,0
DA:236,0
DA:237,0
DA:238,0
DA:239,0
DA:242,0
DA:253,0
DA:254,0
DA:256,0
DA:257,0
DA:258,0
DA:261,0
DA:262,0
DA:272,0
DA:273,0
DA:276,0
DA:282,0
DA:283,0
DA:288,0
DA:289,0
DA:290,0
DA:293,0
DA:294,0
DA:296,0
DA:300,0
DA:304,0
DA:305,0
DA:308,0
DA:311,0
DA:314,0
DA:324,0
DA:342,0
DA:343,0
DA:345,0
DA:348,0
DA:351,0
DA:357,0
DA:358,0
DA:360,0
DA:361,0
DA:362,0
DA:367,0
DA:369,0
DA:370,0
DA:371,0
DA:379,0
DA:385,0
DA:388,0
DA:389,0
DA:396,0
DA:397,0
DA:398,0
DA:404,0
DA:405,0
DA:406,0
DA:419,0
DA:420,0
DA:422,0
DA:424,0
DA:425,0
DA:426,0
DA:430,0
DA:431,0
DA:436,0
DA:443,0
DA:445,0
DA:448,0
DA:449,0
DA:450,0
DA:459,0
DA:460,0
DA:466,0
DA:467,0
DA:479,0
DA:480,0
DA:481,0
DA:482,0
DA:486,0
DA:487,0
DA:488,0
DA:493,0
DA:494,0
DA:495,0
DA:499,0
LF:138
LH:0
BRDA:85,0,0,0
BRDA:117,1,0,0
BRDA:117,1,1,0
BRDA:121,2,0,0
BRDA:121,2,1,0
BRDA:124,3,0,0
BRDA:124,3,1,0
BRDA:125,4,0,0
BRDA:125,4,1,0
BRDA:126,5,0,0
BRDA:126,5,1,0
BRDA:129,6,0,0
BRDA:129,6,1,0
BRDA:133,7,0,0
BRDA:133,7,1,0
BRDA:139,8,0,0
BRDA:139,8,1,0
BRDA:140,9,0,0
BRDA:140,9,1,0
BRDA:141,10,0,0
BRDA:141,10,1,0
BRDA:157,11,0,0
BRDA:157,11,1,0
BRDA:157,11,2,0
BRDA:157,11,3,0
BRDA:157,11,4,0
BRDA:179,12,0,0
BRDA:179,12,1,0
BRDA:179,12,2,0
BRDA:179,12,3,0
BRDA:179,12,4,0
BRDA:179,12,5,0
BRDA:179,12,6,0
BRDA:179,12,7,0
BRDA:193,13,0,0
BRDA:193,13,1,0
BRDA:196,14,0,0
BRDA:196,14,1,0
BRDA:199,15,0,0
BRDA:199,15,1,0
BRDA:221,16,0,0
BRDA:221,16,1,0
BRDA:222,17,0,0
BRDA:222,17,1,0
BRDA:223,18,0,0
BRDA:223,18,1,0
BRDA:226,19,0,0
BRDA:226,19,1,0
BRDA:227,20,0,0
BRDA:227,20,1,0
BRDA:230,21,0,0
BRDA:230,21,1,0
BRDA:234,22,0,0
BRDA:234,22,1,0
BRDA:236,23,0,0
BRDA:236,23,1,0
BRDA:238,24,0,0
BRDA:238,24,1,0
BRDA:254,25,0,0
BRDA:254,25,1,0
BRDA:272,26,0,0
BRDA:272,26,1,0
BRDA:282,27,0,0
BRDA:282,27,1,0
BRDA:288,28,0,0
BRDA:288,28,1,0
BRDA:289,29,0,0
BRDA:289,29,1,0
BRDA:293,30,0,0
BRDA:293,30,1,0
BRDA:304,31,0,0
BRDA:304,31,1,0
BRDA:314,32,0,0
BRDA:314,32,1,0
BRDA:315,33,0,0
BRDA:315,33,1,0
BRDA:315,33,2,0
BRDA:343,34,0,0
BRDA:343,34,1,0
BRDA:358,35,0,0
BRDA:358,35,1,0
BRDA:360,36,0,0
BRDA:360,36,1,0
BRDA:367,37,0,0
BRDA:367,37,1,0
BRDA:369,38,0,0
BRDA:369,38,1,0
BRDA:388,39,0,0
BRDA:388,39,1,0
BRDA:389,40,0,0
BRDA:389,40,1,0
BRDA:393,41,0,0
BRDA:393,41,1,0
BRDA:420,42,0,0
BRDA:420,42,1,0
BRDA:424,43,0,0
BRDA:424,43,1,0
BRDA:430,44,0,0
BRDA:430,44,1,0
BRDA:448,45,0,0
BRDA:448,45,1,0
BRDA:494,46,0,0
BRDA:494,46,1,0
BRDA:494,47,0,0
BRDA:494,47,1,0
BRF:105
BRH:0
end_of_record
TN:
SF:features/CameraRecording/services/videoStorageService.ts
FN:15,(anonymous_0)
FN:45,(anonymous_1)
FN:133,(anonymous_2)
FN:159,(anonymous_3)
FN:196,(anonymous_4)
FN:213,(anonymous_5)
FN:231,(anonymous_6)
FN:256,(anonymous_7)
FN:263,(anonymous_8)
FN:287,(anonymous_9)
FN:310,(anonymous_10)
FN:330,(anonymous_11)
FN:338,(anonymous_12)
FN:348,useVideoStorage
FNF:14
FNH:13
FNDA:53,(anonymous_0)
FNDA:30,(anonymous_1)
FNDA:24,(anonymous_2)
FNDA:12,(anonymous_3)
FNDA:22,(anonymous_4)
FNDA:5,(anonymous_5)
FNDA:2,(anonymous_6)
FNDA:4,(anonymous_7)
FNDA:13,(anonymous_8)
FNDA:4,(anonymous_9)
FNDA:3,(anonymous_10)
FNDA:69,(anonymous_11)
FNDA:39,(anonymous_12)
FNDA:0,useVideoStorage
DA:9,2
DA:10,2
DA:16,53
DA:18,53
DA:19,53
DA:20,25
DA:21,23
DA:27,51
DA:28,51
DA:29,3
DA:30,3
DA:35,2
DA:38,2
DA:59,30
DA:60,30
DA:63,30
DA:64,30
DA:65,30
DA:66,0
DA:70,30
DA:71,30
DA:72,30
DA:73,30
DA:75,30
DA:84,30
DA:90,28
DA:91,28
DA:92,1
DA:96,27
DA:97,0
DA:100,27
DA:113,27
DA:114,27
DA:116,3
DA:124,3
DA:139,24
DA:140,24
DA:141,24
DA:149,0
DA:150,0
DA:167,12
DA:168,12
DA:170,12
DA:171,12
DA:172,0
DA:175,12
DA:176,12
DA:178,12
DA:179,34
DA:180,31
DA:181,31
DA:183,31
DA:184,31
DA:196,22
DA:198,12
DA:199,12
DA:201,0
DA:204,0
DA:214,5
DA:215,5
DA:216,5
DA:217,4
DA:218,4
DA:221,0
DA:222,0
DA:232,2
DA:233,2
DA:235,2
DA:236,2
DA:237,5
DA:238,4
DA:242,2
DA:244,0
DA:247,0
DA:261,4
DA:262,4
DA:263,13
DA:266,4
DA:267,4
DA:269,4
DA:275,0
DA:278,0
DA:288,4
DA:289,4
DA:291,4
DA:292,4
DA:297,4
DA:298,4
DA:300,0
DA:301,0
DA:311,3
DA:312,3
DA:313,3
DA:314,2
DA:315,2
DA:316,5
DA:318,2
DA:321,0
DA:331,69
DA:332,69
DA:339,39
DA:340,39
DA:341,39
DA:349,0
LF:104
LH:87
BRDA:19,0,0,25
BRDA:19,0,1,28
BRDA:28,1,0,3
BRDA:28,1,1,48
BRDA:36,2,0,2
BRDA:36,2,1,0
BRDA:65,3,0,0
BRDA:65,3,1,30
BRDA:71,4,0,30
BRDA:71,4,1,0
BRDA:91,5,0,1
BRDA:91,5,1,27
BRDA:96,6,0,0
BRDA:96,6,1,27
BRDA:96,7,0,27
BRDA:96,7,1,27
BRDA:103,8,0,27
BRDA:103,8,1,0
BRDA:125,9,0,3
BRDA:125,9,1,0
BRDA:143,10,0,22
BRDA:143,10,1,2
BRDA:143,11,0,24
BRDA:143,11,1,22
BRDA:143,12,0,22
BRDA:143,12,1,1
BRDA:146,13,0,22
BRDA:146,13,1,2
BRDA:146,14,0,24
BRDA:146,14,1,22
BRDA:151,15,0,0
BRDA:151,15,1,0
BRDA:171,16,0,0
BRDA:171,16,1,12
BRDA:179,17,0,31
BRDA:179,17,1,3
BRDA:183,18,0,31
BRDA:183,18,1,0
BRDA:183,19,0,31
BRDA:183,19,1,31
BRDA:187,20,0,31
BRDA:187,20,1,0
BRDA:189,21,0,30
BRDA:189,21,1,1
BRDA:196,22,0,22
BRDA:196,22,1,1
BRDA:196,23,0,22
BRDA:196,23,1,0
BRDA:202,24,0,0
BRDA:202,24,1,0
BRDA:205,25,0,0
BRDA:205,25,1,0
BRDA:216,26,0,4
BRDA:216,26,1,1
BRDA:223,27,0,0
BRDA:223,27,1,0
BRDA:237,28,0,4
BRDA:237,28,1,1
BRDA:245,29,0,0
BRDA:245,29,1,0
BRDA:248,30,0,0
BRDA:248,30,1,0
BRDA:266,31,0,4
BRDA:266,31,1,0
BRDA:267,32,0,1
BRDA:267,32,1,3
BRDA:267,33,0,1
BRDA:267,33,1,0
BRDA:276,34,0,0
BRDA:276,34,1,0
BRDA:279,35,0,0
BRDA:279,35,1,0
BRDA:302,36,0,0
BRDA:302,36,1,0
BRDA:313,37,0,2
BRDA:313,37,1,1
BRDA:322,38,0,0
BRDA:322,38,1,0
BRDA:332,39,0,69
BRDA:332,39,1,0
BRDA:341,40,0,39
BRDA:341,40,1,0
BRF:82
BRH:48
end_of_record
TN:
SF:features/CameraRecording/types/MVPpose.ts
FNF:0
FNH:0
DA:127,1
DA:156,1
DA:186,1
LF:3
LH:3
BRF:0
BRH:0
end_of_record
TN:
SF:features/CameraRecording/types/cross-platform-state.ts
FN:201,(anonymous_0)
FN:275,(anonymous_1)
FN:276,(anonymous_2)
FN:279,(anonymous_3)
FN:302,(anonymous_4)
FN:346,(anonymous_5)
FN:350,(anonymous_6)
FN:354,(anonymous_7)
FN:358,(anonymous_8)
FN:373,(anonymous_9)
FN:432,(anonymous_10)
FN:443,(anonymous_11)
FN:470,(anonymous_12)
FN:491,(anonymous_13)
FNF:14
FNH:0
FNDA:0,(anonymous_0)
FNDA:0,(anonymous_1)
[...]
FN:68,VideoAnalysisScreen
FN:81,(anonymous_1)
FN:82,(anonymous_2)
FN:119,(anonymous_3)
FN:122,(anonymous_4)
FN:144,(anonymous_5)
FN:155,(anonymous_6)
FN:156,(anonymous_7)
FN:265,(anonymous_8)
FN:302,(anonymous_9)
FN:315,(anonymous_10)
FN:325,(anonymous_11)
FN:344,(anonymous_12)
FN:390,(anonymous_13)
FN:393,(anonymous_14)
FN:397,(anonymous_15)
FN:501,(anonymous_16)
FN:516,(anonymous_17)
FN:523,(anonymous_18)
FN:564,(anonymous_19)
FN:575,(anonymous_20)
FN:581,(anonymous_21)
FN:661,(anonymous_22)
FN:673,(anonymous_23)
FN:682,(anonymous_24)
FN:756,(anonymous_25)
FN:757,(anonymous_26)
FN:769,(anonymous_27)
FN:770,(anonymous_28)
FN:786,(anonymous_29)
FN:802,(anonymous_30)
FN:825,(anonymous_31)
FN:868,(anonymous_32)
FN:879,(anonymous_33)
FN:896,(anonymous_34)
FN:958,(anonymous_35)
FN:965,(anonymous_36)
FN:984,(anonymous_37)
FN:991,(anonymous_38)
FN:1006,(anonymous_39)
FN:1031,(anonymous_40)
FN:1032,(anonymous_41)
FN:1040,(anonymous_42)
FN:1050,(anonymous_43)
FN:1052,(anonymous_44)
FN:1070,(anonymous_45)
FN:1075,(anonymous_46)
FN:1081,(anonymous_47)
FN:1094,(anonymous_48)
FN:1101,(anonymous_49)
FN:1124,(anonymous_50)
FN:1129,(anonymous_51)
FN:1140,(anonymous_52)
FN:1192,(anonymous_53)
FN:1206,(anonymous_54)
FN:1224,(anonymous_55)
FN:1242,(anonymous_56)
FN:1253,(anonymous_57)
FN:1262,(anonymous_58)
FN:1272,(anonymous_59)
FN:1341,(anonymous_60)
FN:1343,(anonymous_61)
FN:1364,(anonymous_62)
FN:1414,(anonymous_63)
FN:1419,(anonymous_64)
FN:1424,(anonymous_65)
FN:1430,(anonymous_66)
FN:1464,(anonymous_67)
FN:1536,(anonymous_68)
FN:1582,(anonymous_69)
FN:1651,(anonymous_70)
FN:1714,(anonymous_71)
FN:1715,(anonymous_72)
FN:1716,(anonymous_73)
FN:1717,(anonymous_74)
FN:1726,(anonymous_75)
FN:1741,(anonymous_76)
FN:1745,(anonymous_77)
FNF:78
FNH:41
FNDA:154,VideoAnalysisScreen
FNDA:55,(anonymous_1)
FNDA:55,(anonymous_2)
FNDA:225,(anonymous_3)
FNDA:47,(anonymous_4)
FNDA:59,(anonymous_5)
FNDA:63,(anonymous_6)
FNDA:63,(anonymous_7)
FNDA:0,(anonymous_8)
FNDA:0,(anonymous_9)
FNDA:0,(anonymous_10)
FNDA:0,(anonymous_11)
FNDA:0,(anonymous_12)
FNDA:100,(anonymous_13)
FNDA:20,(anonymous_14)
FNDA:102,(anonymous_15)
FNDA:47,(anonymous_16)
FNDA:60,(anonymous_17)
FNDA:57,(anonymous_18)
FNDA:5,(anonymous_19)
FNDA:0,(anonymous_20)
FNDA:0,(anonymous_21)
FNDA:4,(anonymous_22)
FNDA:0,(anonymous_23)
FNDA:0,(anonymous_24)
FNDA:47,(anonymous_25)
FNDA:47,(anonymous_26)
FNDA:47,(anonymous_27)
FNDA:47,(anonymous_28)
FNDA:59,(anonymous_29)
FNDA:1,(anonymous_30)
FNDA:85,(anonymous_31)
FNDA:47,(anonymous_32)
FNDA:54,(anonymous_33)
FNDA:47,(anonymous_34)
FNDA:96,(anonymous_35)
FNDA:237,(anonymous_36)
FNDA:109,(anonymous_37)
FNDA:218,(anonymous_38)
FNDA:74,(anonymous_39)
FNDA:47,(anonymous_40)
FNDA:47,(anonymous_41)
FNDA:4,(anonymous_42)
FNDA:3,(anonymous_43)
FNDA:3,(anonymous_44)
FNDA:0,(anonymous_45)
FNDA:0,(anonymous_46)
FNDA:0,(anonymous_47)
FNDA:0,(anonymous_48)
FNDA:0,(anonymous_49)
FNDA:0,(anonymous_50)
FNDA:0,(anonymous_51)
FNDA:3,(anonymous_52)
FNDA:0,(anonymous_53)
FNDA:0,(anonymous_54)
FNDA:85,(anonymous_55)
FNDA:0,(anonymous_56)
FNDA:85,(anonymous_57)
FNDA:0,(anonymous_58)
FNDA:0,(anonymous_59)
FNDA:0,(anonymous_60)
FNDA:0,(anonymous_61)
FNDA:0,(anonymous_62)
FNDA:0,(anonymous_63)
FNDA:0,(anonymous_64)
FNDA:0,(anonymous_65)
FNDA:12,(anonymous_66)
FNDA:0,(anonymous_67)
FNDA:0,(anonymous_68)
FNDA:0,(anonymous_69)
FNDA:0,(anonymous_70)
FNDA:0,(anonymous_71)
FNDA:0,(anonymous_72)
FNDA:0,(anonymous_73)
FNDA:0,(anonymous_74)
FNDA:413,(anonymous_75)
FNDA:0,(anonymous_76)
FNDA:0,(anonymous_77)
DA:77,154
DA:78,154
DA:81,154
DA:82,55
DA:83,55
DA:84,55
DA:85,0
DA:87,0
DA:91,0
DA:103,0
DA:104,0
DA:110,55
DA:116,55
DA:119,225
DA:122,154
DA:123,47
DA:125,8
DA:126,0
DA:130,0
DA:133,8
DA:137,154
DA:138,154
DA:141,154
DA:144,154
DA:145,59
DA:149,154
DA:150,154
DA:151,154
DA:152,154
DA:155,154
DA:156,63
DA:158,63
DA:159,58
DA:160,58
DA:161,58
DA:162,39
DA:163,39
DA:170,39
DA:173,0
DA:181,24
DA:182,24
DA:183,24
DA:184,24
DA:190,24
DA:191,0
DA:192,0
DA:193,0
DA:196,0
DA:203,0
DA:204,0
DA:208,0
DA:212,0
DA:213,0
DA:214,0
DA:215,0
DA:223,0
DA:226,24
DA:233,24
DA:238,24
DA:241,63
DA:245,154
DA:248,154
DA:251,154
DA:258,154
DA:264,154
DA:267,0
DA:268,0
DA:270,0
DA:271,0
DA:272,0
DA:275,0
DA:276,0
DA:277,0
DA:280,0
DA:281,0
DA:287,0
DA:288,0
DA:289,0
DA:292,0
DA:293,0
DA:295,0
DA:302,0
DA:304,0
DA:305,0
DA:311,0
DA:315,0
DA:319,0
DA:325,154
DA:327,0
DA:328,0
DA:329,0
DA:333,0
DA:334,0
DA:337,0
DA:339,0
DA:344,0
DA:346,0
DA:347,0
DA:349,0
DA:350,0
DA:351,0
DA:352,0
DA:354,0
DA:355,0
DA:356,0
DA:361,0
DA:363,0
DA:364,0
DA:371,0
DA:381,154
DA:382,154
DA:386,154
DA:387,154
DA:390,154
DA:391,100
DA:392,100
DA:393,20
DA:394,20
DA:397,154
DA:399,102
DA:400,16
DA:401,16
DA:413,16
DA:417,86
DA:418,1
DA:419,1
DA:429,1
DA:434,85
DA:435,10
DA:436,10
DA:446,10
DA:450,75
DA:451,7
DA:452,7
DA:462,7
DA:466,68
DA:470,4
DA:471,4
DA:481,4
DA:485,64
DA:486,64
DA:490,0
DA:501,154
DA:502,47
DA:504,2
DA:506,0
DA:509,0
DA:512,2
DA:516,154
DA:517,60
DA:518,7
DA:523,154
DA:525,57
DA:532,57
DA:533,7
DA:534,7
DA:538,57
DA:539,0
DA:543,57
DA:544,3
DA:548,54
DA:549,0
DA:553,54
DA:556,54
DA:557,54
DA:558,54
DA:561,54
DA:562,49
DA:565,5
DA:572,5
DA:576,0
DA:577,0
DA:578,0
DA:583,0
DA:584,0
DA:585,0
DA:586,0
DA:588,0
DA:590,0
DA:592,0
DA:593,0
DA:609,0
DA:615,0
DA:616,0
DA:617,0
DA:624,0
DA:625,0
DA:632,0
DA:633,0
DA:640,0
DA:646,49
DA:649,49
DA:654,49
DA:658,5
DA:659,5
DA:662,4
DA:670,4
DA:674,0
DA:675,0
DA:676,0
DA:678,0
DA:679,0
DA:684,0
DA:685,0
DA:700,0
DA:701,0
DA:702,0
DA:712,0
DA:713,0
DA:719,0
DA:720,0
DA:728,0
DA:734,5
DA:737,5
DA:742,5
DA:746,0
DA:756,154
DA:757,47
DA:758,47
DA:759,47
DA:762,47
DA:763,47
DA:769,154
DA:770,47
DA:772,47
DA:773,0
DA:774,0
DA:778,47
DA:779,0
DA:780,0
DA:786,154
DA:787,59
DA:788,54
DA:797,154
DA:801,154
DA:804,1
DA:805,0
DA:819,154
DA:825,154
DA:826,85
DA:854,154
DA:855,154
DA:856,154
DA:857,154
DA:860,154
DA:863,154
DA:868,154
DA:869,47
DA:870,47
DA:871,47
DA:873,154
DA:876,154
DA:879,154
DA:880,54
DA:884,54
DA:892,54
DA:896,154
DA:897,47
DA:898,47
DA:903,47
DA:904,47
DA:916,47
DA:917,47
DA:923,154
DA:958,154
DA:960,96
DA:961,17
DA:965,237
DA:978,154
DA:979,154
DA:980,154
DA:981,154
DA:984,154
DA:985,109
DA:991,218
DA:1003,154
DA:1006,154
DA:1007,74
DA:1008,24
DA:1019,24
DA:1031,154
DA:1032,47
DA:1033,47
DA:1034,3
DA:1040,154
DA:1042,4
DA:1046,3
DA:1047,3
DA:1050,3
DA:1051,3
DA:1052,3
DA:1056,3
DA:1057,3
DA:1059,3
DA:1065,1
DA:1066,1
DA:1070,154
DA:1071,0
DA:1072,0
DA:1075,154
DA:1076,0
DA:1077,0
DA:1080,154
DA:1082,0
DA:1088,0
DA:1089,0
DA:1094,154
DA:1095,0
DA:1096,0
DA:1097,0
DA:1100,154
DA:1102,0
DA:1112,0
DA:1124,154
DA:1129,154
DA:1131,0
DA:1133,0
DA:1134,0
DA:1139,154
DA:1141,3
DA:1142,3
DA:1143,0
DA:1147,0
DA:1150,3
DA:1160,3
DA:1161,0
DA:1164,3
DA:1165,3
DA:1166,3
DA:1169,3
DA:1173,3
DA:1175,3
DA:1179,3
DA:1192,3
DA:1193,0
DA:1206,154
DA:1207,0
DA:1213,0
DA:1214,0
DA:1217,0
DA:1218,0
DA:1219,0
DA:1224,154
DA:1225,85
DA:1227,85
DA:1229,0
DA:1230,0
DA:1232,0
DA:1240,0
DA:1242,0
DA:1243,0
DA:1244,0
DA:1245,0
DA:1249,0
DA:1253,85
DA:1254,85
DA:1255,0
DA:1261,154
DA:1263,0
DA:1272,0
DA:1273,0
DA:1274,0
DA:1277,0
DA:1279,0
DA:1295,0
DA:1297,0
DA:1301,0
DA:1304,0
DA:1305,0
DA:1306,0
DA:1307,0
DA:1340,154
DA:1343,0
DA:1345,0
DA:1346,0
DA:1349,0
DA:1350,0
DA:1353,0
DA:1354,0
DA:1364,0
DA:1365,0
DA:1366,0
DA:1369,0
DA:1371,0
DA:1372,0
DA:1382,0
DA:1385,0
DA:1386,0
DA:1387,0
DA:1388,0
DA:1399,0
DA:1414,154
DA:1415,0
DA:1416,0
DA:1419,154
DA:1420,0
DA:1421,0
DA:1424,154
DA:1425,0
DA:1426,0
DA:1429,154
DA:1431,12
DA:1438,12
DA:1439,1
DA:1442,1
DA:1446,11
DA:1447,11
DA:1450,11
DA:1451,11
DA:1452,11
DA:1455,11
DA:1456,11
DA:1457,11
DA:1460,11
DA:1463,11
DA:1464,11
DA:1469,154
DA:1539,0
DA:1583,0
DA:1590,0
DA:1591,0
DA:1592,0
DA:1598,0
DA:1599,0
DA:1603,0
DA:1606,0
DA:1607,0
DA:1652,0
DA:1653,0
DA:1654,0
DA:1714,0
DA:1715,0
DA:1716,0
DA:1717,0
DA:1726,413
DA:1742,0
DA:1743,0
DA:1746,0
DA:1747,0
DA:1748,0
LF:440
LH:236
BRDA:72,0,0,81
BRDA:87,1,0,0
BRDA:87,1,1,0
BRDA:87,2,0,0
BRDA:87,2,1,0
BRDA:103,3,0,0
BRDA:103,3,1,0
BRDA:111,4,0,0
BRDA:111,4,1,55
BRDA:123,5,0,39
BRDA:123,5,1,8
BRDA:125,6,0,0
BRDA:125,6,1,8
BRDA:137,7,0,154
BRDA:137,7,1,36
BRDA:138,8,0,154
BRDA:138,8,1,36
BRDA:145,9,0,59
BRDA:145,9,1,8
BRDA:145,9,2,5
BRDA:158,10,0,58
BRDA:158,10,1,5
BRDA:161,11,0,39
BRDA:161,11,1,19
BRDA:175,12,0,0
BRDA:175,12,1,0
BRDA:181,13,0,24
BRDA:181,13,1,0
BRDA:183,14,0,24
BRDA:183,14,1,0
BRDA:191,15,0,0
BRDA:191,15,1,0
BRDA:203,16,0,0
BRDA:203,16,1,0
BRDA:203,17,0,0
BRDA:203,17,1,0
BRDA:213,18,0,0
BRDA:213,18,1,0
BRDA:228,19,0,24
BRDA:228,19,1,0
BRDA:270,20,0,0
BRDA:270,20,1,0
BRDA:275,21,0,0
BRDA:275,21,1,0
BRDA:280,22,0,0
BRDA:280,22,1,0
BRDA:304,23,0,0
BRDA:304,23,1,0
BRDA:327,24,0,0
BRDA:327,24,1,0
BRDA:333,25,0,0
BRDA:333,25,1,0
BRDA:346,26,0,0
BRDA:346,26,1,0
BRDA:350,27,0,0
BRDA:350,27,1,0
BRDA:355,28,0,0
BRDA:355,28,1,0
BRDA:363,29,0,0
BRDA:363,29,1,0
BRDA:372,30,0,0
BRDA:372,30,1,0
BRDA:386,31,0,154
BRDA:386,31,1,120
BRDA:392,32,0,80
BRDA:392,32,1,20
BRDA:392,33,0,100
BRDA:392,33,1,100
BRDA:393,34,0,0
BRDA:393,34,1,20
BRDA:399,35,0,16
BRDA:399,35,1,86
BRDA:400,36,0,16
BRDA:400,36,1,0
BRDA:406,37,0,16
BRDA:406,37,1,0
BRDA:417,38,0,1
BRDA:417,38,1,85
BRDA:418,39,0,1
BRDA:418,39,1,0
BRDA:434,40,0,10
BRDA:434,40,1,75
BRDA:434,41,0,85
BRDA:434,41,1,17
BRDA:434,41,2,7
BRDA:435,42,0,10
BRDA:435,42,1,0
BRDA:450,43,0,7
BRDA:450,43,1,68
BRDA:450,44,0,75
BRDA:450,44,1,7
BRDA:450,44,2,3
BRDA:451,45,0,7
BRDA:451,45,1,0
BRDA:466,46,0,4
BRDA:466,46,1,64
BRDA:467,47,0,68
BRDA:467,47,1,4
BRDA:467,47,2,2
BRDA:470,48,0,4
BRDA:470,48,1,0
BRDA:485,49,0,64
BRDA:485,49,1,0
BRDA:485,50,0,64
BRDA:485,50,1,64
BRDA:502,51,0,45
BRDA:502,51,1,2
BRDA:504,52,0,0
BRDA:504,52,1,2
BRDA:508,53,0,0
BRDA:508,53,1,0
BRDA:509,54,0,0
BRDA:509,54,1,0
BRDA:517,55,0,7
BRDA:517,55,1,53
BRDA:525,56,0,49
BRDA:525,56,1,8
BRDA:527,57,0,8
BRDA:527,57,1,0
BRDA:532,58,0,7
BRDA:532,58,1,50
BRDA:532,59,0,57
BRDA:532,59,1,10
BRDA:538,60,0,0
BRDA:538,60,1,57
BRDA:543,61,0,3
BRDA:543,61,1,54
BRDA:548,62,0,0
BRDA:548,62,1,54
BRDA:561,63,0,49
BRDA:561,63,1,5
BRDA:577,64,0,0
BRDA:577,64,1,0
BRDA:583,65,0,0
BRDA:583,65,1,0
BRDA:585,66,0,0
BRDA:585,66,1,0
BRDA:585,67,0,0
BRDA:585,67,1,0
BRDA:592,68,0,0
BRDA:592,68,1,0
BRDA:604,69,0,0
BRDA:604,69,1,0
BRDA:616,70,0,0
BRDA:616,70,1,0
BRDA:621,71,0,0
BRDA:621,71,1,0
BRDA:624,72,0,0
BRDA:624,72,1,0
BRDA:629,73,0,0
BRDA:629,73,1,0
BRDA:632,74,0,0
BRDA:632,74,1,0
BRDA:632,75,0,0
BRDA:632,75,1,0
BRDA:658,76,0,5
BRDA:658,76,1,0
BRDA:675,77,0,0
BRDA:675,77,1,0
BRDA:678,78,0,0
BRDA:678,78,1,0
BRDA:684,79,0,0
BRDA:684,79,1,0
BRDA:701,80,0,0
BRDA:701,80,1,0
BRDA:712,81,0,0
BRDA:712,81,1,0
BRDA:719,82,0,0
BRDA:719,82,1,0
BRDA:719,83,0,0
BRDA:719,83,1,0
BRDA:758,84,0,47
BRDA:758,84,1,0
BRDA:772,85,0,0
BRDA:772,85,1,47
BRDA:778,86,0,0
BRDA:778,86,1,47
BRDA:787,87,0,54
BRDA:787,87,1,5
BRDA:801,88,0,154
BRDA:801,88,1,142
BRDA:804,89,0,0
BRDA:804,89,1,1
BRDA:804,90,0,1
BRDA:804,90,1,0
BRDA:829,91,0,12
BRDA:829,91,1,73
BRDA:881,92,0,54
BRDA:881,92,1,4
BRDA:897,93,0,47
BRDA:897,93,1,0
BRDA:903,94,0,47
BRDA:903,94,1,0
BRDA:903,95,0,47
BRDA:903,95,1,0
BRDA:916,96,0,47
BRDA:916,96,1,0
BRDA:960,97,0,17
BRDA:960,97,1,79
BRDA:1003,98,0,154
BRDA:1003,98,1,4
BRDA:1007,99,0,24
BRDA:1007,99,1,50
BRDA:1007,100,0,74
BRDA:1007,100,1,27
BRDA:1033,101,0,3
BRDA:1033,101,1,44
BRDA:1042,102,0,3
BRDA:1042,102,1,1
BRDA:1042,103,0,4
BRDA:1042,103,1,4
BRDA:1051,104,0,3
BRDA:1051,104,1,0
BRDA:1133,105,0,0
BRDA:1133,105,1,0
BRDA:1142,106,0,0
BRDA:1142,106,1,3
BRDA:1160,107,0,0
BRDA:1160,107,1,3
BRDA:1175,108,0,0
BRDA:1175,108,1,3
BRDA:1175,109,0,3
BRDA:1175,109,1,3
BRDA:1184,110,0,0
BRDA:1184,110,1,3
BRDA:1186,111,0,3
BRDA:1186,111,1,0
BRDA:1217,112,0,0
BRDA:1217,112,1,0
BRDA:1227,113,0,0
BRDA:1227,113,1,85
BRDA:1227,114,0,85
BRDA:1227,114,1,57
BRDA:1240,115,0,0
BRDA:1240,115,1,0
BRDA:1243,116,0,0
BRDA:1243,116,1,0
BRDA:1243,117,0,0
BRDA:1243,117,1,0
BRDA:1254,118,0,0
BRDA:1254,118,1,85
BRDA:1277,119,0,0
BRDA:1277,119,1,0
BRDA:1277,119,2,0
BRDA:1288,120,0,0
BRDA:1288,120,1,0
BRDA:1290,121,0,0
BRDA:1290,121,1,0
BRDA:1295,122,0,0
BRDA:1295,122,1,0
BRDA:1304,123,0,0
BRDA:1304,123,1,0
BRDA:1345,124,0,0
BRDA:1345,124,1,0
BRDA:1353,125,0,0
BRDA:1353,125,1,0
BRDA:1353,126,0,0
BRDA:1353,126,1,0
BRDA:1369,127,0,0
BRDA:1369,127,1,0
BRDA:1369,127,2,0
BRDA:1371,128,0,0
BRDA:1371,128,1,0
BRDA:1379,129,0,0
BRDA:1379,129,1,0
BRDA:1385,130,0,0
BRDA:1385,130,1,0
BRDA:1438,131,0,1
BRDA:1438,131,1,11
BRDA:1476,132,0,154
BRDA:1476,132,1,0
BRDA:1476,132,2,0
BRDA:1523,133,0,0
BRDA:1523,133,1,0
BRDA:1560,134,0,154
BRDA:1560,134,1,154
BRDA:1573,135,0,154
BRDA:1573,135,1,154
BRDA:1590,136,0,0
BRDA:1590,136,1,0
BRDA:1613,137,0,154
BRDA:1613,137,1,12
BRDA:1629,138,0,3
BRDA:1629,138,1,151
BRDA:1629,139,0,154
BRDA:1629,139,1,3
BRDA:1629,139,2,3
BRDA:1647,140,0,154
BRDA:1647,140,1,6
BRDA:1647,140,2,6
BRDA:1663,141,0,154
BRDA:1663,141,1,154
BRDA:1686,142,0,154
BRDA:1686,142,1,66
BRDA:1686,142,2,31
BRDA:1753,143,0,154
BRDA:1753,143,1,0
BRF:297
BRH:139
end_of_record
TN:
SF:features/VideoAnalysis/hooks/useAudioController.ts
FN:29,useAudioController
FN:42,(anonymous_1)
FN:70,(anonymous_2)
FN:75,(anonymous_3)
FN:81,(anonymous_4)
FN:96,(anonymous_5)
FN:111,(anonymous_6)
FN:122,(anonymous_7)
FN:128,(anonymous_8)
FN:133,(anonymous_9)
FN:142,(anonymous_10)
FNF:11
FNH:11
FNDA:137,useAudioController
FNDA:45,(anonymous_1)
FNDA:6,(anonymous_2)
FNDA:2,(anonymous_3)
FNDA:4,(anonymous_4)
FNDA:4,(anonymous_5)
FNDA:1,(anonymous_6)
FNDA:1,(anonymous_7)
FNDA:1,(anonymous_8)
FNDA:3,(anonymous_9)
FNDA:1,(anonymous_10)
DA:33,137
DA:34,137
DA:35,137
DA:36,137
DA:37,137
DA:39,137
DA:42,137
DA:43,45
DA:44,14
DA:50,14
DA:52,0
DA:53,0
DA:54,0
DA:55,0
DA:56,0
DA:60,14
DA:61,14
DA:62,14
DA:63,14
DA:66,14
DA:70,137
DA:71,6
DA:72,6
DA:75,137
DA:76,2
DA:77,2
DA:78,2
DA:81,137
DA:82,4
DA:83,4
DA:87,4
DA:88,4
DA:89,4
DA:91,0
DA:95,137
DA:97,4
DA:99,4
DA:100,3
DA:102,1
DA:105,1
DA:111,137
DA:112,1
DA:113,1
DA:114,1
DA:117,1
DA:118,0
DA:122,137
DA:123,1
DA:124,1
DA:125,1
DA:128,137
DA:129,1
DA:130,1
DA:133,137
DA:134,3
DA:135,3
DA:136,3
DA:138,0
DA:142,137
DA:143,1
DA:144,1
DA:145,1
DA:146,1
DA:147,1
DA:148,1
DA:151,137
LF:66
LH:58
BRDA:43,0,0,14
BRDA:43,0,1,31
BRDA:50,1,0,0
BRDA:50,1,1,14
BRDA:87,2,0,4
BRDA:87,2,1,0
BRDA:87,3,0,4
BRDA:87,3,1,4
BRDA:99,4,0,3
BRDA:99,4,1,1
BRDA:99,5,0,4
BRDA:99,5,1,4
BRDA:117,6,0,0
BRDA:117,6,1,1
BRDA:134,7,0,3
BRDA:134,7,1,0
BRDA:134,8,0,3
BRDA:134,8,1,3
BRF:18
BRH:14
end_of_record
TN:
SF:features/VideoAnalysis/hooks/useFeedbackAudioSource.ts
FN:25,useFeedbackAudioSource
FN:33,(anonymous_1)
FN:37,(anonymous_2)
FN:44,(anonymous_3)
FN:51,(anonymous_4)
FN:78,(anonymous_5)
FN:80,(anonymous_6)
FN:89,(anonymous_7)
FN:98,(anonymous_8)
FN:104,(anonymous_9)
FN:111,(anonymous_10)
FN:113,(anonymous_11)
FN:119,(anonymous_12)
FN:126,(anonymous_13)
FN:146,(anonymous_14)
FN:153,(anonymous_15)
FN:155,(anonymous_16)
FNF:17
FNH:2
FNDA:60,useFeedbackAudioSource
FNDA:35,(anonymous_1)
FNDA:0,(anonymous_2)
FNDA:0,(anonymous_3)
FNDA:0,(anonymous_4)
FNDA:0,(anonymous_5)
FNDA:0,(anonymous_6)
FNDA:0,(anonymous_7)
FNDA:0,(anonymous_8)
FNDA:0,(anonymous_9)
FNDA:0,(anonymous_10)
FNDA:0,(anonymous_11)
FNDA:0,(anonymous_12)
FNDA:0,(anonymous_13)
FNDA:0,(anonymous_14)
FNDA:0,(anonymous_15)
FNDA:0,(anonymous_16)
DA:23,3
DA:28,60
DA:29,60
DA:30,60
DA:31,60
DA:33,60
DA:34,35
DA:38,0
DA:39,0
DA:40,0
DA:44,0
DA:51,35
DA:52,0
DA:53,0
DA:57,0
DA:60,0
DA:61,0
DA:62,0
DA:65,0
DA:66,0
DA:69,0
DA:70,0
DA:71,0
DA:72,0
DA:75,0
DA:77,0
DA:79,0
DA:80,0
DA:81,0
DA:82,0
DA:85,0
DA:86,0
DA:89,0
DA:90,0
DA:91,0
DA:93,0
DA:94,0
DA:95,0
DA:98,0
DA:100,0
DA:104,0
DA:105,0
DA:112,0
DA:113,0
DA:114,0
DA:120,0
DA:125,60
DA:127,0
DA:128,0
DA:129,0
DA:133,0
DA:136,0
DA:141,0
DA:146,60
DA:147,0
DA:150,0
DA:153,60
DA:154,0
DA:155,0
DA:156,0
DA:157,0
DA:160,0
DA:161,0
DA:162,0
DA:166,60
LF:65
LH:12
BRDA:38,0,0,0
BRDA:38,0,1,0
BRDA:39,1,0,0
BRDA:39,1,1,0
BRDA:52,2,0,0
BRDA:52,2,1,0
BRDA:52,3,0,0
BRDA:52,3,1,0
BRDA:61,4,0,0
BRDA:61,4,1,0
BRDA:65,5,0,0
BRDA:65,5,1,0
BRDA:65,6,0,0
BRDA:65,6,1,0
BRDA:70,7,0,0
BRDA:70,7,1,0
BRDA:79,8,0,0
BRDA:79,8,1,0
BRDA:81,9,0,0
BRDA:81,9,1,0
BRDA:90,10,0,0
BRDA:90,10,1,0
BRDA:98,11,0,0
BRDA:98,11,1,0
BRDA:112,12,0,0
BRDA:112,12,1,0
BRDA:128,13,0,0
BRDA:128,13,1,0
BRDA:156,14,0,0
BRDA:156,14,1,0
BRF:30
BRH:0
end_of_record
TN:
SF:features/VideoAnalysis/hooks/useFeedbackStatusIntegration.ts
FN:15,useFeedbackStatusIntegration
FN:18,(anonymous_1)
FN:19,(anonymous_2)
FN:20,(anonymous_3)
FN:35,(anonymous_4)
FN:57,(anonymous_5)
FN:72,(anonymous_6)
FN:81,(anonymous_7)
FN:97,(anonymous_8)
FN:107,(anonymous_9)
FN:114,(anonymous_10)
FN:175,(anonymous_11)
FN:184,(anonymous_12)
FN:199,(anonymous_13)
FN:202,(anonymous_14)
FN:203,(anonymous_15)
FN:216,(anonymous_16)
FN:230,(anonymous_17)
FN:242,(anonymous_18)
FN:244,(anonymous_19)
FN:245,(anonymous_20)
FN:247,(anonymous_21)
FN:250,(anonymous_22)
FN:253,(anonymous_23)
FN:268,(anonymous_24)
FN:273,(anonymous_25)
FN:294,(anonymous_26)
FN:324,useGlobalFeedbackStatus
FNF:28
FNH:16
FNDA:64,useFeedbackStatusIntegration
FNDA:193,(anonymous_1)
FNDA:193,(anonymous_2)
FNDA:193,(anonymous_3)
FNDA:23,(anonymous_4)
FNDA:7,(anonymous_5)
FNDA:8,(anonymous_6)
FNDA:1,(anonymous_7)
FNDA:7,(anonymous_8)
FNDA:23,(anonymous_9)
FNDA:23,(anonymous_10)
FNDA:7,(anonymous_11)
FNDA:7,(anonymous_12)
FNDA:30,(anonymous_13)
FNDA:39,(anonymous_14)
FNDA:0,(anonymous_15)
FNDA:0,(anonymous_16)
FNDA:0,(anonymous_17)
FNDA:39,(anonymous_18)
FNDA:0,(anonymous_19)
FNDA:0,(anonymous_20)
FNDA:0,(anonymous_21)
FNDA:0,(anonymous_22)
FNDA:0,(anonymous_23)
FNDA:0,(anonymous_24)
FNDA:0,(anonymous_25)
FNDA:0,(anonymous_26)
FNDA:0,useGlobalFeedbackStatus
DA:18,193
DA:19,193
DA:20,193
DA:21,64
DA:22,64
DA:23,64
DA:29,64
DA:30,64
DA:31,64
DA:32,64
DA:35,64
DA:36,23
DA:37,23
DA:39,23
DA:40,16
DA:43,16
DA:44,16
DA:45,16
DA:46,16
DA:47,16
DA:48,16
DA:51,7
DA:57,7
DA:58,7
DA:59,7
DA:60,7
DA:61,7
DA:66,7
DA:69,7
DA:71,7
DA:72,8
DA:82,1
DA:83,1
DA:84,1
DA:85,1
DA:88,1
DA:92,0
DA:97,7
DA:98,7
DA:102,7
DA:107,64
DA:108,23
DA:109,0
DA:114,64
DA:115,23
DA:116,16
DA:120,7
DA:121,0
DA:125,0
DA:129,7
DA:130,7
DA:131,0
DA:135,0
DA:137,7
DA:141,7
DA:144,7
DA:145,0
DA:154,0
DA:157,7
DA:158,0
DA:162,0
DA:166,7
DA:167,7
DA:169,7
DA:172,7
DA:176,7
DA:181,7
DA:184,7
DA:185,7
DA:190,7
DA:192,7
DA:193,7
DA:199,64
DA:202,64
DA:203,39
DA:214,39
DA:215,39
DA:217,0
DA:218,0
DA:219,0
DA:220,0
DA:221,0
DA:226,39
DA:230,0
DA:238,39
DA:242,64
DA:243,39
DA:244,39
DA:245,39
DA:246,39
DA:247,0
DA:249,39
DA:250,0
DA:252,39
DA:253,0
DA:256,39
DA:268,64
DA:269,0
DA:270,0
DA:273,64
DA:274,0
DA:275,0
DA:277,0
DA:278,0
DA:279,0
DA:283,0
DA:284,0
DA:285,0
DA:288,0
DA:289,0
DA:290,0
DA:294,64
DA:295,0
DA:296,0
DA:297,0
DA:301,64
DA:325,0
DA:326,0
DA:328,0
DA:329,0
DA:330,0
DA:332,0
LF:122
LH:81
BRDA:39,0,0,16
BRDA:39,0,1,7
BRDA:66,1,0,7
BRDA:66,1,1,1
BRDA:85,2,0,1
BRDA:85,2,1,0
BRDA:88,3,0,0
BRDA:88,3,1,1
BRDA:89,4,0,1
BRDA:89,4,1,1
BRDA:89,4,2,1
BRDA:89,4,3,1
BRDA:108,5,0,0
BRDA:108,5,1,23
BRDA:108,6,0,23
BRDA:108,6,1,7
BRDA:115,7,0,16
BRDA:115,7,1,7
BRDA:120,8,0,0
BRDA:120,8,1,7
BRDA:130,9,0,0
BRDA:130,9,1,7
BRDA:141,10,0,7
BRDA:141,10,1,0
BRDA:141,10,2,0
BRDA:141,10,3,0
BRDA:144,11,0,0
BRDA:144,11,1,7
BRDA:157,12,0,0
BRDA:157,12,1,7
BRDA:190,13,0,7
BRDA:190,13,1,0
BRDA:214,14,0,39
BRDA:214,14,1,0
BRDA:217,15,0,0
BRDA:217,15,1,0
BRDA:218,16,0,0
BRDA:218,16,1,0
BRDA:219,17,0,0
BRDA:219,17,1,0
BRDA:220,18,0,0
BRDA:220,18,1,0
BRDA:247,19,0,0
BRDA:247,19,1,0
BRDA:250,20,0,0
BRDA:250,20,1,0
BRDA:253,21,0,0
BRDA:253,21,1,0
BRDA:263,22,0,0
BRDA:263,22,1,39
BRDA:277,23,0,0
BRDA:277,23,1,0
BRDA:283,24,0,0
BRDA:283,24,1,0
BRDA:288,25,0,0
BRDA:288,25,1,0
BRDA:295,26,0,0
BRDA:295,26,1,0
BRDA:311,27,0,64
BRDA:311,27,1,0
BRDA:328,28,0,0
BRDA:328,28,1,0
BRDA:329,29,0,0
BRDA:329,29,1,0
BRF:64
BRH:24
end_of_record
TN:
SF:features/VideoAnalysis/hooks/useVideoAudioSync.ts
FN:14,useVideoAudioSync
FNF:1
FNH:1
FNDA:124,useVideoAudioSync
DA:19,124
DA:23,124
DA:26,124
DA:29,124
DA:37,124
LF:5
LH:5
BRDA:19,0,0,124
BRDA:19,0,1,29
BRF:2
BRH:2
end_of_record
